
## 2026-06-01T11:12:51Z
=== Job Crawler Starting ===
Time: 2026-06-01T11:11:39.236Z
Existing jobs in sheet: 7254
[RemoteOK] Found 0 jobs
[Remotive] Found 0 jobs
[WeWorkRemotely] Found 0 jobs
[Company-Direct] Found 0 jobs from GitLab
[JapanDev] Found 0 jobs
[Company-Direct] Found 1 jobs from Cloudflare
[Company-Direct] Found 0 jobs from Figma
[Company-Direct] Found 0 jobs from Stripe
[Company-Direct] Found 0 jobs from Vercel
[BankNeo] Found 0 jobs (0 total)
[Company-Direct] Found 0 jobs from Speechify
[Company-Direct] Found 0 jobs from CircleCI
[Company-Direct] Found 0 jobs from Consensys
[Company-Direct] Found 0 jobs from Modern Health
[Kalibrr] Query "software engineer": found 50 jobs (total: 1044)
[Company-Direct] Found 0 jobs from ReCharge
[Company-Direct] Found 1 jobs from Xendit
[Company-Direct] Found 1 jobs from Agoda
[Company-Direct] Found 1 jobs from Twilio
[Company-Direct] Found 0 jobs from Remote
[Company-Direct] Found 0 jobs from Imply
[Company-Direct] Found 0 jobs from Netflix
[Kalibrr] Query "backend engineer": found 50 jobs (total: 1044)
[Kalibrr] Query "fullstack developer": found 50 jobs (total: 1044)
[Kalibrr] Total: 0 jobs from 3 queries
[JSearch] Query "software engineer": found 10 jobs
[TechInAsia] Found 1 jobs (total available: 354)
[Blibli] Found 24 jobs (24 engineering out of 152 total)
[Company-Direct] Found 164 jobs from Jobgether
[Company-Direct] Found 0 jobs from Kraken
[Company-Direct] Found 0 jobs from Medium
[Company-Direct] Error crawling Skillshare: Lever API responded with status 404 for Skillshare
[Company-Direct] Found 0 jobs from Tiket
[Company-Direct] Found 0 jobs from Xsolla
[Company-Direct] Found 0 jobs from Notion
[Company-Direct] Found 0 jobs from Ramp
[Company-Direct] Found 0 jobs from Linear
[Company-Direct] Found 0 jobs from Deel
[Company-Direct] Found 0 jobs from Pave
[Company-Direct] Found 0 jobs from Bespoke Labs
[Company-Direct] Found 0 jobs from Snowflake
[Company-Direct] Found 0 jobs from Perplexity AI
[Company-Direct] Found 0 jobs from Lavendo
[Company-Direct] Found 0 jobs from Employment Hero
[Company-Direct] Found 20 jobs from Ajaib
[JSearch] Error for query "backend engineer": JSearch API responded with status 504 for query "backend engineer"
[Company-Direct] Found 23 jobs from Stockbit
[Company-Direct] Found 0 jobs from Traveloka
[Company-Direct] Found 0 jobs from Dana
[Company-Direct] Found 0 jobs from Halodoc
[Company-Direct] Found 0 jobs from Kredivo
[Company-Direct] Found 0 jobs from Mitrais
[Company-Direct] Found 0 jobs from TabSquare
[Company-Direct] Found 4 jobs from Grab
[Company-Direct] Found 0 jobs from Wise
[Company-Direct] Found 0 jobs from Kata.ai
[Company-Direct] Found 0 jobs from Carousell
[Company-Direct] Found 2 jobs from Bookipi
[Company-Direct] Found 2 jobs from Shippit
[JSearch] Error for query "fullstack developer": JSearch API responded with status 504 for query "fullstack developer"
[JSearch] Total: 10 jobs from 3 queries
RemoteOK: 0 jobs, 0 errors
Remotive: 0 jobs, 0 errors
Greenhouse: 219 jobs, 1 errors
JapanDev: 0 jobs, 0 errors
WeWorkRemotely: 0 jobs, 0 errors
TechInAsia: 1 jobs, 0 errors
Kalibrr: 0 jobs, 0 errors
Blibli: 24 jobs, 0 errors
BankNeo: 0 jobs, 0 errors
JSearch: 10 jobs, 2 errors

Total raw jobs collected: 254
After filtering: 41 jobs
After deduplication: 29 new jobs
Appended 29 jobs to Google Sheets

Errors (3):
  - Skillshare crawl failed: Lever API responded with status 404 for Skillshare
  - JSearch query "backend engineer" failed: JSearch API responded with status 504 for query "backend engineer"
  - JSearch query "fullstack developer" failed: JSearch API responded with status 504 for query "fullstack developer"

=== Job Crawler Complete ===

## 2026-06-01T17:20:32Z
=== Job Crawler Starting ===
Time: 2026-06-01T17:19:56.555Z
Existing jobs in sheet: 7283
[Remotive] Found 0 jobs
[RemoteOK] Found 0 jobs
[WeWorkRemotely] Found 0 jobs
[Company-Direct] Found 1 jobs from GitLab
[Company-Direct] Found 1 jobs from Cloudflare
[Company-Direct] Found 0 jobs from Figma
[Company-Direct] Found 0 jobs from Stripe
[JapanDev] Found 0 jobs
[Company-Direct] Found 1 jobs from Vercel
[TechInAsia] Error: TechInAsia API responded with status 403
[Company-Direct] Found 0 jobs from Speechify
[Company-Direct] Found 0 jobs from CircleCI
[Company-Direct] Found 0 jobs from Consensys
[Company-Direct] Found 0 jobs from Modern Health
[Company-Direct] Found 0 jobs from ReCharge
[Company-Direct] Found 1 jobs from Xendit
[Company-Direct] Found 0 jobs from Agoda
[Company-Direct] Found 26 jobs from Twilio
[BankNeo] Found 0 jobs (0 total)
[Company-Direct] Found 0 jobs from Remote
[Kalibrr] Query "software engineer": found 50 jobs (total: 1044)
[Kalibrr] Query "backend engineer": found 50 jobs (total: 1044)
[Kalibrr] Query "fullstack developer": found 50 jobs (total: 1044)
[Kalibrr] Total: 0 jobs from 3 queries
[Company-Direct] Found 0 jobs from Imply
[Company-Direct] Found 0 jobs from Netflix
[Company-Direct] Found 353 jobs from Jobgether
[Company-Direct] Found 0 jobs from Kraken
[Company-Direct] Found 0 jobs from Medium
[Company-Direct] Error crawling Skillshare: Lever API responded with status 404 for Skillshare
[Company-Direct] Found 0 jobs from Tiket
[Company-Direct] Found 0 jobs from Xsolla
[Company-Direct] Found 0 jobs from Notion
[Company-Direct] Found 0 jobs from Ramp
[Company-Direct] Found 0 jobs from Linear
[Company-Direct] Found 0 jobs from Deel
[Company-Direct] Found 0 jobs from Pave
[Company-Direct] Found 0 jobs from Bespoke Labs
[Company-Direct] Found 0 jobs from Snowflake
[Company-Direct] Found 0 jobs from Perplexity AI
[Company-Direct] Found 0 jobs from Lavendo
[Company-Direct] Found 0 jobs from Employment Hero
[Company-Direct] Found 20 jobs from Ajaib
[JSearch] Query "software engineer": found 10 jobs
[Blibli] Found 24 jobs (24 engineering out of 152 total)
[Company-Direct] Found 23 jobs from Stockbit
[Company-Direct] Found 0 jobs from Traveloka
[Company-Direct] Found 0 jobs from Dana
[Company-Direct] Found 0 jobs from Halodoc
[Company-Direct] Found 0 jobs from Kredivo
[Company-Direct] Found 0 jobs from Mitrais
[Company-Direct] Found 0 jobs from TabSquare
[Company-Direct] Found 4 jobs from Grab
[Company-Direct] Found 0 jobs from Wise
[Company-Direct] Found 0 jobs from Kata.ai
[JSearch] Query "backend engineer": found 10 jobs
[Company-Direct] Found 2 jobs from Carousell
[Company-Direct] Found 2 jobs from Bookipi
[Company-Direct] Found 2 jobs from Shippit
[JSearch] Query "fullstack developer": found 10 jobs
[JSearch] Total: 30 jobs from 3 queries
RemoteOK: 0 jobs, 0 errors
Remotive: 0 jobs, 0 errors
Greenhouse: 436 jobs, 1 errors
JapanDev: 0 jobs, 0 errors
WeWorkRemotely: 0 jobs, 0 errors
TechInAsia: 0 jobs, 1 errors
Kalibrr: 0 jobs, 0 errors
Blibli: 24 jobs, 0 errors
BankNeo: 0 jobs, 0 errors
JSearch: 30 jobs, 0 errors

Total raw jobs collected: 490
After filtering: 90 jobs
After deduplication: 41 new jobs
Appended 41 jobs to Google Sheets

Errors (2):
  - Skillshare crawl failed: Lever API responded with status 404 for Skillshare
  - TechInAsia crawl failed: TechInAsia API responded with status 403

=== Job Crawler Complete ===

## 2026-06-01T21:22:51Z
=== Job Crawler Starting ===
Time: 2026-06-01T21:21:45.461Z
Existing jobs in sheet: 7324
[Remotive] Found 0 jobs
[RemoteOK] Found 0 jobs
[WeWorkRemotely] Found 0 jobs
[Company-Direct] Found 1 jobs from GitLab
[Company-Direct] Found 4 jobs from Cloudflare
[Company-Direct] Found 1 jobs from Figma
[JapanDev] Found 0 jobs
[Company-Direct] Found 0 jobs from Stripe
[Company-Direct] Found 31 jobs from Vercel
[Company-Direct] Found 0 jobs from Speechify
[Kalibrr] Query "software engineer": found 50 jobs (total: 1029)
[BankNeo] Found 0 jobs (0 total)
[Company-Direct] Found 0 jobs from CircleCI
[Company-Direct] Found 0 jobs from Consensys
[Company-Direct] Found 0 jobs from Modern Health
[Company-Direct] Found 0 jobs from ReCharge
[Kalibrr] Query "backend engineer": found 50 jobs (total: 1029)
[Kalibrr] Query "fullstack developer": found 50 jobs (total: 1029)
[Kalibrr] Total: 0 jobs from 3 queries
[Company-Direct] Found 1 jobs from Xendit
[JSearch] Query "software engineer": found 10 jobs
[Company-Direct] Found 0 jobs from Agoda
[Company-Direct] Found 28 jobs from Twilio
[Company-Direct] Found 0 jobs from Remote
[Company-Direct] Found 0 jobs from Imply
[Company-Direct] Found 0 jobs from Netflix
[TechInAsia] Found 5 jobs (total available: 350)
[Blibli] Found 24 jobs (24 engineering out of 151 total)
[JSearch] Query "backend engineer": found 10 jobs
[JSearch] Query "fullstack developer": found 10 jobs
[JSearch] Total: 30 jobs from 3 queries
[Company-Direct] Found 362 jobs from Jobgether
[Company-Direct] Found 0 jobs from Kraken
[Company-Direct] Found 0 jobs from Medium
[Company-Direct] Error crawling Skillshare: Lever API responded with status 404 for Skillshare
[Company-Direct] Found 0 jobs from Tiket
[Company-Direct] Found 0 jobs from Xsolla
[Company-Direct] Found 0 jobs from Notion
[Company-Direct] Found 0 jobs from Ramp
[Company-Direct] Found 0 jobs from Linear
[Company-Direct] Found 0 jobs from Deel
[Company-Direct] Found 0 jobs from Pave
[Company-Direct] Found 0 jobs from Bespoke Labs
[Company-Direct] Found 0 jobs from Snowflake
[Company-Direct] Found 0 jobs from Perplexity AI
[Company-Direct] Found 0 jobs from Lavendo
[Company-Direct] Found 0 jobs from Employment Hero
[Company-Direct] Found 20 jobs from Ajaib
[Company-Direct] Found 23 jobs from Stockbit
[Company-Direct] Found 0 jobs from Traveloka
[Company-Direct] Found 0 jobs from Dana
[Company-Direct] Found 0 jobs from Halodoc
[Company-Direct] Found 0 jobs from Kredivo
[Company-Direct] Found 0 jobs from Mitrais
[Company-Direct] Found 0 jobs from TabSquare
[Company-Direct] Found 4 jobs from Grab
[Company-Direct] Found 0 jobs from Wise
[Company-Direct] Found 0 jobs from Kata.ai
[Company-Direct] Found 2 jobs from Carousell
[Company-Direct] Found 2 jobs from Bookipi
[Company-Direct] Found 2 jobs from Shippit
RemoteOK: 0 jobs, 0 errors
Remotive: 0 jobs, 0 errors
Greenhouse: 481 jobs, 1 errors
JapanDev: 0 jobs, 0 errors
WeWorkRemotely: 0 jobs, 0 errors
TechInAsia: 5 jobs, 0 errors
Kalibrr: 0 jobs, 0 errors
Blibli: 24 jobs, 0 errors
BankNeo: 0 jobs, 0 errors
JSearch: 30 jobs, 0 errors

Total raw jobs collected: 540
After filtering: 105 jobs
After deduplication: 15 new jobs
Appended 15 jobs to Google Sheets

Errors (1):
  - Skillshare crawl failed: Lever API responded with status 404 for Skillshare

=== Job Crawler Complete ===

## 2026-06-02T02:46:31Z
=== Job Crawler Starting ===
Time: 2026-06-02T02:46:00.972Z
Existing jobs in sheet: 7339
[RemoteOK] Found 0 jobs
[Remotive] Found 0 jobs
[Company-Direct] Found 1 jobs from GitLab
[WeWorkRemotely] Found 0 jobs
[Company-Direct] Found 4 jobs from Cloudflare
[Company-Direct] Found 2 jobs from Figma
[Company-Direct] Found 0 jobs from Stripe
[Company-Direct] Found 31 jobs from Vercel
[JapanDev] Found 0 jobs
[Company-Direct] Found 0 jobs from Speechify
[Company-Direct] Found 0 jobs from CircleCI
[Company-Direct] Found 0 jobs from Consensys
[Company-Direct] Found 0 jobs from Modern Health
[Company-Direct] Found 0 jobs from ReCharge
[Company-Direct] Found 1 jobs from Xendit
[Kalibrr] Query "software engineer": found 50 jobs (total: 1045)
[Company-Direct] Found 2 jobs from Agoda
[Company-Direct] Found 29 jobs from Twilio
[BankNeo] Found 0 jobs (0 total)
[Company-Direct] Found 0 jobs from Remote
[Kalibrr] Query "backend engineer": found 50 jobs (total: 1045)
[Company-Direct] Found 0 jobs from Imply
[Company-Direct] Found 0 jobs from Netflix
[Kalibrr] Query "fullstack developer": found 50 jobs (total: 1045)
[Kalibrr] Total: 0 jobs from 3 queries
[Company-Direct] Found 362 jobs from Jobgether
[Company-Direct] Found 0 jobs from Kraken
[Company-Direct] Found 0 jobs from Medium
[Company-Direct] Error crawling Skillshare: Lever API responded with status 404 for Skillshare
[JSearch] Query "software engineer": found 10 jobs
[Company-Direct] Found 0 jobs from Tiket
[Company-Direct] Found 0 jobs from Xsolla
[Company-Direct] Found 0 jobs from Notion
[Company-Direct] Found 0 jobs from Ramp
[Company-Direct] Found 0 jobs from Linear
[Company-Direct] Found 0 jobs from Deel
[Company-Direct] Found 0 jobs from Pave
[Company-Direct] Found 0 jobs from Bespoke Labs
[Company-Direct] Found 0 jobs from Snowflake
[Company-Direct] Found 0 jobs from Perplexity AI
[Company-Direct] Found 0 jobs from Lavendo
[Company-Direct] Found 0 jobs from Employment Hero
[Company-Direct] Found 20 jobs from Ajaib
[TechInAsia] Found 4 jobs (total available: 350)
[JSearch] Query "backend engineer": found 10 jobs
[Company-Direct] Found 23 jobs from Stockbit
[Company-Direct] Found 0 jobs from Traveloka
[Company-Direct] Found 0 jobs from Dana
[Company-Direct] Found 0 jobs from Halodoc
[Company-Direct] Found 0 jobs from Kredivo
[Company-Direct] Found 0 jobs from Mitrais
[Company-Direct] Found 0 jobs from TabSquare
[Blibli] Found 24 jobs (24 engineering out of 151 total)
[Company-Direct] Found 3 jobs from Grab
[Company-Direct] Found 0 jobs from Wise
[Company-Direct] Found 0 jobs from Kata.ai
[Company-Direct] Found 2 jobs from Carousell
[Company-Direct] Found 2 jobs from Bookipi
[JSearch] Query "fullstack developer": found 10 jobs
[JSearch] Total: 30 jobs from 3 queries
[Company-Direct] Found 2 jobs from Shippit
RemoteOK: 0 jobs, 0 errors
Remotive: 0 jobs, 0 errors
Greenhouse: 484 jobs, 1 errors
JapanDev: 0 jobs, 0 errors
WeWorkRemotely: 0 jobs, 0 errors
TechInAsia: 4 jobs, 0 errors
Kalibrr: 0 jobs, 0 errors
Blibli: 24 jobs, 0 errors
BankNeo: 0 jobs, 0 errors
JSearch: 30 jobs, 0 errors

Total raw jobs collected: 542
After filtering: 103 jobs
After deduplication: 15 new jobs
Appended 15 jobs to Google Sheets

Errors (1):
  - Skillshare crawl failed: Lever API responded with status 404 for Skillshare

=== Job Crawler Complete ===

## 2026-06-02T10:06:51Z
=== Job Crawler Starting ===
Time: 2026-06-02T10:06:15.676Z
Existing jobs in sheet: 7354
[Remotive] Found 0 jobs
[RemoteOK] Found 0 jobs
[Company-Direct] Found 1 jobs from GitLab
[WeWorkRemotely] Found 0 jobs
[Company-Direct] Found 5 jobs from Cloudflare
[Company-Direct] Found 2 jobs from Figma
[JapanDev] Found 0 jobs
[Company-Direct] Found 2 jobs from Stripe
[Company-Direct] Found 31 jobs from Vercel
[Company-Direct] Found 0 jobs from Speechify
[Company-Direct] Found 0 jobs from CircleCI
[Company-Direct] Found 0 jobs from Consensys
[BankNeo] Found 0 jobs (0 total)
[Company-Direct] Found 0 jobs from Modern Health
[Kalibrr] Query "software engineer": found 50 jobs (total: 1072)
[Company-Direct] Found 0 jobs from ReCharge
[Company-Direct] Found 1 jobs from Xendit
[Kalibrr] Query "backend engineer": found 50 jobs (total: 1072)
[Kalibrr] Query "fullstack developer": found 50 jobs (total: 1072)
[Kalibrr] Total: 0 jobs from 3 queries
[Company-Direct] Found 4 jobs from Agoda
[Company-Direct] Found 29 jobs from Twilio
[Company-Direct] Found 0 jobs from Remote
[Company-Direct] Found 0 jobs from Imply
[Company-Direct] Found 0 jobs from Netflix
[Company-Direct] Found 445 jobs from Jobgether
[Company-Direct] Found 0 jobs from Kraken
[Company-Direct] Found 0 jobs from Medium
[Company-Direct] Error crawling Skillshare: Lever API responded with status 404 for Skillshare
[Company-Direct] Found 0 jobs from Tiket
[Company-Direct] Found 0 jobs from Xsolla
[Company-Direct] Found 0 jobs from Notion
[Company-Direct] Found 0 jobs from Ramp
[Company-Direct] Found 0 jobs from Linear
[Company-Direct] Found 0 jobs from Deel
[Company-Direct] Found 0 jobs from Pave
[Company-Direct] Found 0 jobs from Bespoke Labs
[Company-Direct] Found 0 jobs from Snowflake
[Company-Direct] Found 0 jobs from Perplexity AI
[Company-Direct] Found 0 jobs from Lavendo
[Company-Direct] Found 0 jobs from Employment Hero
[JSearch] Query "software engineer": found 10 jobs
[Company-Direct] Found 20 jobs from Ajaib
[TechInAsia] Found 15 jobs (total available: 356)
[JSearch] Query "backend engineer": found 10 jobs
[Company-Direct] Found 23 jobs from Stockbit
[Company-Direct] Found 0 jobs from Traveloka
[Company-Direct] Found 0 jobs from Dana
[Company-Direct] Found 0 jobs from Halodoc
[Company-Direct] Found 0 jobs from Kredivo
[Company-Direct] Found 0 jobs from Mitrais
[Company-Direct] Found 0 jobs from TabSquare
[Blibli] Found 24 jobs (24 engineering out of 151 total)
[Company-Direct] Found 4 jobs from Grab
[JSearch] Query "fullstack developer": found 10 jobs
[JSearch] Total: 30 jobs from 3 queries
[Company-Direct] Found 2 jobs from Wise
[Company-Direct] Found 0 jobs from Kata.ai
[Company-Direct] Found 1 jobs from Carousell
[Company-Direct] Found 2 jobs from Bookipi
[Company-Direct] Found 2 jobs from Shippit
RemoteOK: 0 jobs, 0 errors
Remotive: 0 jobs, 0 errors
Greenhouse: 574 jobs, 1 errors
JapanDev: 0 jobs, 0 errors
WeWorkRemotely: 0 jobs, 0 errors
TechInAsia: 15 jobs, 0 errors
Kalibrr: 0 jobs, 0 errors
Blibli: 24 jobs, 0 errors
BankNeo: 0 jobs, 0 errors
JSearch: 30 jobs, 0 errors

Total raw jobs collected: 643
After filtering: 113 jobs
After deduplication: 44 new jobs
Appended 44 jobs to Google Sheets

Errors (1):
  - Skillshare crawl failed: Lever API responded with status 404 for Skillshare

=== Job Crawler Complete ===

## 2026-06-02T16:04:59Z
=== Job Crawler Starting ===
Time: 2026-06-02T16:03:57.054Z
Existing jobs in sheet: 7398
[RemoteOK] Found 0 jobs
[Company-Direct] Found 0 jobs from GitLab
[Remotive] Found 0 jobs
[Company-Direct] Found 6 jobs from Cloudflare
[WeWorkRemotely] Found 0 jobs
[Company-Direct] Found 2 jobs from Figma
[JapanDev] Found 0 jobs
[Company-Direct] Found 3 jobs from Stripe
[Company-Direct] Found 31 jobs from Vercel
[Company-Direct] Found 0 jobs from Speechify
[BankNeo] Found 0 jobs (0 total)
[Company-Direct] Found 0 jobs from CircleCI
[Company-Direct] Found 0 jobs from Consensys
[Company-Direct] Found 0 jobs from Modern Health
[Company-Direct] Found 0 jobs from ReCharge
[Company-Direct] Found 1 jobs from Xendit
[Kalibrr] Query "software engineer": found 50 jobs (total: 1073)
[Company-Direct] Found 5 jobs from Agoda
[Company-Direct] Found 11 jobs from Twilio
[Kalibrr] Query "backend engineer": found 50 jobs (total: 1073)
[Company-Direct] Found 0 jobs from Remote
[Company-Direct] Found 0 jobs from Imply
[Kalibrr] Query "fullstack developer": found 50 jobs (total: 1073)
[Kalibrr] Total: 9 jobs from 3 queries
[Company-Direct] Found 0 jobs from Netflix
[JSearch] Query "software engineer": found 10 jobs
[Company-Direct] Found 471 jobs from Jobgether
[Company-Direct] Found 0 jobs from Kraken
[Company-Direct] Found 0 jobs from Medium
[Company-Direct] Error crawling Skillshare: Lever API responded with status 404 for Skillshare
[Company-Direct] Found 0 jobs from Tiket
[JSearch] Query "backend engineer": found 10 jobs
[TechInAsia] Found 11 jobs (total available: 355)
[JSearch] Query "fullstack developer": found 9 jobs
[JSearch] Total: 29 jobs from 3 queries
[Blibli] Found 25 jobs (25 engineering out of 153 total)
[Company-Direct] Found 0 jobs from Xsolla
[Company-Direct] Found 0 jobs from Notion
[Company-Direct] Found 0 jobs from Ramp
[Company-Direct] Found 0 jobs from Linear
[Company-Direct] Found 0 jobs from Deel
[Company-Direct] Found 0 jobs from Pave
[Company-Direct] Found 0 jobs from Bespoke Labs
[Company-Direct] Found 0 jobs from Snowflake
[Company-Direct] Found 0 jobs from Perplexity AI
[Company-Direct] Found 0 jobs from Lavendo
[Company-Direct] Found 0 jobs from Employment Hero
[Company-Direct] Found 20 jobs from Ajaib
[Company-Direct] Found 23 jobs from Stockbit
[Company-Direct] Found 0 jobs from Traveloka
[Company-Direct] Found 0 jobs from Dana
[Company-Direct] Found 0 jobs from Halodoc
[Company-Direct] Found 0 jobs from Kredivo
[Company-Direct] Found 0 jobs from Mitrais
[Company-Direct] Found 0 jobs from TabSquare
[Company-Direct] Found 5 jobs from Grab
[Company-Direct] Found 3 jobs from Wise
[Company-Direct] Found 0 jobs from Kata.ai
[Company-Direct] Found 0 jobs from Carousell
[Company-Direct] Found 2 jobs from Bookipi
[Company-Direct] Found 2 jobs from Shippit
RemoteOK: 0 jobs, 0 errors
Remotive: 0 jobs, 0 errors
Greenhouse: 585 jobs, 1 errors
JapanDev: 0 jobs, 0 errors
WeWorkRemotely: 0 jobs, 0 errors
TechInAsia: 11 jobs, 0 errors
Kalibrr: 9 jobs, 0 errors
Blibli: 25 jobs, 0 errors
BankNeo: 0 jobs, 0 errors
JSearch: 29 jobs, 0 errors

Total raw jobs collected: 659
After filtering: 145 jobs
After deduplication: 66 new jobs
Appended 66 jobs to Google Sheets

Errors (1):
  - Skillshare crawl failed: Lever API responded with status 404 for Skillshare

=== Job Crawler Complete ===

## 2026-06-02T20:51:19Z
=== Job Crawler Starting ===
Time: 2026-06-02T20:36:12.360Z
Existing jobs in sheet: 7464
[Remotive] Found 0 jobs
[RemoteOK] Found 0 jobs
[Company-Direct] Found 0 jobs from GitLab
[WeWorkRemotely] Found 0 jobs
[Company-Direct] Found 8 jobs from Cloudflare
[Company-Direct] Found 1 jobs from Figma
[Company-Direct] Found 4 jobs from Stripe
[Company-Direct] Found 0 jobs from Vercel
[JapanDev] Found 0 jobs
[Company-Direct] Found 0 jobs from Speechify
[Company-Direct] Found 0 jobs from CircleCI
[Company-Direct] Found 0 jobs from Consensys
[Company-Direct] Found 0 jobs from Modern Health
[Company-Direct] Found 0 jobs from ReCharge
[Company-Direct] Found 1 jobs from Xendit
[Company-Direct] Found 8 jobs from Agoda
[Kalibrr] Query "software engineer": found 50 jobs (total: 1069)
[Company-Direct] Found 11 jobs from Twilio
[BankNeo] Found 0 jobs (0 total)
[Company-Direct] Found 0 jobs from Remote
[Company-Direct] Found 0 jobs from Imply
[Kalibrr] Query "backend engineer": found 50 jobs (total: 1069)
[Kalibrr] Query "fullstack developer": found 50 jobs (total: 1069)
[Kalibrr] Total: 6 jobs from 3 queries
[JSearch] Query "software engineer": found 10 jobs
[TechInAsia] Found 11 jobs (total available: 355)
[JSearch] Query "backend engineer": found 10 jobs
[Blibli] Found 25 jobs (25 engineering out of 153 total)
[JSearch] Query "fullstack developer": found 10 jobs
[JSearch] Total: 30 jobs from 3 queries
[Company-Direct] Error crawling Netflix: Unable to connect. Is the computer able to access the url?
[Company-Direct] Error crawling Jobgether: Unable to connect. Is the computer able to access the url?
[Company-Direct] Error crawling Kraken: Unable to connect. Is the computer able to access the url?
[Company-Direct] Error crawling Medium: Unable to connect. Is the computer able to access the url?
[Company-Direct] Error crawling Skillshare: Unable to connect. Is the computer able to access the url?
[Company-Direct] Error crawling Tiket: Unable to connect. Is the computer able to access the url?

## 2026-06-03T02:55:58Z
=== Job Crawler Starting ===
Time: 2026-06-03T02:54:56.825Z
Existing jobs in sheet: 7464
[Remotive] Found 0 jobs
[RemoteOK] Found 0 jobs
[Company-Direct] Found 0 jobs from GitLab
[WeWorkRemotely] Found 0 jobs
[Company-Direct] Found 6 jobs from Cloudflare
[JapanDev] Found 0 jobs
[Company-Direct] Found 0 jobs from Figma
[Company-Direct] Found 4 jobs from Stripe
[Company-Direct] Found 1 jobs from Vercel
[Company-Direct] Found 0 jobs from Speechify
[Kalibrr] Query "software engineer": found 50 jobs (total: 1075)
[BankNeo] Found 0 jobs (0 total)
[Company-Direct] Found 0 jobs from CircleCI
[Company-Direct] Found 0 jobs from Consensys
[Company-Direct] Found 0 jobs from Modern Health
[Company-Direct] Found 0 jobs from ReCharge
[Company-Direct] Found 1 jobs from Xendit
[Kalibrr] Query "backend engineer": found 50 jobs (total: 1075)
[Company-Direct] Found 7 jobs from Agoda
[Company-Direct] Found 57 jobs from Twilio
[Kalibrr] Query "fullstack developer": found 50 jobs (total: 1075)
[Kalibrr] Total: 6 jobs from 3 queries
[Company-Direct] Found 0 jobs from Remote
[Company-Direct] Found 0 jobs from Imply
[Company-Direct] Found 0 jobs from Netflix
[TechInAsia] Found 13 jobs (total available: 357)
[JSearch] Query "software engineer": found 10 jobs
[Blibli] Found 25 jobs (25 engineering out of 153 total)
[JSearch] Query "backend engineer": found 10 jobs
[Company-Direct] Found 452 jobs from Jobgether
[Company-Direct] Found 0 jobs from Kraken
[Company-Direct] Found 0 jobs from Medium
[Company-Direct] Error crawling Skillshare: Lever API responded with status 404 for Skillshare
[Company-Direct] Found 0 jobs from Tiket
[Company-Direct] Found 1 jobs from Xsolla
[Company-Direct] Found 0 jobs from Notion
[Company-Direct] Found 0 jobs from Ramp
[Company-Direct] Found 0 jobs from Linear
[Company-Direct] Found 0 jobs from Deel
[Company-Direct] Found 0 jobs from Pave
[Company-Direct] Found 0 jobs from Bespoke Labs
[Company-Direct] Found 0 jobs from Snowflake
[Company-Direct] Found 0 jobs from Perplexity AI
[Company-Direct] Found 0 jobs from Lavendo
[Company-Direct] Found 0 jobs from Employment Hero
[Company-Direct] Found 20 jobs from Ajaib
[Company-Direct] Found 23 jobs from Stockbit
[Company-Direct] Found 0 jobs from Traveloka
[Company-Direct] Found 0 jobs from Dana
[Company-Direct] Found 0 jobs from Halodoc
[Company-Direct] Found 0 jobs from Kredivo
[Company-Direct] Found 0 jobs from Mitrais
[Company-Direct] Found 0 jobs from TabSquare
[Company-Direct] Found 5 jobs from Grab
[Company-Direct] Found 3 jobs from Wise
[Company-Direct] Found 0 jobs from Kata.ai
[Company-Direct] Found 0 jobs from Carousell
[Company-Direct] Found 2 jobs from Bookipi
[Company-Direct] Found 2 jobs from Shippit
[JSearch] Error for query "fullstack developer": JSearch API responded with status 504 for query "fullstack developer"
[JSearch] Total: 20 jobs from 3 queries
RemoteOK: 0 jobs, 0 errors
Remotive: 0 jobs, 0 errors
Greenhouse: 584 jobs, 1 errors
JapanDev: 0 jobs, 0 errors
WeWorkRemotely: 0 jobs, 0 errors
TechInAsia: 13 jobs, 0 errors
Kalibrr: 6 jobs, 0 errors
Blibli: 25 jobs, 0 errors
BankNeo: 0 jobs, 0 errors
JSearch: 20 jobs, 1 errors

Total raw jobs collected: 648
After filtering: 143 jobs
After deduplication: 15 new jobs
Appended 15 jobs to Google Sheets

Errors (2):
  - Skillshare crawl failed: Lever API responded with status 404 for Skillshare
  - JSearch query "fullstack developer" failed: JSearch API responded with status 504 for query "fullstack developer"

=== Job Crawler Complete ===
