
## 2026-06-22T02:54:20Z
=== Job Crawler Starting ===
Time: 2026-06-22T02:53:52.446Z
Existing jobs in sheet: 8756
[Remotive] Found 0 jobs
[Company-Direct] Found 0 jobs from GitLab
[WeWorkRemotely] Found 0 jobs
[Company-Direct] Found 0 jobs from Cloudflare
[Company-Direct] Found 0 jobs from Figma
[RemoteOK] Found 0 jobs
[Company-Direct] Found 0 jobs from Stripe
[JSearch] Error for query "software engineer": JSearch API responded with status 429 for query "software engineer"
[Company-Direct] Found 1 jobs from Vercel
[JSearch] Error for query "backend engineer": JSearch API responded with status 429 for query "backend engineer"
[JapanDev] Found 0 jobs
[JSearch] Error for query "fullstack developer": JSearch API responded with status 429 for query "fullstack developer"
[JSearch] Total: 0 jobs from 3 queries
[Company-Direct] Found 0 jobs from Speechify
[Company-Direct] Found 0 jobs from CircleCI
[Company-Direct] Found 0 jobs from Consensys
[Company-Direct] Found 0 jobs from Modern Health
[Company-Direct] Error crawling ReCharge: Greenhouse API responded with status 404 for ReCharge
[Company-Direct] Found 2 jobs from Xendit
[Company-Direct] Found 0 jobs from Agoda
[Company-Direct] Found 0 jobs from Twilio
[Kalibrr] Query "software engineer": found 50 jobs (total: 1065)
[Company-Direct] Found 0 jobs from Remote
[Company-Direct] Found 0 jobs from Imply
[BankNeo] Found 0 jobs (0 total)
[Kalibrr] Query "backend engineer": found 50 jobs (total: 1065)
[Company-Direct] Found 0 jobs from Netflix
[Kalibrr] Query "fullstack developer": found 50 jobs (total: 1065)
[Kalibrr] Total: 0 jobs from 3 queries
[Company-Direct] Found 0 jobs from Jobgether
[Company-Direct] Found 0 jobs from Kraken
[Company-Direct] Found 0 jobs from Medium
[Company-Direct] Error crawling Skillshare: Lever API responded with status 404 for Skillshare
[Company-Direct] Found 0 jobs from Tiket
[Company-Direct] Found 0 jobs from Xsolla
[Company-Direct] Found 0 jobs from Notion
[Company-Direct] Found 0 jobs from Ramp
[Company-Direct] Found 0 jobs from Linear
[Company-Direct] Found 0 jobs from Deel
[Company-Direct] Found 0 jobs from Pave
[Company-Direct] Found 0 jobs from Bespoke Labs
[Company-Direct] Found 0 jobs from Snowflake
[Company-Direct] Found 0 jobs from Perplexity AI
[Company-Direct] Found 0 jobs from Lavendo
[Company-Direct] Found 0 jobs from Employment Hero
[Company-Direct] Found 21 jobs from Ajaib
[TechInAsia] Found 1 jobs (total available: 298)
[Company-Direct] Found 24 jobs from Stockbit
[Company-Direct] Found 0 jobs from Traveloka
[Company-Direct] Found 0 jobs from Dana
[Company-Direct] Found 0 jobs from Halodoc
[Company-Direct] Found 0 jobs from Kredivo
[Company-Direct] Found 0 jobs from Mitrais
[Company-Direct] Found 0 jobs from TabSquare
[Company-Direct] Found 1 jobs from Grab
[Company-Direct] Found 0 jobs from Wise
[Company-Direct] Found 0 jobs from Kata.ai
[Company-Direct] Found 0 jobs from Carousell
[Company-Direct] Found 2 jobs from Bookipi
[Company-Direct] Found 0 jobs from Shippit
[Blibli] Found 28 jobs (28 engineering out of 165 total)
RemoteOK: 0 jobs, 0 errors
Remotive: 0 jobs, 0 errors
Greenhouse: 51 jobs, 2 errors
JapanDev: 0 jobs, 0 errors
WeWorkRemotely: 0 jobs, 0 errors
TechInAsia: 1 jobs, 0 errors
Kalibrr: 0 jobs, 0 errors
Blibli: 28 jobs, 0 errors
BankNeo: 0 jobs, 0 errors
JSearch: 0 jobs, 3 errors

Total raw jobs collected: 80
After filtering: 12 jobs
After deduplication: 1 new jobs
Appended 1 jobs to Google Sheets

Errors (5):
  - ReCharge crawl failed: Greenhouse API responded with status 404 for ReCharge
  - Skillshare crawl failed: Lever API responded with status 404 for Skillshare
  - JSearch query "software engineer" failed: JSearch API responded with status 429 for query "software engineer"
  - JSearch query "backend engineer" failed: JSearch API responded with status 429 for query "backend engineer"
  - JSearch query "fullstack developer" failed: JSearch API responded with status 429 for query "fullstack developer"

=== Job Crawler Complete ===

## 2026-06-22T11:37:32Z
=== Job Crawler Starting ===
Time: 2026-06-22T11:36:35.408Z
Existing jobs in sheet: 8757
[Remotive] Found 0 jobs
[WeWorkRemotely] Found 0 jobs
[Company-Direct] Found 0 jobs from GitLab
[Company-Direct] Found 0 jobs from Cloudflare
[RemoteOK] Found 0 jobs
[Company-Direct] Found 0 jobs from Figma
[Company-Direct] Found 0 jobs from Stripe
[JapanDev] Found 0 jobs
[Company-Direct] Found 1 jobs from Vercel
[JSearch] Error for query "software engineer": JSearch API responded with status 429 for query "software engineer"
[JSearch] Error for query "backend engineer": JSearch API responded with status 429 for query "backend engineer"
[JSearch] Error for query "fullstack developer": JSearch API responded with status 429 for query "fullstack developer"
[JSearch] Total: 0 jobs from 3 queries
[Company-Direct] Found 0 jobs from Speechify
[Company-Direct] Found 0 jobs from CircleCI
[Company-Direct] Found 0 jobs from Consensys
[Company-Direct] Found 0 jobs from Modern Health
[Company-Direct] Error crawling ReCharge: Greenhouse API responded with status 404 for ReCharge
[Company-Direct] Found 2 jobs from Xendit
[Company-Direct] Found 1 jobs from Agoda
[Company-Direct] Found 1 jobs from Twilio
[Company-Direct] Found 1 jobs from Remote
[Company-Direct] Found 0 jobs from Imply
[BankNeo] Found 0 jobs (0 total)
[Kalibrr] Query "software engineer": found 50 jobs (total: 1078)
[Kalibrr] Query "backend engineer": found 50 jobs (total: 1078)
[Kalibrr] Query "fullstack developer": found 50 jobs (total: 1078)
[Kalibrr] Total: 5 jobs from 3 queries
[TechInAsia] Found 10 jobs (total available: 303)
[Blibli] Found 28 jobs (28 engineering out of 166 total)
[Company-Direct] Found 0 jobs from Netflix
[Company-Direct] Found 235 jobs from Jobgether
[Company-Direct] Found 0 jobs from Kraken
[Company-Direct] Found 0 jobs from Medium
[Company-Direct] Error crawling Skillshare: Lever API responded with status 404 for Skillshare
[Company-Direct] Found 0 jobs from Tiket
[Company-Direct] Found 0 jobs from Xsolla
[Company-Direct] Found 0 jobs from Notion
[Company-Direct] Found 0 jobs from Ramp
[Company-Direct] Found 0 jobs from Linear
[Company-Direct] Found 0 jobs from Deel
[Company-Direct] Found 0 jobs from Pave
[Company-Direct] Found 0 jobs from Bespoke Labs
[Company-Direct] Found 0 jobs from Snowflake
[Company-Direct] Found 0 jobs from Perplexity AI
[Company-Direct] Found 0 jobs from Lavendo
[Company-Direct] Found 0 jobs from Employment Hero
[Company-Direct] Found 21 jobs from Ajaib
[Company-Direct] Found 23 jobs from Stockbit
[Company-Direct] Found 0 jobs from Traveloka
[Company-Direct] Found 0 jobs from Dana
[Company-Direct] Found 0 jobs from Halodoc
[Company-Direct] Found 0 jobs from Kredivo
[Company-Direct] Found 0 jobs from Mitrais
[Company-Direct] Found 0 jobs from TabSquare
[Company-Direct] Found 3 jobs from Grab
[Company-Direct] Found 6 jobs from Wise
[Company-Direct] Found 0 jobs from Kata.ai
[Company-Direct] Found 0 jobs from Carousell
[Company-Direct] Found 2 jobs from Bookipi
[Company-Direct] Found 0 jobs from Shippit
RemoteOK: 0 jobs, 0 errors
Remotive: 0 jobs, 0 errors
Greenhouse: 296 jobs, 2 errors
JapanDev: 0 jobs, 0 errors
WeWorkRemotely: 0 jobs, 0 errors
TechInAsia: 10 jobs, 0 errors
Kalibrr: 5 jobs, 0 errors
Blibli: 28 jobs, 0 errors
BankNeo: 0 jobs, 0 errors
JSearch: 0 jobs, 3 errors

Total raw jobs collected: 339
After filtering: 54 jobs
After deduplication: 42 new jobs
Appended 42 jobs to Google Sheets

Errors (5):
  - ReCharge crawl failed: Greenhouse API responded with status 404 for ReCharge
  - Skillshare crawl failed: Lever API responded with status 404 for Skillshare
  - JSearch query "software engineer" failed: JSearch API responded with status 429 for query "software engineer"
  - JSearch query "backend engineer" failed: JSearch API responded with status 429 for query "backend engineer"
  - JSearch query "fullstack developer" failed: JSearch API responded with status 429 for query "fullstack developer"

=== Job Crawler Complete ===

## 2026-06-22T16:39:45Z
=== Job Crawler Starting ===
Time: 2026-06-22T16:38:50.333Z
Existing jobs in sheet: 8799
[Company-Direct] Found 0 jobs from GitLab
[Remotive] Found 0 jobs
[WeWorkRemotely] Found 0 jobs
[Company-Direct] Found 2 jobs from Cloudflare
[JSearch] Error for query "software engineer": JSearch API responded with status 429 for query "software engineer"
[Company-Direct] Found 0 jobs from Figma
[JSearch] Error for query "backend engineer": JSearch API responded with status 429 for query "backend engineer"
[RemoteOK] Found 0 jobs
[Company-Direct] Found 1 jobs from Stripe
[JSearch] Error for query "fullstack developer": JSearch API responded with status 429 for query "fullstack developer"
[JSearch] Total: 0 jobs from 3 queries
[Company-Direct] Found 1 jobs from Vercel
[JapanDev] Found 0 jobs
[Company-Direct] Found 0 jobs from Speechify
[Company-Direct] Found 0 jobs from CircleCI
[Company-Direct] Found 0 jobs from Consensys
[Company-Direct] Found 0 jobs from Modern Health
[Company-Direct] Error crawling ReCharge: Greenhouse API responded with status 404 for ReCharge
[Company-Direct] Found 2 jobs from Xendit
[Kalibrr] Query "software engineer": found 50 jobs (total: 1078)
[Kalibrr] Query "backend engineer": found 50 jobs (total: 1078)
[Kalibrr] Query "fullstack developer": found 50 jobs (total: 1078)
[Kalibrr] Total: 3 jobs from 3 queries
[Company-Direct] Found 1 jobs from Agoda
[Company-Direct] Found 69 jobs from Twilio
[Company-Direct] Found 1 jobs from Remote
[Company-Direct] Found 0 jobs from Imply
[Company-Direct] Found 0 jobs from Netflix
[BankNeo] Found 0 jobs (0 total)
[TechInAsia] Found 10 jobs (total available: 302)
[Blibli] Found 28 jobs (28 engineering out of 165 total)
[Company-Direct] Found 396 jobs from Jobgether
[Company-Direct] Found 0 jobs from Kraken
[Company-Direct] Found 0 jobs from Medium
[Company-Direct] Error crawling Skillshare: Lever API responded with status 404 for Skillshare
[Company-Direct] Found 0 jobs from Tiket
[Company-Direct] Found 1 jobs from Xsolla
[Company-Direct] Found 0 jobs from Notion
[Company-Direct] Found 0 jobs from Ramp
[Company-Direct] Found 0 jobs from Linear
[Company-Direct] Found 0 jobs from Deel
[Company-Direct] Found 0 jobs from Pave
[Company-Direct] Found 0 jobs from Bespoke Labs
[Company-Direct] Found 0 jobs from Snowflake
[Company-Direct] Found 0 jobs from Perplexity AI
[Company-Direct] Found 0 jobs from Lavendo
[Company-Direct] Found 0 jobs from Employment Hero
[Company-Direct] Found 21 jobs from Ajaib
[Company-Direct] Found 23 jobs from Stockbit
[Company-Direct] Found 0 jobs from Traveloka
[Company-Direct] Found 0 jobs from Dana
[Company-Direct] Found 0 jobs from Halodoc
[Company-Direct] Found 0 jobs from Kredivo
[Company-Direct] Found 0 jobs from Mitrais
[Company-Direct] Found 0 jobs from TabSquare
[Company-Direct] Found 3 jobs from Grab
[Company-Direct] Found 7 jobs from Wise
[Company-Direct] Found 0 jobs from Kata.ai
[Company-Direct] Found 0 jobs from Carousell
[Company-Direct] Found 2 jobs from Bookipi
[Company-Direct] Found 0 jobs from Shippit
RemoteOK: 0 jobs, 0 errors
Remotive: 0 jobs, 0 errors
Greenhouse: 530 jobs, 2 errors
JapanDev: 0 jobs, 0 errors
WeWorkRemotely: 0 jobs, 0 errors
TechInAsia: 10 jobs, 0 errors
Kalibrr: 3 jobs, 0 errors
Blibli: 28 jobs, 0 errors
BankNeo: 0 jobs, 0 errors
JSearch: 0 jobs, 3 errors

Total raw jobs collected: 571
After filtering: 112 jobs
After deduplication: 37 new jobs
Appended 37 jobs to Google Sheets

Errors (5):
  - ReCharge crawl failed: Greenhouse API responded with status 404 for ReCharge
  - Skillshare crawl failed: Lever API responded with status 404 for Skillshare
  - JSearch query "software engineer" failed: JSearch API responded with status 429 for query "software engineer"
  - JSearch query "backend engineer" failed: JSearch API responded with status 429 for query "backend engineer"
  - JSearch query "fullstack developer" failed: JSearch API responded with status 429 for query "fullstack developer"

=== Job Crawler Complete ===

## 2026-06-22T20:35:49Z
=== Job Crawler Starting ===
Time: 2026-06-22T20:35:10.000Z
Existing jobs in sheet: 8836
[Remotive] Found 0 jobs
[Company-Direct] Found 0 jobs from GitLab
[WeWorkRemotely] Found 0 jobs
[Company-Direct] Found 4 jobs from Cloudflare
[JapanDev] Found 0 jobs
[Company-Direct] Found 0 jobs from Figma
[Company-Direct] Found 2 jobs from Stripe
[Company-Direct] Found 0 jobs from Vercel
[JSearch] Error for query "software engineer": JSearch API responded with status 429 for query "software engineer"
[RemoteOK] Found 0 jobs
[JSearch] Error for query "backend engineer": JSearch API responded with status 429 for query "backend engineer"
[Company-Direct] Found 0 jobs from Speechify
[Kalibrr] Query "software engineer": found 50 jobs (total: 1073)
[JSearch] Error for query "fullstack developer": JSearch API responded with status 429 for query "fullstack developer"
[JSearch] Total: 0 jobs from 3 queries
[Company-Direct] Found 0 jobs from CircleCI
[Company-Direct] Found 0 jobs from Consensys
[Company-Direct] Found 0 jobs from Modern Health
[Company-Direct] Error crawling ReCharge: Greenhouse API responded with status 404 for ReCharge
[Company-Direct] Found 2 jobs from Xendit
[BankNeo] Found 0 jobs (0 total)
[Kalibrr] Query "backend engineer": found 50 jobs (total: 1073)
[Company-Direct] Found 1 jobs from Agoda
[Kalibrr] Query "fullstack developer": found 50 jobs (total: 1073)
[Kalibrr] Total: 2 jobs from 3 queries
[Company-Direct] Found 69 jobs from Twilio
[Company-Direct] Found 1 jobs from Remote
[Company-Direct] Found 0 jobs from Imply
[Company-Direct] Found 0 jobs from Netflix
[Company-Direct] Found 418 jobs from Jobgether
[Company-Direct] Found 0 jobs from Kraken
[Company-Direct] Found 0 jobs from Medium
[Company-Direct] Error crawling Skillshare: Lever API responded with status 404 for Skillshare
[Company-Direct] Found 0 jobs from Tiket
[Company-Direct] Found 1 jobs from Xsolla
[Company-Direct] Found 0 jobs from Notion
[Company-Direct] Found 0 jobs from Ramp
[Company-Direct] Found 0 jobs from Linear
[Company-Direct] Found 0 jobs from Deel
[Company-Direct] Found 0 jobs from Pave
[Company-Direct] Found 0 jobs from Bespoke Labs
[Company-Direct] Found 0 jobs from Snowflake
[Company-Direct] Found 0 jobs from Perplexity AI
[Company-Direct] Found 0 jobs from Lavendo
[Company-Direct] Found 0 jobs from Employment Hero
[Company-Direct] Found 21 jobs from Ajaib
[TechInAsia] Found 10 jobs (total available: 302)
[Blibli] Found 28 jobs (28 engineering out of 165 total)
[Company-Direct] Found 23 jobs from Stockbit
[Company-Direct] Found 0 jobs from Traveloka
[Company-Direct] Found 0 jobs from Dana
[Company-Direct] Found 0 jobs from Halodoc
[Company-Direct] Found 0 jobs from Kredivo
[Company-Direct] Found 0 jobs from Mitrais
[Company-Direct] Found 0 jobs from TabSquare
[Company-Direct] Found 3 jobs from Grab
[Company-Direct] Found 7 jobs from Wise
[Company-Direct] Found 0 jobs from Kata.ai
[Company-Direct] Found 0 jobs from Carousell
[Company-Direct] Found 2 jobs from Bookipi
[Company-Direct] Found 0 jobs from Shippit
RemoteOK: 0 jobs, 0 errors
Remotive: 0 jobs, 0 errors
Greenhouse: 554 jobs, 2 errors
JapanDev: 0 jobs, 0 errors
WeWorkRemotely: 0 jobs, 0 errors
TechInAsia: 10 jobs, 0 errors
Kalibrr: 2 jobs, 0 errors
Blibli: 28 jobs, 0 errors
BankNeo: 0 jobs, 0 errors
JSearch: 0 jobs, 3 errors

Total raw jobs collected: 594
After filtering: 114 jobs
After deduplication: 2 new jobs
Appended 2 jobs to Google Sheets

Errors (5):
  - ReCharge crawl failed: Greenhouse API responded with status 404 for ReCharge
  - Skillshare crawl failed: Lever API responded with status 404 for Skillshare
  - JSearch query "software engineer" failed: JSearch API responded with status 429 for query "software engineer"
  - JSearch query "backend engineer" failed: JSearch API responded with status 429 for query "backend engineer"
  - JSearch query "fullstack developer" failed: JSearch API responded with status 429 for query "fullstack developer"

=== Job Crawler Complete ===

## 2026-06-23T02:29:41Z
=== Job Crawler Starting ===
Time: 2026-06-23T02:29:11.721Z
Existing jobs in sheet: 8838
[Remotive] Found 0 jobs
[WeWorkRemotely] Found 0 jobs
[Company-Direct] Found 1 jobs from GitLab
[Company-Direct] Found 4 jobs from Cloudflare
[RemoteOK] Found 0 jobs
[JSearch] Error for query "software engineer": JSearch API responded with status 429 for query "software engineer"
[JSearch] Error for query "backend engineer": JSearch API responded with status 429 for query "backend engineer"
[JapanDev] Found 0 jobs
[JSearch] Error for query "fullstack developer": JSearch API responded with status 429 for query "fullstack developer"
[JSearch] Total: 0 jobs from 3 queries
[Company-Direct] Found 3 jobs from Figma
[Company-Direct] Found 3 jobs from Stripe
[Company-Direct] Found 0 jobs from Vercel
[Company-Direct] Found 0 jobs from Speechify
[Company-Direct] Found 0 jobs from CircleCI
[Company-Direct] Found 0 jobs from Consensys
[BankNeo] Found 0 jobs (0 total)
[Company-Direct] Found 0 jobs from Modern Health
[Company-Direct] Error crawling ReCharge: Greenhouse API responded with status 404 for ReCharge
[Company-Direct] Found 2 jobs from Xendit
[Kalibrr] Query "software engineer": found 50 jobs (total: 1074)
[Company-Direct] Found 1 jobs from Agoda
[Company-Direct] Found 69 jobs from Twilio
[Company-Direct] Found 1 jobs from Remote
[Kalibrr] Query "backend engineer": found 50 jobs (total: 1074)
[Company-Direct] Found 0 jobs from Imply
[Kalibrr] Query "fullstack developer": found 50 jobs (total: 1074)
[Kalibrr] Total: 2 jobs from 3 queries
[Company-Direct] Found 0 jobs from Netflix
[Company-Direct] Found 445 jobs from Jobgether
[Company-Direct] Found 0 jobs from Kraken
[Company-Direct] Found 0 jobs from Medium
[Company-Direct] Error crawling Skillshare: Lever API responded with status 404 for Skillshare
[Company-Direct] Found 0 jobs from Tiket
[Company-Direct] Found 1 jobs from Xsolla
[Company-Direct] Found 0 jobs from Notion
[Company-Direct] Found 0 jobs from Ramp
[Company-Direct] Found 0 jobs from Linear
[Company-Direct] Found 0 jobs from Deel
[Company-Direct] Found 0 jobs from Pave
[Company-Direct] Found 0 jobs from Bespoke Labs
[Company-Direct] Found 0 jobs from Snowflake
[Company-Direct] Found 0 jobs from Perplexity AI
[Company-Direct] Found 0 jobs from Lavendo
[Company-Direct] Found 0 jobs from Employment Hero
[Company-Direct] Found 21 jobs from Ajaib
[TechInAsia] Found 10 jobs (total available: 302)
[Company-Direct] Found 23 jobs from Stockbit
[Company-Direct] Found 0 jobs from Traveloka
[Company-Direct] Found 0 jobs from Dana
[Company-Direct] Found 0 jobs from Halodoc
[Company-Direct] Found 0 jobs from Kredivo
[Company-Direct] Found 0 jobs from Mitrais
[Company-Direct] Found 0 jobs from TabSquare
[Company-Direct] Found 3 jobs from Grab
[Company-Direct] Found 7 jobs from Wise
[Company-Direct] Found 0 jobs from Kata.ai
[Blibli] Found 28 jobs (28 engineering out of 165 total)
[Company-Direct] Found 1 jobs from Carousell
[Company-Direct] Found 2 jobs from Bookipi
[Company-Direct] Found 0 jobs from Shippit
RemoteOK: 0 jobs, 0 errors
Remotive: 0 jobs, 0 errors
Greenhouse: 587 jobs, 2 errors
JapanDev: 0 jobs, 0 errors
WeWorkRemotely: 0 jobs, 0 errors
TechInAsia: 10 jobs, 0 errors
Kalibrr: 2 jobs, 0 errors
Blibli: 28 jobs, 0 errors
BankNeo: 0 jobs, 0 errors
JSearch: 0 jobs, 3 errors

Total raw jobs collected: 627
After filtering: 124 jobs
After deduplication: 11 new jobs
Appended 11 jobs to Google Sheets

Errors (5):
  - ReCharge crawl failed: Greenhouse API responded with status 404 for ReCharge
  - Skillshare crawl failed: Lever API responded with status 404 for Skillshare
  - JSearch query "software engineer" failed: JSearch API responded with status 429 for query "software engineer"
  - JSearch query "backend engineer" failed: JSearch API responded with status 429 for query "backend engineer"
  - JSearch query "fullstack developer" failed: JSearch API responded with status 429 for query "fullstack developer"

=== Job Crawler Complete ===

## 2026-06-23T09:23:58Z
=== Job Crawler Starting ===
Time: 2026-06-23T09:23:04.371Z
Existing jobs in sheet: 8849
[Remotive] Found 0 jobs
[WeWorkRemotely] Found 0 jobs
[Company-Direct] Found 1 jobs from GitLab
[Company-Direct] Found 6 jobs from Cloudflare
[Company-Direct] Found 3 jobs from Figma
[RemoteOK] Found 0 jobs
[Company-Direct] Found 3 jobs from Stripe
[JapanDev] Found 0 jobs
[Company-Direct] Found 0 jobs from Vercel
[Company-Direct] Found 0 jobs from Speechify
[Company-Direct] Found 0 jobs from CircleCI
[Company-Direct] Found 0 jobs from Consensys
[Company-Direct] Found 0 jobs from Modern Health
[Company-Direct] Error crawling ReCharge: Greenhouse API responded with status 404 for ReCharge
[Company-Direct] Found 2 jobs from Xendit
[JSearch] Error for query "software engineer": JSearch API responded with status 429 for query "software engineer"
[JSearch] Error for query "backend engineer": JSearch API responded with status 429 for query "backend engineer"
[BankNeo] Found 0 jobs (0 total)
[Kalibrr] Query "software engineer": found 50 jobs (total: 1081)
[JSearch] Error for query "fullstack developer": JSearch API responded with status 429 for query "fullstack developer"
[JSearch] Total: 0 jobs from 3 queries
[Kalibrr] Query "backend engineer": found 50 jobs (total: 1081)
[Company-Direct] Found 1 jobs from Agoda
[Company-Direct] Found 69 jobs from Twilio
[Kalibrr] Query "fullstack developer": found 50 jobs (total: 1081)
[Kalibrr] Total: 4 jobs from 3 queries
[Company-Direct] Found 0 jobs from Remote
[Company-Direct] Found 0 jobs from Imply
[Company-Direct] Found 0 jobs from Netflix
[TechInAsia] Found 7 jobs (total available: 305)
[Blibli] Found 28 jobs (28 engineering out of 168 total)
[Company-Direct] Found 497 jobs from Jobgether
[Company-Direct] Found 0 jobs from Kraken
[Company-Direct] Found 0 jobs from Medium
[Company-Direct] Error crawling Skillshare: Lever API responded with status 404 for Skillshare
[Company-Direct] Found 0 jobs from Tiket
[Company-Direct] Found 1 jobs from Xsolla
[Company-Direct] Found 0 jobs from Notion
[Company-Direct] Found 0 jobs from Ramp
[Company-Direct] Found 0 jobs from Linear
[Company-Direct] Found 0 jobs from Deel
[Company-Direct] Found 0 jobs from Pave
[Company-Direct] Found 0 jobs from Bespoke Labs
[Company-Direct] Found 0 jobs from Snowflake
[Company-Direct] Found 0 jobs from Perplexity AI
[Company-Direct] Found 0 jobs from Lavendo
[Company-Direct] Found 0 jobs from Employment Hero
[Company-Direct] Found 21 jobs from Ajaib
[Company-Direct] Found 23 jobs from Stockbit
[Company-Direct] Found 0 jobs from Traveloka
[Company-Direct] Found 0 jobs from Dana
[Company-Direct] Found 0 jobs from Halodoc
[Company-Direct] Found 0 jobs from Kredivo
[Company-Direct] Found 0 jobs from Mitrais
[Company-Direct] Found 0 jobs from TabSquare
[Company-Direct] Found 3 jobs from Grab
[Company-Direct] Found 4 jobs from Wise
[Company-Direct] Found 0 jobs from Kata.ai
[Company-Direct] Found 1 jobs from Carousell
[Company-Direct] Found 2 jobs from Bookipi
[Company-Direct] Found 0 jobs from Shippit
RemoteOK: 0 jobs, 0 errors
Remotive: 0 jobs, 0 errors
Greenhouse: 637 jobs, 2 errors
JapanDev: 0 jobs, 0 errors
WeWorkRemotely: 0 jobs, 0 errors
TechInAsia: 7 jobs, 0 errors
Kalibrr: 4 jobs, 0 errors
Blibli: 28 jobs, 0 errors
BankNeo: 0 jobs, 0 errors
JSearch: 0 jobs, 3 errors

Total raw jobs collected: 676
After filtering: 111 jobs
After deduplication: 16 new jobs
Appended 16 jobs to Google Sheets

Errors (5):
  - ReCharge crawl failed: Greenhouse API responded with status 404 for ReCharge
  - Skillshare crawl failed: Lever API responded with status 404 for Skillshare
  - JSearch query "software engineer" failed: JSearch API responded with status 429 for query "software engineer"
  - JSearch query "backend engineer" failed: JSearch API responded with status 429 for query "backend engineer"
  - JSearch query "fullstack developer" failed: JSearch API responded with status 429 for query "fullstack developer"

=== Job Crawler Complete ===

## 2026-06-23T14:30:33Z
=== Job Crawler Starting ===
Time: 2026-06-23T14:29:51.431Z
Existing jobs in sheet: 8865
[Remotive] Found 0 jobs
[Company-Direct] Found 1 jobs from GitLab
[WeWorkRemotely] Found 0 jobs
[Company-Direct] Found 4 jobs from Cloudflare
[Company-Direct] Found 4 jobs from Figma
[RemoteOK] Found 0 jobs
[Company-Direct] Found 5 jobs from Stripe
[Company-Direct] Found 0 jobs from Vercel
[JapanDev] Found 0 jobs
[JSearch] Error for query "software engineer": JSearch API responded with status 429 for query "software engineer"
[Company-Direct] Found 0 jobs from Speechify
[Company-Direct] Found 0 jobs from CircleCI
[Company-Direct] Found 0 jobs from Consensys
[Company-Direct] Found 0 jobs from Modern Health
[Company-Direct] Error crawling ReCharge: Greenhouse API responded with status 404 for ReCharge
[Company-Direct] Found 2 jobs from Xendit
[Company-Direct] Found 2 jobs from Agoda
[JSearch] Error for query "backend engineer": JSearch API responded with status 429 for query "backend engineer"
[JSearch] Error for query "fullstack developer": JSearch API responded with status 429 for query "fullstack developer"
[JSearch] Total: 0 jobs from 3 queries
[BankNeo] Found 0 jobs (0 total)
[Company-Direct] Found 70 jobs from Twilio
[Kalibrr] Query "software engineer": found 50 jobs (total: 1084)
[Company-Direct] Found 0 jobs from Remote
[Company-Direct] Found 0 jobs from Imply
[Kalibrr] Query "backend engineer": found 50 jobs (total: 1084)
[Company-Direct] Found 0 jobs from Netflix
[Kalibrr] Query "fullstack developer": found 50 jobs (total: 1084)
[Kalibrr] Total: 3 jobs from 3 queries
[Company-Direct] Found 398 jobs from Jobgether
[Company-Direct] Found 0 jobs from Kraken
[Company-Direct] Found 0 jobs from Medium
[Company-Direct] Error crawling Skillshare: Lever API responded with status 404 for Skillshare
[Company-Direct] Found 0 jobs from Tiket
[Company-Direct] Found 0 jobs from Xsolla
[Company-Direct] Found 0 jobs from Notion
[Company-Direct] Found 0 jobs from Ramp
[Company-Direct] Found 0 jobs from Linear
[Company-Direct] Found 0 jobs from Deel
[Company-Direct] Found 0 jobs from Pave
[Company-Direct] Found 0 jobs from Bespoke Labs
[Company-Direct] Found 0 jobs from Snowflake
[Company-Direct] Found 0 jobs from Perplexity AI
[Company-Direct] Found 0 jobs from Lavendo
[Company-Direct] Found 0 jobs from Employment Hero
[TechInAsia] Found 6 jobs (total available: 303)
[Company-Direct] Found 21 jobs from Ajaib
[Blibli] Found 28 jobs (28 engineering out of 168 total)
[Company-Direct] Found 23 jobs from Stockbit
[Company-Direct] Found 0 jobs from Traveloka
[Company-Direct] Found 0 jobs from Dana
[Company-Direct] Found 0 jobs from Halodoc
[Company-Direct] Found 0 jobs from Kredivo
[Company-Direct] Found 0 jobs from Mitrais
[Company-Direct] Found 0 jobs from TabSquare
[Company-Direct] Found 3 jobs from Grab
[Company-Direct] Found 2 jobs from Wise
[Company-Direct] Found 0 jobs from Kata.ai
[Company-Direct] Found 1 jobs from Carousell
[Company-Direct] Found 2 jobs from Bookipi
[Company-Direct] Found 0 jobs from Shippit
RemoteOK: 0 jobs, 0 errors
Remotive: 0 jobs, 0 errors
Greenhouse: 538 jobs, 2 errors
JapanDev: 0 jobs, 0 errors
WeWorkRemotely: 0 jobs, 0 errors
TechInAsia: 6 jobs, 0 errors
Kalibrr: 3 jobs, 0 errors
Blibli: 28 jobs, 0 errors
BankNeo: 0 jobs, 0 errors
JSearch: 0 jobs, 3 errors

Total raw jobs collected: 575
After filtering: 77 jobs
After deduplication: 2 new jobs
Appended 2 jobs to Google Sheets

Errors (5):
  - ReCharge crawl failed: Greenhouse API responded with status 404 for ReCharge
  - Skillshare crawl failed: Lever API responded with status 404 for Skillshare
  - JSearch query "software engineer" failed: JSearch API responded with status 429 for query "software engineer"
  - JSearch query "backend engineer" failed: JSearch API responded with status 429 for query "backend engineer"
  - JSearch query "fullstack developer" failed: JSearch API responded with status 429 for query "fullstack developer"

=== Job Crawler Complete ===

## 2026-06-23T19:51:03Z
=== Job Crawler Starting ===
Time: 2026-06-23T19:50:34.174Z
Existing jobs in sheet: 8867
[Remotive] Found 0 jobs
[Company-Direct] Found 1 jobs from GitLab
[WeWorkRemotely] Found 0 jobs
[Company-Direct] Found 3 jobs from Cloudflare
[RemoteOK] Found 0 jobs
[Company-Direct] Found 5 jobs from Figma
[Company-Direct] Found 7 jobs from Stripe
[JSearch] Error for query "software engineer": JSearch API responded with status 429 for query "software engineer"
[Company-Direct] Found 0 jobs from Vercel
[JapanDev] Found 0 jobs
[JSearch] Error for query "backend engineer": JSearch API responded with status 429 for query "backend engineer"
[Company-Direct] Found 0 jobs from Speechify
[Company-Direct] Found 0 jobs from CircleCI
[Company-Direct] Found 0 jobs from Consensys
[JSearch] Error for query "fullstack developer": JSearch API responded with status 429 for query "fullstack developer"
[JSearch] Total: 0 jobs from 3 queries
[Company-Direct] Found 1 jobs from Modern Health
[Company-Direct] Error crawling ReCharge: Greenhouse API responded with status 404 for ReCharge
[Company-Direct] Found 2 jobs from Xendit
[Company-Direct] Found 3 jobs from Agoda
[BankNeo] Found 0 jobs (0 total)
[Company-Direct] Found 13 jobs from Twilio
[Company-Direct] Found 0 jobs from Remote
[Company-Direct] Found 2 jobs from Imply
[Kalibrr] Query "software engineer": found 50 jobs (total: 1082)
[Company-Direct] Found 0 jobs from Netflix
[Kalibrr] Query "backend engineer": found 50 jobs (total: 1082)
[Kalibrr] Query "fullstack developer": found 50 jobs (total: 1082)
[Kalibrr] Total: 1 jobs from 3 queries
[Company-Direct] Found 329 jobs from Jobgether
[Company-Direct] Found 0 jobs from Kraken
[Company-Direct] Found 0 jobs from Medium
[Company-Direct] Error crawling Skillshare: Lever API responded with status 404 for Skillshare
[Company-Direct] Found 0 jobs from Tiket
[Company-Direct] Found 0 jobs from Xsolla
[Company-Direct] Found 0 jobs from Notion
[Company-Direct] Found 0 jobs from Ramp
[Company-Direct] Found 0 jobs from Linear
[Company-Direct] Found 0 jobs from Deel
[Company-Direct] Found 0 jobs from Pave
[Company-Direct] Found 0 jobs from Bespoke Labs
[Company-Direct] Found 0 jobs from Snowflake
[Company-Direct] Found 0 jobs from Perplexity AI
[Company-Direct] Found 0 jobs from Lavendo
[Company-Direct] Found 0 jobs from Employment Hero
[Company-Direct] Found 21 jobs from Ajaib
[TechInAsia] Found 6 jobs (total available: 303)
[Company-Direct] Found 23 jobs from Stockbit
[Company-Direct] Found 0 jobs from Traveloka
[Company-Direct] Found 0 jobs from Dana
[Company-Direct] Found 0 jobs from Halodoc
[Company-Direct] Found 0 jobs from Kredivo
[Company-Direct] Found 0 jobs from Mitrais
[Company-Direct] Found 0 jobs from TabSquare
[Blibli] Found 28 jobs (28 engineering out of 168 total)
[Company-Direct] Found 3 jobs from Grab
[Company-Direct] Found 3 jobs from Wise
[Company-Direct] Found 0 jobs from Kata.ai
[Company-Direct] Found 1 jobs from Carousell
[Company-Direct] Found 2 jobs from Bookipi
[Company-Direct] Found 0 jobs from Shippit
RemoteOK: 0 jobs, 0 errors
Remotive: 0 jobs, 0 errors
Greenhouse: 419 jobs, 2 errors
JapanDev: 0 jobs, 0 errors
WeWorkRemotely: 0 jobs, 0 errors
TechInAsia: 6 jobs, 0 errors
Kalibrr: 1 jobs, 0 errors
Blibli: 28 jobs, 0 errors
BankNeo: 0 jobs, 0 errors
JSearch: 0 jobs, 3 errors

Total raw jobs collected: 454
After filtering: 46 jobs
After deduplication: 3 new jobs
Appended 3 jobs to Google Sheets

Errors (5):
  - ReCharge crawl failed: Greenhouse API responded with status 404 for ReCharge
  - Skillshare crawl failed: Lever API responded with status 404 for Skillshare
  - JSearch query "software engineer" failed: JSearch API responded with status 429 for query "software engineer"
  - JSearch query "backend engineer" failed: JSearch API responded with status 429 for query "backend engineer"
  - JSearch query "fullstack developer" failed: JSearch API responded with status 429 for query "fullstack developer"

=== Job Crawler Complete ===

## 2026-06-24T02:31:02Z
=== Job Crawler Starting ===
Time: 2026-06-24T02:30:02.135Z
Existing jobs in sheet: 8870
[Remotive] Found 0 jobs
[WeWorkRemotely] Found 0 jobs
[Company-Direct] Found 0 jobs from GitLab
[Company-Direct] Found 4 jobs from Cloudflare
[RemoteOK] Found 0 jobs
[Company-Direct] Found 4 jobs from Figma
[JSearch] Error for query "software engineer": JSearch API responded with status 429 for query "software engineer"
[JapanDev] Found 0 jobs
[JSearch] Error for query "backend engineer": JSearch API responded with status 429 for query "backend engineer"
[JSearch] Error for query "fullstack developer": JSearch API responded with status 429 for query "fullstack developer"
[JSearch] Total: 0 jobs from 3 queries
[Company-Direct] Found 8 jobs from Stripe
[Company-Direct] Found 0 jobs from Vercel
[Company-Direct] Found 0 jobs from Speechify
[Company-Direct] Found 0 jobs from CircleCI
[Company-Direct] Found 0 jobs from Consensys
[Company-Direct] Found 1 jobs from Modern Health
[Company-Direct] Error crawling ReCharge: Greenhouse API responded with status 404 for ReCharge
[Company-Direct] Found 2 jobs from Xendit
[BankNeo] Found 0 jobs (0 total)
[Company-Direct] Found 3 jobs from Agoda
[Company-Direct] Found 12 jobs from Twilio
[Company-Direct] Found 1 jobs from Remote
[Kalibrr] Query "software engineer": found 50 jobs (total: 1083)
[Company-Direct] Found 2 jobs from Imply
[Kalibrr] Query "backend engineer": found 50 jobs (total: 1083)
[Kalibrr] Query "fullstack developer": found 50 jobs (total: 1083)
[Kalibrr] Total: 12 jobs from 3 queries
[TechInAsia] Found 6 jobs (total available: 303)
[Company-Direct] Found 0 jobs from Netflix
[Blibli] Found 28 jobs (28 engineering out of 171 total)
[Company-Direct] Found 317 jobs from Jobgether
[Company-Direct] Found 0 jobs from Kraken
[Company-Direct] Found 0 jobs from Medium
[Company-Direct] Error crawling Skillshare: Lever API responded with status 404 for Skillshare
[Company-Direct] Found 0 jobs from Tiket
[Company-Direct] Found 0 jobs from Xsolla
[Company-Direct] Found 0 jobs from Notion
[Company-Direct] Found 0 jobs from Ramp
[Company-Direct] Found 0 jobs from Linear
[Company-Direct] Found 0 jobs from Deel
[Company-Direct] Found 0 jobs from Pave
[Company-Direct] Found 0 jobs from Bespoke Labs
[Company-Direct] Found 0 jobs from Snowflake
[Company-Direct] Found 0 jobs from Perplexity AI
[Company-Direct] Found 0 jobs from Lavendo
[Company-Direct] Found 0 jobs from Employment Hero
[Company-Direct] Found 21 jobs from Ajaib
[Company-Direct] Found 23 jobs from Stockbit
[Company-Direct] Found 0 jobs from Traveloka
[Company-Direct] Found 0 jobs from Dana
[Company-Direct] Found 0 jobs from Halodoc
[Company-Direct] Found 0 jobs from Kredivo
[Company-Direct] Found 0 jobs from Mitrais
[Company-Direct] Found 0 jobs from TabSquare
[Company-Direct] Found 3 jobs from Grab
[Company-Direct] Found 3 jobs from Wise
[Company-Direct] Found 0 jobs from Kata.ai
[Company-Direct] Found 0 jobs from Carousell
[Company-Direct] Found 2 jobs from Bookipi
[Company-Direct] Found 0 jobs from Shippit
RemoteOK: 0 jobs, 0 errors
Remotive: 0 jobs, 0 errors
Greenhouse: 406 jobs, 2 errors
JapanDev: 0 jobs, 0 errors
WeWorkRemotely: 0 jobs, 0 errors
TechInAsia: 6 jobs, 0 errors
Kalibrr: 12 jobs, 0 errors
Blibli: 28 jobs, 0 errors
BankNeo: 0 jobs, 0 errors
JSearch: 0 jobs, 3 errors

Total raw jobs collected: 452
After filtering: 39 jobs
After deduplication: 3 new jobs
Appended 3 jobs to Google Sheets

Errors (5):
  - ReCharge crawl failed: Greenhouse API responded with status 404 for ReCharge
  - Skillshare crawl failed: Lever API responded with status 404 for Skillshare
  - JSearch query "software engineer" failed: JSearch API responded with status 429 for query "software engineer"
  - JSearch query "backend engineer" failed: JSearch API responded with status 429 for query "backend engineer"
  - JSearch query "fullstack developer" failed: JSearch API responded with status 429 for query "fullstack developer"

=== Job Crawler Complete ===

## 2026-06-24T08:54:53Z
=== Job Crawler Starting ===
Time: 2026-06-24T08:54:03.428Z
Existing jobs in sheet: 8873
[Remotive] Found 0 jobs
[Company-Direct] Found 0 jobs from GitLab
[WeWorkRemotely] Found 0 jobs
[Company-Direct] Found 2 jobs from Cloudflare
[Company-Direct] Found 4 jobs from Figma
[JapanDev] Found 0 jobs
[Company-Direct] Found 8 jobs from Stripe
[Company-Direct] Found 0 jobs from Vercel
[JSearch] Error for query "software engineer": JSearch API responded with status 429 for query "software engineer"
[RemoteOK] Found 0 jobs
[JSearch] Error for query "backend engineer": JSearch API responded with status 429 for query "backend engineer"
[Company-Direct] Found 177 jobs from Speechify
[Kalibrr] Query "software engineer": found 50 jobs (total: 1142)
[BankNeo] Found 0 jobs (0 total)
[Company-Direct] Found 0 jobs from CircleCI
[Company-Direct] Found 0 jobs from Consensys
[Company-Direct] Found 1 jobs from Modern Health
[Company-Direct] Error crawling ReCharge: Greenhouse API responded with status 404 for ReCharge
[JSearch] Error for query "fullstack developer": JSearch API responded with status 429 for query "fullstack developer"
[JSearch] Total: 0 jobs from 3 queries
[Company-Direct] Found 2 jobs from Xendit
[Kalibrr] Query "backend engineer": found 50 jobs (total: 1142)
[Kalibrr] Query "fullstack developer": found 50 jobs (total: 1142)
[Kalibrr] Total: 3 jobs from 3 queries
[Company-Direct] Found 4 jobs from Agoda
[Company-Direct] Found 12 jobs from Twilio
[Company-Direct] Found 1 jobs from Remote
[Company-Direct] Found 2 jobs from Imply
[Company-Direct] Found 0 jobs from Netflix
[TechInAsia] Found 5 jobs (total available: 303)
[Company-Direct] Found 396 jobs from Jobgether
[Company-Direct] Found 0 jobs from Kraken
[Company-Direct] Found 0 jobs from Medium
[Company-Direct] Error crawling Skillshare: Lever API responded with status 404 for Skillshare
[Company-Direct] Found 0 jobs from Tiket
[Company-Direct] Found 0 jobs from Xsolla
[Company-Direct] Found 0 jobs from Notion
[Company-Direct] Found 0 jobs from Ramp
[Company-Direct] Found 0 jobs from Linear
[Company-Direct] Found 0 jobs from Deel
[Company-Direct] Found 0 jobs from Pave
[Company-Direct] Found 0 jobs from Bespoke Labs
[Company-Direct] Found 0 jobs from Snowflake
[Company-Direct] Found 0 jobs from Perplexity AI
[Company-Direct] Found 0 jobs from Lavendo
[Company-Direct] Found 0 jobs from Employment Hero
[Company-Direct] Found 21 jobs from Ajaib
[Blibli] Found 28 jobs (28 engineering out of 176 total)
[Company-Direct] Found 23 jobs from Stockbit
[Company-Direct] Found 0 jobs from Traveloka
[Company-Direct] Found 0 jobs from Dana
[Company-Direct] Found 0 jobs from Halodoc
[Company-Direct] Found 0 jobs from Kredivo
[Company-Direct] Found 0 jobs from Mitrais
[Company-Direct] Found 0 jobs from TabSquare
[Company-Direct] Found 2 jobs from Grab
[Company-Direct] Found 5 jobs from Wise
[Company-Direct] Found 0 jobs from Kata.ai
[Company-Direct] Found 0 jobs from Carousell
[Company-Direct] Found 2 jobs from Bookipi
[Company-Direct] Found 0 jobs from Shippit
RemoteOK: 0 jobs, 0 errors
Remotive: 0 jobs, 0 errors
Greenhouse: 662 jobs, 2 errors
JapanDev: 0 jobs, 0 errors
WeWorkRemotely: 0 jobs, 0 errors
TechInAsia: 5 jobs, 0 errors
Kalibrr: 3 jobs, 0 errors
Blibli: 28 jobs, 0 errors
BankNeo: 0 jobs, 0 errors
JSearch: 0 jobs, 3 errors

Total raw jobs collected: 698
After filtering: 185 jobs
After deduplication: 44 new jobs
Appended 44 jobs to Google Sheets

Errors (5):
  - ReCharge crawl failed: Greenhouse API responded with status 404 for ReCharge
  - Skillshare crawl failed: Lever API responded with status 404 for Skillshare
  - JSearch query "software engineer" failed: JSearch API responded with status 429 for query "software engineer"
  - JSearch query "backend engineer" failed: JSearch API responded with status 429 for query "backend engineer"
  - JSearch query "fullstack developer" failed: JSearch API responded with status 429 for query "fullstack developer"

=== Job Crawler Complete ===
