
## 2026-06-15T02:52:56Z
=== Job Crawler Starting ===
Time: 2026-06-15T02:52:08.530Z
Existing jobs in sheet: 8470
[Remotive] Found 0 jobs
[RemoteOK] Found 0 jobs
[WeWorkRemotely] Found 0 jobs
[Company-Direct] Found 0 jobs from GitLab
[Company-Direct] Found 0 jobs from Cloudflare
[Company-Direct] Found 0 jobs from Figma
[Company-Direct] Found 0 jobs from Stripe
[JapanDev] Found 0 jobs
[Company-Direct] Found 0 jobs from Vercel
[JSearch] Error for query "software engineer": JSearch API responded with status 429 for query "software engineer"
[Company-Direct] Found 188 jobs from Speechify
[JSearch] Error for query "backend engineer": JSearch API responded with status 429 for query "backend engineer"
[Company-Direct] Found 0 jobs from CircleCI
[Company-Direct] Found 0 jobs from Consensys
[JSearch] Error for query "fullstack developer": JSearch API responded with status 429 for query "fullstack developer"
[JSearch] Total: 0 jobs from 3 queries
[Company-Direct] Found 0 jobs from Modern Health
[Company-Direct] Found 0 jobs from ReCharge
[Company-Direct] Found 1 jobs from Xendit
[Company-Direct] Found 0 jobs from Agoda
[Company-Direct] Found 0 jobs from Twilio
[BankNeo] Found 0 jobs (0 total)
[Company-Direct] Found 0 jobs from Remote
[Company-Direct] Found 0 jobs from Imply
[Kalibrr] Query "software engineer": found 50 jobs (total: 1122)
[Kalibrr] Query "backend engineer": found 50 jobs (total: 1122)
[Kalibrr] Query "fullstack developer": found 50 jobs (total: 1122)
[Kalibrr] Total: 0 jobs from 3 queries
[TechInAsia] Found 2 jobs (total available: 324)
[Company-Direct] Found 0 jobs from Netflix
[Blibli] Found 24 jobs (24 engineering out of 157 total)
[Company-Direct] Found 0 jobs from Jobgether
[Company-Direct] Found 0 jobs from Kraken
[Company-Direct] Found 0 jobs from Medium
[Company-Direct] Error crawling Skillshare: Lever API responded with status 404 for Skillshare
[Company-Direct] Found 0 jobs from Tiket
[Company-Direct] Found 0 jobs from Xsolla
[Company-Direct] Found 0 jobs from Notion
[Company-Direct] Found 0 jobs from Ramp
[Company-Direct] Found 0 jobs from Linear
[Company-Direct] Found 0 jobs from Deel
[Company-Direct] Found 0 jobs from Pave
[Company-Direct] Found 0 jobs from Bespoke Labs
[Company-Direct] Found 0 jobs from Snowflake
[Company-Direct] Found 0 jobs from Perplexity AI
[Company-Direct] Found 0 jobs from Lavendo
[Company-Direct] Found 0 jobs from Employment Hero
[Company-Direct] Found 20 jobs from Ajaib
[Company-Direct] Found 24 jobs from Stockbit
[Company-Direct] Found 0 jobs from Traveloka
[Company-Direct] Found 0 jobs from Dana
[Company-Direct] Found 0 jobs from Halodoc
[Company-Direct] Found 0 jobs from Kredivo
[Company-Direct] Found 0 jobs from Mitrais
[Company-Direct] Found 0 jobs from TabSquare
[Company-Direct] Found 0 jobs from Grab
[Company-Direct] Found 0 jobs from Wise
[Company-Direct] Found 0 jobs from Kata.ai
[Company-Direct] Found 0 jobs from Carousell
[Company-Direct] Found 2 jobs from Bookipi
[Company-Direct] Found 2 jobs from Shippit
RemoteOK: 0 jobs, 0 errors
Remotive: 0 jobs, 0 errors
Greenhouse: 237 jobs, 1 errors
JapanDev: 0 jobs, 0 errors
WeWorkRemotely: 0 jobs, 0 errors
TechInAsia: 2 jobs, 0 errors
Kalibrr: 0 jobs, 0 errors
Blibli: 24 jobs, 0 errors
BankNeo: 0 jobs, 0 errors
JSearch: 0 jobs, 3 errors

Total raw jobs collected: 263
After filtering: 140 jobs
After deduplication: 0 new jobs
No new jobs to add

Errors (4):
  - Skillshare crawl failed: Lever API responded with status 404 for Skillshare
  - JSearch query "software engineer" failed: JSearch API responded with status 429 for query "software engineer"
  - JSearch query "backend engineer" failed: JSearch API responded with status 429 for query "backend engineer"
  - JSearch query "fullstack developer" failed: JSearch API responded with status 429 for query "fullstack developer"

=== Job Crawler Complete ===
