
## 2026-06-08T02:47:09Z
=== Job Crawler Starting ===
Time: 2026-06-08T02:46:38.965Z
Existing jobs in sheet: 8038
[Remotive] Found 0 jobs
[RemoteOK] Found 0 jobs
[Company-Direct] Found 0 jobs from GitLab
[WeWorkRemotely] Found 0 jobs
[Company-Direct] Found 0 jobs from Cloudflare
[Company-Direct] Found 0 jobs from Figma
[Company-Direct] Found 0 jobs from Stripe
[Company-Direct] Found 0 jobs from Vercel
[JapanDev] Found 0 jobs
[Company-Direct] Found 0 jobs from Speechify
[Company-Direct] Found 0 jobs from CircleCI
[Company-Direct] Found 0 jobs from Consensys
[Company-Direct] Found 0 jobs from Modern Health
[Company-Direct] Found 0 jobs from ReCharge
[Company-Direct] Found 1 jobs from Xendit
[Kalibrr] Query "software engineer": found 50 jobs (total: 1095)
[BankNeo] Found 0 jobs (0 total)
[Kalibrr] Query "backend engineer": found 50 jobs (total: 1095)
[Company-Direct] Found 0 jobs from Agoda
[Company-Direct] Found 0 jobs from Twilio
[Kalibrr] Query "fullstack developer": found 50 jobs (total: 1095)
[Kalibrr] Total: 0 jobs from 3 queries
[Company-Direct] Found 0 jobs from Remote
[Company-Direct] Found 0 jobs from Imply
[Company-Direct] Found 0 jobs from Netflix
[JSearch] Query "software engineer": found 10 jobs
[Company-Direct] Found 65 jobs from Jobgether
[Company-Direct] Found 0 jobs from Kraken
[Company-Direct] Found 0 jobs from Medium
[Company-Direct] Error crawling Skillshare: Lever API responded with status 404 for Skillshare
[Company-Direct] Found 0 jobs from Tiket
[Company-Direct] Found 0 jobs from Xsolla
[Company-Direct] Found 0 jobs from Notion
[Company-Direct] Found 0 jobs from Ramp
[Company-Direct] Found 0 jobs from Linear
[JSearch] Query "backend engineer": found 10 jobs
[Company-Direct] Found 0 jobs from Deel
[Company-Direct] Found 0 jobs from Pave
[Company-Direct] Found 0 jobs from Bespoke Labs
[Company-Direct] Found 0 jobs from Snowflake
[Company-Direct] Found 0 jobs from Perplexity AI
[Company-Direct] Found 0 jobs from Lavendo
[Company-Direct] Found 0 jobs from Employment Hero
[Company-Direct] Found 20 jobs from Ajaib
[JSearch] Query "fullstack developer": found 8 jobs
[JSearch] Total: 28 jobs from 3 queries
[TechInAsia] Found 1 jobs (total available: 328)
[Company-Direct] Found 25 jobs from Stockbit
[Company-Direct] Found 0 jobs from Traveloka
[Company-Direct] Found 0 jobs from Dana
[Company-Direct] Found 0 jobs from Halodoc
[Company-Direct] Found 0 jobs from Kredivo
[Company-Direct] Found 0 jobs from Mitrais
[Company-Direct] Found 0 jobs from TabSquare
[Company-Direct] Found 3 jobs from Grab
[Company-Direct] Found 0 jobs from Wise
[Company-Direct] Found 0 jobs from Kata.ai
[Blibli] Found 24 jobs (24 engineering out of 155 total)
[Company-Direct] Found 0 jobs from Carousell
[Company-Direct] Found 2 jobs from Bookipi
[Company-Direct] Found 2 jobs from Shippit
RemoteOK: 0 jobs, 0 errors
Remotive: 0 jobs, 0 errors
Greenhouse: 118 jobs, 1 errors
JapanDev: 0 jobs, 0 errors
WeWorkRemotely: 0 jobs, 0 errors
TechInAsia: 1 jobs, 0 errors
Kalibrr: 0 jobs, 0 errors
Blibli: 24 jobs, 0 errors
BankNeo: 0 jobs, 0 errors
JSearch: 28 jobs, 0 errors

Total raw jobs collected: 171
After filtering: 37 jobs
After deduplication: 18 new jobs
Appended 18 jobs to Google Sheets

Errors (1):
  - Skillshare crawl failed: Lever API responded with status 404 for Skillshare

=== Job Crawler Complete ===

## 2026-06-08T10:20:01Z
=== Job Crawler Starting ===
Time: 2026-06-08T10:19:23.490Z
Existing jobs in sheet: 8056
[Remotive] Found 0 jobs
[RemoteOK] Found 0 jobs
[Company-Direct] Found 1 jobs from GitLab
[WeWorkRemotely] Found 0 jobs
[Company-Direct] Found 1 jobs from Cloudflare
[JapanDev] Found 0 jobs
[Company-Direct] Found 0 jobs from Figma
[Company-Direct] Found 16 jobs from Stripe
[Company-Direct] Found 0 jobs from Vercel
[Kalibrr] Query "software engineer": found 50 jobs (total: 1125)
[BankNeo] Found 0 jobs (0 total)
[Company-Direct] Found 0 jobs from Speechify
[Company-Direct] Found 0 jobs from CircleCI
[Company-Direct] Found 0 jobs from Consensys
[Company-Direct] Found 0 jobs from Modern Health
[Kalibrr] Query "backend engineer": found 50 jobs (total: 1125)
[Company-Direct] Found 0 jobs from ReCharge
[Company-Direct] Found 1 jobs from Xendit
[Company-Direct] Found 6 jobs from Agoda
[Company-Direct] Found 0 jobs from Twilio
[Kalibrr] Query "fullstack developer": found 50 jobs (total: 1125)
[Kalibrr] Total: 10 jobs from 3 queries
[Company-Direct] Found 10 jobs from Remote
[Company-Direct] Found 0 jobs from Imply
[Company-Direct] Found 0 jobs from Netflix
[JSearch] Query "software engineer": found 10 jobs
[Company-Direct] Found 191 jobs from Jobgether
[Company-Direct] Found 0 jobs from Kraken
[Company-Direct] Found 0 jobs from Medium
[Company-Direct] Error crawling Skillshare: Lever API responded with status 404 for Skillshare
[Company-Direct] Found 0 jobs from Tiket
[Company-Direct] Found 0 jobs from Xsolla
[Company-Direct] Found 0 jobs from Notion
[Company-Direct] Found 0 jobs from Ramp
[Company-Direct] Found 0 jobs from Linear
[Company-Direct] Found 0 jobs from Deel
[Company-Direct] Found 0 jobs from Pave
[Company-Direct] Found 0 jobs from Bespoke Labs
[Company-Direct] Found 0 jobs from Snowflake
[Company-Direct] Found 0 jobs from Perplexity AI
[Company-Direct] Found 0 jobs from Lavendo
[Company-Direct] Found 0 jobs from Employment Hero
[Company-Direct] Found 20 jobs from Ajaib
[JSearch] Query "backend engineer": found 9 jobs
[TechInAsia] Found 12 jobs (total available: 337)
[JSearch] Query "fullstack developer": found 9 jobs
[JSearch] Total: 28 jobs from 3 queries
[Blibli] Found 24 jobs (24 engineering out of 162 total)
[Company-Direct] Found 25 jobs from Stockbit
[Company-Direct] Found 0 jobs from Traveloka
[Company-Direct] Found 0 jobs from Dana
[Company-Direct] Found 0 jobs from Halodoc
[Company-Direct] Found 0 jobs from Kredivo
[Company-Direct] Found 0 jobs from Mitrais
[Company-Direct] Found 0 jobs from TabSquare
[Company-Direct] Found 6 jobs from Grab
[Company-Direct] Found 3 jobs from Wise
[Company-Direct] Found 0 jobs from Kata.ai
[Company-Direct] Found 0 jobs from Carousell
[Company-Direct] Found 2 jobs from Bookipi
[Company-Direct] Found 2 jobs from Shippit
RemoteOK: 0 jobs, 0 errors
Remotive: 0 jobs, 0 errors
Greenhouse: 284 jobs, 1 errors
JapanDev: 0 jobs, 0 errors
WeWorkRemotely: 0 jobs, 0 errors
TechInAsia: 12 jobs, 0 errors
Kalibrr: 10 jobs, 0 errors
Blibli: 24 jobs, 0 errors
BankNeo: 0 jobs, 0 errors
JSearch: 28 jobs, 0 errors

Total raw jobs collected: 358
After filtering: 88 jobs
After deduplication: 60 new jobs
Appended 60 jobs to Google Sheets

Errors (1):
  - Skillshare crawl failed: Lever API responded with status 404 for Skillshare

=== Job Crawler Complete ===

## 2026-06-08T15:32:50Z
=== Job Crawler Starting ===
Time: 2026-06-08T15:32:14.627Z
Existing jobs in sheet: 8116
[Remotive] Found 0 jobs
[RemoteOK] Found 0 jobs
[WeWorkRemotely] Found 0 jobs
[JapanDev] Found 0 jobs
[Kalibrr] Query "software engineer": found 50 jobs (total: 1125)
[BankNeo] Found 0 jobs (0 total)
[Kalibrr] Query "backend engineer": found 50 jobs (total: 1125)
[Kalibrr] Query "fullstack developer": found 50 jobs (total: 1125)
[Kalibrr] Total: 6 jobs from 3 queries
[Company-Direct] Found 2 jobs from GitLab
[Company-Direct] Found 1 jobs from Cloudflare
[Company-Direct] Found 0 jobs from Figma
[Company-Direct] Found 27 jobs from Stripe
[Company-Direct] Found 0 jobs from Vercel
[Company-Direct] Found 0 jobs from Speechify
[Company-Direct] Found 0 jobs from CircleCI
[Company-Direct] Found 0 jobs from Consensys
[Company-Direct] Found 0 jobs from Modern Health
[Company-Direct] Found 0 jobs from ReCharge
[Company-Direct] Found 1 jobs from Xendit
[Company-Direct] Found 8 jobs from Agoda
[Company-Direct] Found 23 jobs from Twilio
[Company-Direct] Found 10 jobs from Remote
[Company-Direct] Found 0 jobs from Imply
[Company-Direct] Found 0 jobs from Netflix
[JSearch] Query "software engineer": found 10 jobs
[Company-Direct] Found 400 jobs from Jobgether
[Company-Direct] Found 0 jobs from Kraken
[Company-Direct] Found 0 jobs from Medium
[Company-Direct] Error crawling Skillshare: Lever API responded with status 404 for Skillshare
[Company-Direct] Found 0 jobs from Tiket
[Company-Direct] Found 0 jobs from Xsolla
[Company-Direct] Found 0 jobs from Notion
[Company-Direct] Found 0 jobs from Ramp
[Company-Direct] Found 0 jobs from Linear
[Company-Direct] Found 0 jobs from Deel
[Company-Direct] Found 0 jobs from Pave
[Company-Direct] Found 0 jobs from Bespoke Labs
[Company-Direct] Found 0 jobs from Snowflake
[Company-Direct] Found 0 jobs from Perplexity AI
[Company-Direct] Found 0 jobs from Lavendo
[Company-Direct] Found 0 jobs from Employment Hero
[TechInAsia] Found 19 jobs (total available: 330)
[Company-Direct] Found 20 jobs from Ajaib
[JSearch] Query "backend engineer": found 10 jobs
[Blibli] Found 23 jobs (23 engineering out of 161 total)
[Company-Direct] Found 25 jobs from Stockbit
[Company-Direct] Found 0 jobs from Traveloka
[Company-Direct] Found 0 jobs from Dana
[Company-Direct] Found 0 jobs from Halodoc
[Company-Direct] Found 0 jobs from Kredivo
[Company-Direct] Found 0 jobs from Mitrais
[Company-Direct] Found 0 jobs from TabSquare
[JSearch] Query "fullstack developer": found 10 jobs
[JSearch] Total: 30 jobs from 3 queries
[Company-Direct] Found 8 jobs from Grab
[Company-Direct] Found 4 jobs from Wise
[Company-Direct] Found 0 jobs from Kata.ai
[Company-Direct] Found 1 jobs from Carousell
[Company-Direct] Found 2 jobs from Bookipi
[Company-Direct] Found 2 jobs from Shippit
RemoteOK: 0 jobs, 0 errors
Remotive: 0 jobs, 0 errors
Greenhouse: 534 jobs, 1 errors
JapanDev: 0 jobs, 0 errors
WeWorkRemotely: 0 jobs, 0 errors
TechInAsia: 19 jobs, 0 errors
Kalibrr: 6 jobs, 0 errors
Blibli: 23 jobs, 0 errors
BankNeo: 0 jobs, 0 errors
JSearch: 30 jobs, 0 errors

Total raw jobs collected: 612
After filtering: 125 jobs
After deduplication: 30 new jobs
Appended 30 jobs to Google Sheets

Errors (1):
  - Skillshare crawl failed: Lever API responded with status 404 for Skillshare

=== Job Crawler Complete ===
