
## 2026-07-20T03:10:18Z
=== Job Crawler Starting ===
Time: 2026-07-20T03:09:31.955Z
Existing jobs in sheet: 10716
[Remotive] Found 0 jobs
[WeWorkRemotely] Found 0 jobs
[Company-Direct] Found 0 jobs from GitLab
[Company-Direct] Found 0 jobs from Cloudflare
[RemoteOK] Found 0 jobs
[Company-Direct] Found 0 jobs from Figma
[JapanDev] Found 0 jobs
[Company-Direct] Found 0 jobs from Stripe
[Company-Direct] Found 0 jobs from Vercel
[JSearch] Error for query "software engineer": JSearch API responded with status 429 for query "software engineer"
[Company-Direct] Found 0 jobs from Speechify
[Company-Direct] Found 0 jobs from CircleCI
[Company-Direct] Found 0 jobs from Consensys
[Company-Direct] Found 0 jobs from Modern Health
[Company-Direct] Error crawling ReCharge: Greenhouse API responded with status 404 for ReCharge
[JSearch] Error for query "backend engineer": JSearch API responded with status 429 for query "backend engineer"
[Company-Direct] Found 3 jobs from Xendit
[JSearch] Error for query "fullstack developer": JSearch API responded with status 429 for query "fullstack developer"
[JSearch] Total: 0 jobs from 3 queries
[Company-Direct] Found 0 jobs from Agoda
[Company-Direct] Found 2 jobs from Twilio
[Company-Direct] Found 2 jobs from Remote
[Company-Direct] Found 0 jobs from Imply
[BankNeo] Found 0 jobs (0 total)
[Kalibrr] Query "software engineer": found 50 jobs (total: 1052)
[Company-Direct] Found 0 jobs from Netflix
[Kalibrr] Query "backend engineer": found 50 jobs (total: 1052)
[Kalibrr] Query "fullstack developer": found 50 jobs (total: 1052)
[Kalibrr] Total: 0 jobs from 3 queries
[Company-Direct] Found 23 jobs from Jobgether
[Company-Direct] Found 0 jobs from Kraken
[Company-Direct] Found 0 jobs from Medium
[Company-Direct] Error crawling Skillshare: Lever API responded with status 404 for Skillshare
[Company-Direct] Found 0 jobs from Tiket
[Company-Direct] Found 0 jobs from Xsolla
[Company-Direct] Found 0 jobs from Notion
[Company-Direct] Found 0 jobs from Ramp
[Company-Direct] Found 0 jobs from Linear
[Company-Direct] Found 0 jobs from Deel
[Company-Direct] Found 0 jobs from Pave
[Company-Direct] Found 0 jobs from Bespoke Labs
[Company-Direct] Found 0 jobs from Snowflake
[Company-Direct] Found 0 jobs from Perplexity AI
[Company-Direct] Found 0 jobs from Lavendo
[Company-Direct] Found 0 jobs from Employment Hero
[Company-Direct] Found 21 jobs from Ajaib
[TechInAsia] Found 1 jobs (total available: 306)
[Company-Direct] Found 24 jobs from Stockbit
[Company-Direct] Found 0 jobs from Traveloka
[Company-Direct] Found 0 jobs from Dana
[Company-Direct] Found 0 jobs from Halodoc
[Company-Direct] Found 0 jobs from Kredivo
[Company-Direct] Found 0 jobs from Mitrais
[Company-Direct] Found 0 jobs from TabSquare
[Company-Direct] Found 4 jobs from Grab
[Company-Direct] Found 0 jobs from Wise
[Company-Direct] Found 0 jobs from Kata.ai
[Company-Direct] Found 0 jobs from Carousell
[Company-Direct] Found 2 jobs from Bookipi
[Company-Direct] Found 0 jobs from Shippit
[Blibli] Found 51 jobs (51 engineering out of 169 total)
RemoteOK: 0 jobs, 0 errors
Remotive: 0 jobs, 0 errors
Greenhouse: 81 jobs, 2 errors
JapanDev: 0 jobs, 0 errors
WeWorkRemotely: 0 jobs, 0 errors
TechInAsia: 1 jobs, 0 errors
Kalibrr: 0 jobs, 0 errors
Blibli: 51 jobs, 0 errors
BankNeo: 0 jobs, 0 errors
JSearch: 0 jobs, 3 errors

Total raw jobs collected: 133
After filtering: 12 jobs
After deduplication: 2 new jobs
Appended 2 jobs to Google Sheets

Errors (5):
  - ReCharge crawl failed: Greenhouse API responded with status 404 for ReCharge
  - Skillshare crawl failed: Lever API responded with status 404 for Skillshare
  - JSearch query "software engineer" failed: JSearch API responded with status 429 for query "software engineer"
  - JSearch query "backend engineer" failed: JSearch API responded with status 429 for query "backend engineer"
  - JSearch query "fullstack developer" failed: JSearch API responded with status 429 for query "fullstack developer"

=== Job Crawler Complete ===

## 2026-07-20T08:43:39Z
=== Job Crawler Starting ===
Time: 2026-07-20T08:42:29.696Z
Existing jobs in sheet: 10718
[Remotive] Found 0 jobs
[WeWorkRemotely] Found 0 jobs
[Company-Direct] Found 0 jobs from GitLab
[RemoteOK] Found 0 jobs
[Company-Direct] Found 0 jobs from Cloudflare
[JSearch] Error for query "software engineer": JSearch API responded with status 429 for query "software engineer"
[Company-Direct] Found 0 jobs from Figma
[JapanDev] Found 0 jobs
[JSearch] Error for query "backend engineer": JSearch API responded with status 429 for query "backend engineer"
[JSearch] Error for query "fullstack developer": JSearch API responded with status 429 for query "fullstack developer"
[JSearch] Total: 0 jobs from 3 queries
[Company-Direct] Found 0 jobs from Stripe
[Company-Direct] Found 0 jobs from Vercel
[Company-Direct] Found 0 jobs from Speechify
[BankNeo] Found 0 jobs (0 total)
[Company-Direct] Found 0 jobs from CircleCI
[Company-Direct] Found 0 jobs from Consensys
[Company-Direct] Found 0 jobs from Modern Health
[Kalibrr] Query "software engineer": found 50 jobs (total: 1064)
[Company-Direct] Error crawling ReCharge: Greenhouse API responded with status 404 for ReCharge
[Company-Direct] Found 3 jobs from Xendit
[Company-Direct] Found 7 jobs from Agoda
[Company-Direct] Found 2 jobs from Twilio
[Kalibrr] Query "backend engineer": found 50 jobs (total: 1064)
[Kalibrr] Query "fullstack developer": found 50 jobs (total: 1064)
[Kalibrr] Total: 3 jobs from 3 queries
[Company-Direct] Found 2 jobs from Remote
[Company-Direct] Found 0 jobs from Imply
[TechInAsia] Found 4 jobs (total available: 308)
[Company-Direct] Found 0 jobs from Netflix
[Company-Direct] Found 334 jobs from Jobgether
[Company-Direct] Found 0 jobs from Kraken
[Company-Direct] Found 0 jobs from Medium
[Company-Direct] Error crawling Skillshare: Lever API responded with status 404 for Skillshare
[Company-Direct] Found 0 jobs from Tiket
[Company-Direct] Found 0 jobs from Xsolla
[Company-Direct] Found 0 jobs from Notion
[Company-Direct] Found 0 jobs from Ramp
[Company-Direct] Found 0 jobs from Linear
[Company-Direct] Found 0 jobs from Deel
[Company-Direct] Found 0 jobs from Pave
[Company-Direct] Found 0 jobs from Bespoke Labs
[Company-Direct] Found 0 jobs from Snowflake
[Company-Direct] Found 0 jobs from Perplexity AI
[Company-Direct] Found 0 jobs from Lavendo
[Company-Direct] Found 0 jobs from Employment Hero
[Company-Direct] Found 21 jobs from Ajaib
[Blibli] Found 51 jobs (51 engineering out of 169 total)
[Company-Direct] Found 24 jobs from Stockbit
[Company-Direct] Found 0 jobs from Traveloka
[Company-Direct] Found 0 jobs from Dana
[Company-Direct] Found 0 jobs from Halodoc
[Company-Direct] Found 0 jobs from Kredivo
[Company-Direct] Found 0 jobs from Mitrais
[Company-Direct] Found 0 jobs from TabSquare
[Company-Direct] Found 6 jobs from Grab
[Company-Direct] Found 4 jobs from Wise
[Company-Direct] Found 0 jobs from Kata.ai
[Company-Direct] Found 0 jobs from Carousell
[Company-Direct] Found 2 jobs from Bookipi
[Company-Direct] Found 0 jobs from Shippit
RemoteOK: 0 jobs, 0 errors
Remotive: 0 jobs, 0 errors
Greenhouse: 405 jobs, 2 errors
JapanDev: 0 jobs, 0 errors
WeWorkRemotely: 0 jobs, 0 errors
TechInAsia: 4 jobs, 0 errors
Kalibrr: 3 jobs, 0 errors
Blibli: 51 jobs, 0 errors
BankNeo: 0 jobs, 0 errors
JSearch: 0 jobs, 3 errors

Total raw jobs collected: 463
After filtering: 130 jobs
After deduplication: 114 new jobs
Appended 114 jobs to Google Sheets

Errors (5):
  - ReCharge crawl failed: Greenhouse API responded with status 404 for ReCharge
  - Skillshare crawl failed: Lever API responded with status 404 for Skillshare
  - JSearch query "software engineer" failed: JSearch API responded with status 429 for query "software engineer"
  - JSearch query "backend engineer" failed: JSearch API responded with status 429 for query "backend engineer"
  - JSearch query "fullstack developer" failed: JSearch API responded with status 429 for query "fullstack developer"

=== Job Crawler Complete ===

## 2026-07-20T13:50:14Z
=== Job Crawler Starting ===
Time: 2026-07-20T13:49:30.598Z
Existing jobs in sheet: 10832
[Remotive] Found 0 jobs
[WeWorkRemotely] Found 0 jobs
[Company-Direct] Found 5 jobs from GitLab
[Company-Direct] Found 2 jobs from Cloudflare
[Company-Direct] Found 0 jobs from Figma
[JSearch] Error for query "software engineer": JSearch API responded with status 429 for query "software engineer"
[JSearch] Error for query "backend engineer": JSearch API responded with status 429 for query "backend engineer"
[Company-Direct] Found 1 jobs from Stripe
[JapanDev] Found 0 jobs
[JSearch] Error for query "fullstack developer": JSearch API responded with status 429 for query "fullstack developer"
[JSearch] Total: 0 jobs from 3 queries
[Company-Direct] Found 0 jobs from Vercel
[Company-Direct] Found 55 jobs from Speechify
[Company-Direct] Found 0 jobs from CircleCI
[Company-Direct] Found 0 jobs from Consensys
[RemoteOK] Found 0 jobs
[Company-Direct] Found 0 jobs from Modern Health
[Company-Direct] Error crawling ReCharge: Greenhouse API responded with status 404 for ReCharge
[Company-Direct] Found 3 jobs from Xendit
[Company-Direct] Found 8 jobs from Agoda
[Kalibrr] Query "software engineer": found 50 jobs (total: 1067)
[Company-Direct] Found 0 jobs from Twilio
[BankNeo] Found 0 jobs (0 total)
[Company-Direct] Found 2 jobs from Remote
[Company-Direct] Found 0 jobs from Imply
[Kalibrr] Query "backend engineer": found 50 jobs (total: 1067)
[Company-Direct] Found 0 jobs from Netflix
[Kalibrr] Query "fullstack developer": found 50 jobs (total: 1067)
[Kalibrr] Total: 8 jobs from 3 queries
[Company-Direct] Found 436 jobs from Jobgether
[Company-Direct] Found 0 jobs from Kraken
[Company-Direct] Found 0 jobs from Medium
[Company-Direct] Error crawling Skillshare: Lever API responded with status 404 for Skillshare
[Company-Direct] Found 0 jobs from Tiket
[Company-Direct] Found 2 jobs from Xsolla
[Company-Direct] Found 0 jobs from Notion
[Company-Direct] Found 0 jobs from Ramp
[Company-Direct] Found 0 jobs from Linear
[Company-Direct] Found 0 jobs from Deel
[Company-Direct] Found 0 jobs from Pave
[Company-Direct] Found 0 jobs from Bespoke Labs
[Company-Direct] Found 0 jobs from Snowflake
[Company-Direct] Found 0 jobs from Perplexity AI
[Company-Direct] Found 0 jobs from Lavendo
[Company-Direct] Found 0 jobs from Employment Hero
[Company-Direct] Found 21 jobs from Ajaib
[TechInAsia] Found 7 jobs (total available: 306)
[Company-Direct] Found 24 jobs from Stockbit
[Company-Direct] Found 0 jobs from Traveloka
[Company-Direct] Found 0 jobs from Dana
[Company-Direct] Found 0 jobs from Halodoc
[Company-Direct] Found 0 jobs from Kredivo
[Company-Direct] Found 0 jobs from Mitrais
[Company-Direct] Found 0 jobs from TabSquare
[Company-Direct] Found 5 jobs from Grab
[Company-Direct] Found 6 jobs from Wise
[Company-Direct] Found 0 jobs from Kata.ai
[Company-Direct] Found 0 jobs from Carousell
[Company-Direct] Found 2 jobs from Bookipi
[Company-Direct] Found 0 jobs from Shippit
[Blibli] Found 51 jobs (51 engineering out of 169 total)
RemoteOK: 0 jobs, 0 errors
Remotive: 0 jobs, 0 errors
Greenhouse: 572 jobs, 2 errors
JapanDev: 0 jobs, 0 errors
WeWorkRemotely: 0 jobs, 0 errors
TechInAsia: 7 jobs, 0 errors
Kalibrr: 8 jobs, 0 errors
Blibli: 51 jobs, 0 errors
BankNeo: 0 jobs, 0 errors
JSearch: 0 jobs, 3 errors

Total raw jobs collected: 638
After filtering: 207 jobs
After deduplication: 22 new jobs
Appended 22 jobs to Google Sheets

Errors (5):
  - ReCharge crawl failed: Greenhouse API responded with status 404 for ReCharge
  - Skillshare crawl failed: Lever API responded with status 404 for Skillshare
  - JSearch query "software engineer" failed: JSearch API responded with status 429 for query "software engineer"
  - JSearch query "backend engineer" failed: JSearch API responded with status 429 for query "backend engineer"
  - JSearch query "fullstack developer" failed: JSearch API responded with status 429 for query "fullstack developer"

=== Job Crawler Complete ===

## 2026-07-20T19:27:23Z
=== Job Crawler Starting ===
Time: 2026-07-20T19:26:39.412Z
Existing jobs in sheet: 10854
[Remotive] Found 0 jobs
[WeWorkRemotely] Found 0 jobs
[Company-Direct] Found 5 jobs from GitLab
[Company-Direct] Found 3 jobs from Cloudflare
[Company-Direct] Found 1 jobs from Figma
[Company-Direct] Found 3 jobs from Stripe
[Company-Direct] Found 21 jobs from Vercel
[JapanDev] Found 0 jobs
[RemoteOK] Found 0 jobs
[Company-Direct] Found 117 jobs from Speechify
[JSearch] Error for query "software engineer": JSearch API responded with status 429 for query "software engineer"
[Company-Direct] Found 0 jobs from CircleCI
[Company-Direct] Found 0 jobs from Consensys
[Company-Direct] Found 0 jobs from Modern Health
[Company-Direct] Error crawling ReCharge: Greenhouse API responded with status 404 for ReCharge
[Company-Direct] Found 3 jobs from Xendit
[JSearch] Error for query "backend engineer": JSearch API responded with status 429 for query "backend engineer"
[Company-Direct] Found 8 jobs from Agoda
[BankNeo] Found 0 jobs (0 total)
[Company-Direct] Found 24 jobs from Twilio
[Company-Direct] Found 3 jobs from Remote
[Company-Direct] Found 0 jobs from Imply
[JSearch] Error for query "fullstack developer": JSearch API responded with status 429 for query "fullstack developer"
[JSearch] Total: 0 jobs from 3 queries
[Company-Direct] Found 0 jobs from Netflix
[Kalibrr] Query "software engineer": found 50 jobs (total: 1054)
[Kalibrr] Query "backend engineer": found 50 jobs (total: 1054)
[Kalibrr] Query "fullstack developer": found 50 jobs (total: 1054)
[Kalibrr] Total: 0 jobs from 3 queries
[Company-Direct] Found 443 jobs from Jobgether
[Company-Direct] Found 0 jobs from Kraken
[Company-Direct] Found 0 jobs from Medium
[Company-Direct] Error crawling Skillshare: Lever API responded with status 404 for Skillshare
[Company-Direct] Found 0 jobs from Tiket
[Company-Direct] Found 2 jobs from Xsolla
[Company-Direct] Found 0 jobs from Notion
[Company-Direct] Found 0 jobs from Ramp
[Company-Direct] Found 0 jobs from Linear
[Company-Direct] Found 0 jobs from Deel
[Company-Direct] Found 0 jobs from Pave
[Company-Direct] Found 0 jobs from Bespoke Labs
[Company-Direct] Found 0 jobs from Snowflake
[Company-Direct] Found 0 jobs from Perplexity AI
[Company-Direct] Found 0 jobs from Lavendo
[Company-Direct] Found 0 jobs from Employment Hero
[Company-Direct] Found 21 jobs from Ajaib
[TechInAsia] Found 7 jobs (total available: 306)
[Company-Direct] Found 24 jobs from Stockbit
[Company-Direct] Found 0 jobs from Traveloka
[Company-Direct] Found 0 jobs from Dana
[Company-Direct] Found 0 jobs from Halodoc
[Company-Direct] Found 0 jobs from Kredivo
[Company-Direct] Found 0 jobs from Mitrais
[Company-Direct] Found 0 jobs from TabSquare
[Company-Direct] Found 5 jobs from Grab
[Blibli] Found 51 jobs (51 engineering out of 170 total)
[Company-Direct] Found 7 jobs from Wise
[Company-Direct] Found 0 jobs from Kata.ai
[Company-Direct] Found 0 jobs from Carousell
[Company-Direct] Found 2 jobs from Bookipi
[Company-Direct] Found 0 jobs from Shippit
RemoteOK: 0 jobs, 0 errors
Remotive: 0 jobs, 0 errors
Greenhouse: 692 jobs, 2 errors
JapanDev: 0 jobs, 0 errors
WeWorkRemotely: 0 jobs, 0 errors
TechInAsia: 7 jobs, 0 errors
Kalibrr: 0 jobs, 0 errors
Blibli: 51 jobs, 0 errors
BankNeo: 0 jobs, 0 errors
JSearch: 0 jobs, 3 errors

Total raw jobs collected: 750
After filtering: 292 jobs
After deduplication: 0 new jobs
No new jobs to add

Errors (5):
  - ReCharge crawl failed: Greenhouse API responded with status 404 for ReCharge
  - Skillshare crawl failed: Lever API responded with status 404 for Skillshare
  - JSearch query "software engineer" failed: JSearch API responded with status 429 for query "software engineer"
  - JSearch query "backend engineer" failed: JSearch API responded with status 429 for query "backend engineer"
  - JSearch query "fullstack developer" failed: JSearch API responded with status 429 for query "fullstack developer"

=== Job Crawler Complete ===

## 2026-07-21T01:52:13Z
=== Job Crawler Starting ===
Time: 2026-07-21T01:51:30.537Z
Existing jobs in sheet: 10854
[Remotive] Found 0 jobs
[Company-Direct] Found 7 jobs from GitLab
[WeWorkRemotely] Found 0 jobs
[Company-Direct] Found 4 jobs from Cloudflare
[RemoteOK] Found 0 jobs
[JSearch] Error for query "software engineer": JSearch API responded with status 429 for query "software engineer"
[JapanDev] Found 0 jobs
[JSearch] Error for query "backend engineer": JSearch API responded with status 429 for query "backend engineer"
[JSearch] Error for query "fullstack developer": JSearch API responded with status 429 for query "fullstack developer"
[JSearch] Total: 0 jobs from 3 queries
[BankNeo] Found 0 jobs (0 total)
[Kalibrr] Query "software engineer": found 50 jobs (total: 1055)
[Company-Direct] Found 1 jobs from Figma
[Company-Direct] Found 9 jobs from Stripe
[Company-Direct] Found 21 jobs from Vercel
[Company-Direct] Found 117 jobs from Speechify
[Company-Direct] Found 0 jobs from CircleCI
[Company-Direct] Found 0 jobs from Consensys
[Company-Direct] Found 0 jobs from Modern Health
[Company-Direct] Error crawling ReCharge: Greenhouse API responded with status 404 for ReCharge
[Company-Direct] Found 3 jobs from Xendit
[Company-Direct] Found 8 jobs from Agoda
[Company-Direct] Found 24 jobs from Twilio
[Company-Direct] Found 3 jobs from Remote
[Company-Direct] Found 0 jobs from Imply
[Company-Direct] Found 0 jobs from Netflix
[Kalibrr] Query "backend engineer": found 50 jobs (total: 1055)
[Kalibrr] Query "fullstack developer": found 50 jobs (total: 1055)
[Kalibrr] Total: 0 jobs from 3 queries
[Company-Direct] Found 437 jobs from Jobgether
[Company-Direct] Found 0 jobs from Kraken
[Company-Direct] Found 0 jobs from Medium
[Company-Direct] Error crawling Skillshare: Lever API responded with status 404 for Skillshare
[Company-Direct] Found 0 jobs from Tiket
[Company-Direct] Found 2 jobs from Xsolla
[Company-Direct] Found 0 jobs from Notion
[Company-Direct] Found 0 jobs from Ramp
[Company-Direct] Found 0 jobs from Linear
[Company-Direct] Found 0 jobs from Deel
[Company-Direct] Found 0 jobs from Pave
[Company-Direct] Found 0 jobs from Bespoke Labs
[Company-Direct] Found 0 jobs from Snowflake
[Company-Direct] Found 0 jobs from Perplexity AI
[Company-Direct] Found 0 jobs from Lavendo
[Company-Direct] Found 0 jobs from Employment Hero
[Company-Direct] Found 21 jobs from Ajaib
[TechInAsia] Found 7 jobs (total available: 306)
[Company-Direct] Found 24 jobs from Stockbit
[Company-Direct] Found 0 jobs from Traveloka
[Company-Direct] Found 0 jobs from Dana
[Company-Direct] Found 0 jobs from Halodoc
[Company-Direct] Found 0 jobs from Kredivo
[Company-Direct] Found 0 jobs from Mitrais
[Company-Direct] Found 0 jobs from TabSquare
[Company-Direct] Found 5 jobs from Grab
[Company-Direct] Found 8 jobs from Wise
[Company-Direct] Found 0 jobs from Kata.ai
[Company-Direct] Found 0 jobs from Carousell
[Company-Direct] Found 2 jobs from Bookipi
[Company-Direct] Found 0 jobs from Shippit
[Blibli] Found 51 jobs (51 engineering out of 170 total)
RemoteOK: 0 jobs, 0 errors
Remotive: 0 jobs, 0 errors
Greenhouse: 696 jobs, 2 errors
JapanDev: 0 jobs, 0 errors
WeWorkRemotely: 0 jobs, 0 errors
TechInAsia: 7 jobs, 0 errors
Kalibrr: 0 jobs, 0 errors
Blibli: 51 jobs, 0 errors
BankNeo: 0 jobs, 0 errors
JSearch: 0 jobs, 3 errors

Total raw jobs collected: 754
After filtering: 295 jobs
After deduplication: 3 new jobs
Appended 3 jobs to Google Sheets

Errors (5):
  - ReCharge crawl failed: Greenhouse API responded with status 404 for ReCharge
  - Skillshare crawl failed: Lever API responded with status 404 for Skillshare
  - JSearch query "software engineer" failed: JSearch API responded with status 429 for query "software engineer"
  - JSearch query "backend engineer" failed: JSearch API responded with status 429 for query "backend engineer"
  - JSearch query "fullstack developer" failed: JSearch API responded with status 429 for query "fullstack developer"

=== Job Crawler Complete ===

## 2026-07-21T08:10:21Z
=== Job Crawler Starting ===
Time: 2026-07-21T08:09:33.535Z
Existing jobs in sheet: 10857
[Remotive] Found 0 jobs
[Company-Direct] Found 7 jobs from GitLab
[WeWorkRemotely] Found 0 jobs
[Company-Direct] Found 4 jobs from Cloudflare
[Company-Direct] Found 1 jobs from Figma
[RemoteOK] Found 0 jobs
[Company-Direct] Found 9 jobs from Stripe
[JapanDev] Found 0 jobs
[JSearch] Error for query "software engineer": JSearch API responded with status 429 for query "software engineer"
[BankNeo] Found 0 jobs (0 total)
[Kalibrr] Query "software engineer": found 50 jobs (total: 1069)
[Company-Direct] Found 21 jobs from Vercel
[Kalibrr] Query "backend engineer": found 50 jobs (total: 1069)
[Company-Direct] Found 117 jobs from Speechify
[Kalibrr] Query "fullstack developer": found 50 jobs (total: 1069)
[Kalibrr] Total: 0 jobs from 3 queries
[Company-Direct] Found 0 jobs from CircleCI
[Company-Direct] Found 0 jobs from Consensys
[Company-Direct] Found 0 jobs from Modern Health
[Company-Direct] Error crawling ReCharge: Greenhouse API responded with status 404 for ReCharge
[Company-Direct] Found 3 jobs from Xendit
[Company-Direct] Found 85 jobs from Agoda
[JSearch] Error for query "backend engineer": JSearch API responded with status 429 for query "backend engineer"
[Company-Direct] Found 23 jobs from Twilio
[Company-Direct] Found 1 jobs from Remote
[JSearch] Error for query "fullstack developer": JSearch API responded with status 429 for query "fullstack developer"
[JSearch] Total: 0 jobs from 3 queries
[Company-Direct] Found 0 jobs from Imply
[Company-Direct] Found 0 jobs from Netflix
[Company-Direct] Found 480 jobs from Jobgether
[Company-Direct] Found 0 jobs from Kraken
[Company-Direct] Found 0 jobs from Medium
[Company-Direct] Error crawling Skillshare: Lever API responded with status 404 for Skillshare
[Company-Direct] Found 0 jobs from Tiket
[Company-Direct] Found 3 jobs from Xsolla
[Company-Direct] Found 0 jobs from Notion
[Company-Direct] Found 0 jobs from Ramp
[Company-Direct] Found 0 jobs from Linear
[Company-Direct] Found 0 jobs from Deel
[Company-Direct] Found 0 jobs from Pave
[Company-Direct] Found 0 jobs from Bespoke Labs
[Company-Direct] Found 0 jobs from Snowflake
[Company-Direct] Found 0 jobs from Perplexity AI
[Company-Direct] Found 0 jobs from Lavendo
[Company-Direct] Found 0 jobs from Employment Hero
[Company-Direct] Found 21 jobs from Ajaib
[TechInAsia] Found 11 jobs (total available: 297)
[Company-Direct] Found 24 jobs from Stockbit
[Company-Direct] Found 0 jobs from Traveloka
[Company-Direct] Found 0 jobs from Dana
[Company-Direct] Found 0 jobs from Halodoc
[Company-Direct] Found 0 jobs from Kredivo
[Company-Direct] Found 0 jobs from Mitrais
[Company-Direct] Found 0 jobs from TabSquare
[Company-Direct] Found 7 jobs from Grab
[Company-Direct] Found 6 jobs from Wise
[Company-Direct] Found 0 jobs from Kata.ai
[Company-Direct] Found 0 jobs from Carousell
[Company-Direct] Found 2 jobs from Bookipi
[Company-Direct] Found 0 jobs from Shippit
[Blibli] Found 52 jobs (52 engineering out of 172 total)
RemoteOK: 0 jobs, 0 errors
Remotive: 0 jobs, 0 errors
Greenhouse: 814 jobs, 2 errors
JapanDev: 0 jobs, 0 errors
WeWorkRemotely: 0 jobs, 0 errors
TechInAsia: 11 jobs, 0 errors
Kalibrr: 0 jobs, 0 errors
Blibli: 52 jobs, 0 errors
BankNeo: 0 jobs, 0 errors
JSearch: 0 jobs, 3 errors

Total raw jobs collected: 877
After filtering: 292 jobs
After deduplication: 15 new jobs
Appended 15 jobs to Google Sheets

Errors (5):
  - ReCharge crawl failed: Greenhouse API responded with status 404 for ReCharge
  - Skillshare crawl failed: Lever API responded with status 404 for Skillshare
  - JSearch query "software engineer" failed: JSearch API responded with status 429 for query "software engineer"
  - JSearch query "backend engineer" failed: JSearch API responded with status 429 for query "backend engineer"
  - JSearch query "fullstack developer" failed: JSearch API responded with status 429 for query "fullstack developer"

=== Job Crawler Complete ===

## 2026-07-21T13:20:11Z
=== Job Crawler Starting ===
Time: 2026-07-21T13:19:15.403Z
Existing jobs in sheet: 10872
[Remotive] Found 0 jobs
[Company-Direct] Found 3 jobs from GitLab
[WeWorkRemotely] Found 0 jobs
[Company-Direct] Found 2 jobs from Cloudflare
[RemoteOK] Found 0 jobs
[Company-Direct] Found 1 jobs from Figma
[JSearch] Error for query "software engineer": JSearch API responded with status 429 for query "software engineer"
[JSearch] Error for query "backend engineer": JSearch API responded with status 429 for query "backend engineer"
[Company-Direct] Found 11 jobs from Stripe
[JapanDev] Found 0 jobs
[Company-Direct] Found 21 jobs from Vercel
[JSearch] Error for query "fullstack developer": JSearch API responded with status 429 for query "fullstack developer"
[JSearch] Total: 0 jobs from 3 queries
[Company-Direct] Found 92 jobs from Speechify
[Company-Direct] Found 0 jobs from CircleCI
[Company-Direct] Found 0 jobs from Consensys
[Company-Direct] Found 0 jobs from Modern Health
[Kalibrr] Query "software engineer": found 50 jobs (total: 1077)
[BankNeo] Error: BankNeo API responded with status 429
[Company-Direct] Error crawling ReCharge: Greenhouse API responded with status 404 for ReCharge
[Company-Direct] Found 3 jobs from Xendit
[Company-Direct] Found 87 jobs from Agoda
[Company-Direct] Found 22 jobs from Twilio
[Kalibrr] Query "backend engineer": found 50 jobs (total: 1077)
[Company-Direct] Found 1 jobs from Remote
[Company-Direct] Found 0 jobs from Imply
[Kalibrr] Query "fullstack developer": found 50 jobs (total: 1077)
[Kalibrr] Total: 5 jobs from 3 queries
[Company-Direct] Found 0 jobs from Netflix
[TechInAsia] Found 10 jobs (total available: 298)
[Company-Direct] Found 320 jobs from Jobgether
[Company-Direct] Found 0 jobs from Kraken
[Company-Direct] Found 0 jobs from Medium
[Company-Direct] Error crawling Skillshare: Lever API responded with status 404 for Skillshare
[Company-Direct] Found 0 jobs from Tiket
[Company-Direct] Found 1 jobs from Xsolla
[Company-Direct] Found 0 jobs from Notion
[Company-Direct] Found 0 jobs from Ramp
[Company-Direct] Found 0 jobs from Linear
[Company-Direct] Found 0 jobs from Deel
[Company-Direct] Found 0 jobs from Pave
[Company-Direct] Found 0 jobs from Bespoke Labs
[Company-Direct] Found 0 jobs from Snowflake
[Company-Direct] Found 0 jobs from Perplexity AI
[Company-Direct] Found 0 jobs from Lavendo
[Company-Direct] Found 0 jobs from Employment Hero
[Company-Direct] Found 21 jobs from Ajaib
[Blibli] Found 53 jobs (53 engineering out of 172 total)
[Company-Direct] Found 24 jobs from Stockbit
[Company-Direct] Found 0 jobs from Traveloka
[Company-Direct] Found 0 jobs from Dana
[Company-Direct] Found 0 jobs from Halodoc
[Company-Direct] Found 0 jobs from Kredivo
[Company-Direct] Found 0 jobs from Mitrais
[Company-Direct] Found 0 jobs from TabSquare
[Company-Direct] Found 5 jobs from Grab
[Company-Direct] Found 9 jobs from Wise
[Company-Direct] Found 0 jobs from Kata.ai
[Company-Direct] Found 0 jobs from Carousell
[Company-Direct] Found 2 jobs from Bookipi
[Company-Direct] Found 0 jobs from Shippit
RemoteOK: 0 jobs, 0 errors
Remotive: 0 jobs, 0 errors
Greenhouse: 625 jobs, 2 errors
JapanDev: 0 jobs, 0 errors
WeWorkRemotely: 0 jobs, 0 errors
TechInAsia: 10 jobs, 0 errors
Kalibrr: 5 jobs, 0 errors
Blibli: 53 jobs, 0 errors
BankNeo: 0 jobs, 1 errors
JSearch: 0 jobs, 3 errors

Total raw jobs collected: 693
After filtering: 185 jobs
After deduplication: 19 new jobs
Appended 19 jobs to Google Sheets

Errors (6):
  - ReCharge crawl failed: Greenhouse API responded with status 404 for ReCharge
  - Skillshare crawl failed: Lever API responded with status 404 for Skillshare
  - BankNeo crawl failed: BankNeo API responded with status 429
  - JSearch query "software engineer" failed: JSearch API responded with status 429 for query "software engineer"
  - JSearch query "backend engineer" failed: JSearch API responded with status 429 for query "backend engineer"
  - JSearch query "fullstack developer" failed: JSearch API responded with status 429 for query "fullstack developer"

=== Job Crawler Complete ===

## 2026-07-21T19:05:58Z
=== Job Crawler Starting ===
Time: 2026-07-21T19:05:13.082Z
Existing jobs in sheet: 10891
[Remotive] Found 0 jobs
[Company-Direct] Found 3 jobs from GitLab
[WeWorkRemotely] Found 0 jobs
[Company-Direct] Found 6 jobs from Cloudflare
[RemoteOK] Found 0 jobs
[Company-Direct] Found 0 jobs from Figma
[JSearch] Error for query "software engineer": JSearch API responded with status 429 for query "software engineer"
[JSearch] Error for query "backend engineer": JSearch API responded with status 429 for query "backend engineer"
[Company-Direct] Found 11 jobs from Stripe
[JSearch] Error for query "fullstack developer": JSearch API responded with status 429 for query "fullstack developer"
[JSearch] Total: 0 jobs from 3 queries
[JapanDev] Found 0 jobs
[Company-Direct] Found 21 jobs from Vercel
[Company-Direct] Found 12 jobs from Speechify
[Company-Direct] Found 0 jobs from CircleCI
[Company-Direct] Found 0 jobs from Consensys
[Company-Direct] Found 7 jobs from Modern Health
[Company-Direct] Error crawling ReCharge: Greenhouse API responded with status 404 for ReCharge
[Company-Direct] Found 3 jobs from Xendit
[Company-Direct] Found 87 jobs from Agoda
[BankNeo] Found 0 jobs (0 total)
[Kalibrr] Query "software engineer": found 50 jobs (total: 1073)
[Company-Direct] Found 4 jobs from Twilio
[Company-Direct] Found 0 jobs from Remote
[Company-Direct] Found 0 jobs from Imply
[Company-Direct] Found 0 jobs from Netflix
[Kalibrr] Query "backend engineer": found 50 jobs (total: 1073)
[Kalibrr] Query "fullstack developer": found 50 jobs (total: 1073)
[Kalibrr] Total: 6 jobs from 3 queries
[Company-Direct] Found 326 jobs from Jobgether
[Company-Direct] Found 0 jobs from Kraken
[Company-Direct] Found 0 jobs from Medium
[Company-Direct] Error crawling Skillshare: Lever API responded with status 404 for Skillshare
[Company-Direct] Found 0 jobs from Tiket
[Company-Direct] Found 2 jobs from Xsolla
[Company-Direct] Found 0 jobs from Notion
[Company-Direct] Found 0 jobs from Ramp
[Company-Direct] Found 0 jobs from Linear
[Company-Direct] Found 0 jobs from Deel
[Company-Direct] Found 0 jobs from Pave
[Company-Direct] Found 0 jobs from Bespoke Labs
[Company-Direct] Found 0 jobs from Snowflake
[Company-Direct] Found 0 jobs from Perplexity AI
[Company-Direct] Found 0 jobs from Lavendo
[Company-Direct] Found 0 jobs from Employment Hero
[Company-Direct] Found 21 jobs from Ajaib
[TechInAsia] Found 10 jobs (total available: 297)
[Company-Direct] Found 24 jobs from Stockbit
[Company-Direct] Found 0 jobs from Traveloka
[Company-Direct] Found 0 jobs from Dana
[Company-Direct] Found 0 jobs from Halodoc
[Company-Direct] Found 0 jobs from Kredivo
[Company-Direct] Found 0 jobs from Mitrais
[Company-Direct] Found 0 jobs from TabSquare
[Company-Direct] Found 5 jobs from Grab
[Company-Direct] Found 8 jobs from Wise
[Company-Direct] Found 0 jobs from Kata.ai
[Company-Direct] Found 0 jobs from Carousell
[Company-Direct] Found 2 jobs from Bookipi
[Company-Direct] Found 0 jobs from Shippit
[Blibli] Found 53 jobs (53 engineering out of 172 total)
RemoteOK: 0 jobs, 0 errors
Remotive: 0 jobs, 0 errors
Greenhouse: 542 jobs, 2 errors
JapanDev: 0 jobs, 0 errors
WeWorkRemotely: 0 jobs, 0 errors
TechInAsia: 10 jobs, 0 errors
Kalibrr: 6 jobs, 0 errors
Blibli: 53 jobs, 0 errors
BankNeo: 0 jobs, 0 errors
JSearch: 0 jobs, 3 errors

Total raw jobs collected: 611
After filtering: 103 jobs
After deduplication: 0 new jobs
No new jobs to add

Errors (5):
  - ReCharge crawl failed: Greenhouse API responded with status 404 for ReCharge
  - Skillshare crawl failed: Lever API responded with status 404 for Skillshare
  - JSearch query "software engineer" failed: JSearch API responded with status 429 for query "software engineer"
  - JSearch query "backend engineer" failed: JSearch API responded with status 429 for query "backend engineer"
  - JSearch query "fullstack developer" failed: JSearch API responded with status 429 for query "fullstack developer"

=== Job Crawler Complete ===

## 2026-07-22T01:51:14Z
=== Job Crawler Starting ===
Time: 2026-07-22T01:50:23.559Z
Existing jobs in sheet: 10891
[Remotive] Found 0 jobs
[WeWorkRemotely] Found 0 jobs
[Company-Direct] Found 3 jobs from GitLab
[Company-Direct] Found 13 jobs from Cloudflare
[RemoteOK] Found 0 jobs
[Company-Direct] Found 0 jobs from Figma
[JSearch] Error for query "software engineer": JSearch API responded with status 429 for query "software engineer"
[JSearch] Error for query "backend engineer": JSearch API responded with status 429 for query "backend engineer"
[Company-Direct] Found 138 jobs from Stripe
[JapanDev] Found 0 jobs
[JSearch] Error for query "fullstack developer": JSearch API responded with status 429 for query "fullstack developer"
[JSearch] Total: 0 jobs from 3 queries
[Company-Direct] Found 1 jobs from Vercel
[Company-Direct] Found 153 jobs from Speechify
[Company-Direct] Found 0 jobs from CircleCI
[Company-Direct] Found 0 jobs from Consensys
[Company-Direct] Found 7 jobs from Modern Health
[Company-Direct] Error crawling ReCharge: Greenhouse API responded with status 404 for ReCharge
[Kalibrr] Query "software engineer": found 50 jobs (total: 1072)
[Company-Direct] Found 3 jobs from Xendit
[Company-Direct] Found 87 jobs from Agoda
[BankNeo] Found 0 jobs (0 total)
[Company-Direct] Found 7 jobs from Twilio
[Company-Direct] Found 0 jobs from Remote
[Company-Direct] Found 0 jobs from Imply
[Kalibrr] Query "backend engineer": found 50 jobs (total: 1072)
[Kalibrr] Query "fullstack developer": found 50 jobs (total: 1072)
[Kalibrr] Total: 6 jobs from 3 queries
[Company-Direct] Found 0 jobs from Netflix
[TechInAsia] Found 10 jobs (total available: 296)
[Company-Direct] Found 326 jobs from Jobgether
[Company-Direct] Found 0 jobs from Kraken
[Company-Direct] Found 0 jobs from Medium
[Company-Direct] Error crawling Skillshare: Lever API responded with status 404 for Skillshare
[Company-Direct] Found 0 jobs from Tiket
[Company-Direct] Found 2 jobs from Xsolla
[Company-Direct] Found 0 jobs from Notion
[Company-Direct] Found 0 jobs from Ramp
[Company-Direct] Found 0 jobs from Linear
[Company-Direct] Found 0 jobs from Deel
[Company-Direct] Found 0 jobs from Pave
[Company-Direct] Found 0 jobs from Bespoke Labs
[Company-Direct] Found 0 jobs from Snowflake
[Company-Direct] Found 0 jobs from Perplexity AI
[Company-Direct] Found 0 jobs from Lavendo
[Company-Direct] Found 0 jobs from Employment Hero
[Company-Direct] Found 21 jobs from Ajaib
[Company-Direct] Found 24 jobs from Stockbit
[Company-Direct] Found 0 jobs from Traveloka
[Company-Direct] Found 0 jobs from Dana
[Company-Direct] Found 0 jobs from Halodoc
[Company-Direct] Found 0 jobs from Kredivo
[Company-Direct] Found 0 jobs from Mitrais
[Company-Direct] Found 0 jobs from TabSquare
[Company-Direct] Found 5 jobs from Grab
[Blibli] Found 53 jobs (53 engineering out of 172 total)
[Company-Direct] Found 7 jobs from Wise
[Company-Direct] Found 0 jobs from Kata.ai
[Company-Direct] Found 0 jobs from Carousell
[Company-Direct] Found 2 jobs from Bookipi
[Company-Direct] Found 0 jobs from Shippit
RemoteOK: 0 jobs, 0 errors
Remotive: 0 jobs, 0 errors
Greenhouse: 799 jobs, 2 errors
JapanDev: 0 jobs, 0 errors
WeWorkRemotely: 0 jobs, 0 errors
TechInAsia: 10 jobs, 0 errors
Kalibrr: 6 jobs, 0 errors
Blibli: 53 jobs, 0 errors
BankNeo: 0 jobs, 0 errors
JSearch: 0 jobs, 3 errors

Total raw jobs collected: 868
After filtering: 111 jobs
After deduplication: 1 new jobs
Appended 1 jobs to Google Sheets

Errors (5):
  - ReCharge crawl failed: Greenhouse API responded with status 404 for ReCharge
  - Skillshare crawl failed: Lever API responded with status 404 for Skillshare
  - JSearch query "software engineer" failed: JSearch API responded with status 429 for query "software engineer"
  - JSearch query "backend engineer" failed: JSearch API responded with status 429 for query "backend engineer"
  - JSearch query "fullstack developer" failed: JSearch API responded with status 429 for query "fullstack developer"

=== Job Crawler Complete ===

## 2026-07-22T08:10:41Z
=== Job Crawler Starting ===
Time: 2026-07-22T08:09:54.270Z
Existing jobs in sheet: 10892
[Remotive] Found 0 jobs
[Company-Direct] Found 4 jobs from GitLab
[WeWorkRemotely] Found 0 jobs
[RemoteOK] Found 0 jobs
[Company-Direct] Found 13 jobs from Cloudflare
[Company-Direct] Found 0 jobs from Figma
[JapanDev] Found 0 jobs
[Company-Direct] Found 136 jobs from Stripe
[Company-Direct] Found 1 jobs from Vercel
[JSearch] Error for query "software engineer": JSearch API responded with status 429 for query "software engineer"
[JSearch] Error for query "backend engineer": JSearch API responded with status 429 for query "backend engineer"
[Company-Direct] Found 155 jobs from Speechify
[Kalibrr] Query "software engineer": found 50 jobs (total: 1087)
[BankNeo] Found 0 jobs (0 total)
[Company-Direct] Found 0 jobs from CircleCI
[Company-Direct] Found 0 jobs from Consensys
[Company-Direct] Found 7 jobs from Modern Health
[Company-Direct] Error crawling ReCharge: Greenhouse API responded with status 404 for ReCharge
[Company-Direct] Found 3 jobs from Xendit
[JSearch] Error for query "fullstack developer": JSearch API responded with status 429 for query "fullstack developer"
[JSearch] Total: 0 jobs from 3 queries
[Company-Direct] Found 7 jobs from Agoda
[Kalibrr] Query "backend engineer": found 50 jobs (total: 1087)
[Company-Direct] Found 9 jobs from Twilio
[Company-Direct] Found 0 jobs from Remote
[Kalibrr] Query "fullstack developer": found 50 jobs (total: 1087)
[Kalibrr] Total: 7 jobs from 3 queries
[Company-Direct] Found 0 jobs from Imply
[Company-Direct] Found 0 jobs from Netflix
[Company-Direct] Found 185 jobs from Jobgether
[Company-Direct] Found 0 jobs from Kraken
[Company-Direct] Found 0 jobs from Medium
[Company-Direct] Error crawling Skillshare: Lever API responded with status 404 for Skillshare
[Company-Direct] Found 0 jobs from Tiket
[Company-Direct] Found 1 jobs from Xsolla
[Company-Direct] Found 0 jobs from Notion
[Company-Direct] Found 0 jobs from Ramp
[Company-Direct] Found 0 jobs from Linear
[Company-Direct] Found 0 jobs from Deel
[Company-Direct] Found 0 jobs from Pave
[Company-Direct] Found 0 jobs from Bespoke Labs
[Company-Direct] Found 0 jobs from Snowflake
[Company-Direct] Found 0 jobs from Perplexity AI
[Company-Direct] Found 0 jobs from Lavendo
[Company-Direct] Found 0 jobs from Employment Hero
[Company-Direct] Found 21 jobs from Ajaib
[TechInAsia] Found 16 jobs (total available: 295)
[Company-Direct] Found 23 jobs from Stockbit
[Company-Direct] Found 0 jobs from Traveloka
[Company-Direct] Found 0 jobs from Dana
[Company-Direct] Found 0 jobs from Halodoc
[Company-Direct] Found 0 jobs from Kredivo
[Company-Direct] Found 0 jobs from Mitrais
[Company-Direct] Found 0 jobs from TabSquare
[Company-Direct] Found 7 jobs from Grab
[Company-Direct] Found 5 jobs from Wise
[Company-Direct] Found 0 jobs from Kata.ai
[Company-Direct] Found 0 jobs from Carousell
[Company-Direct] Found 2 jobs from Bookipi
[Company-Direct] Found 0 jobs from Shippit
[Blibli] Found 52 jobs (52 engineering out of 173 total)
RemoteOK: 0 jobs, 0 errors
Remotive: 0 jobs, 0 errors
Greenhouse: 579 jobs, 2 errors
JapanDev: 0 jobs, 0 errors
WeWorkRemotely: 0 jobs, 0 errors
TechInAsia: 16 jobs, 0 errors
Kalibrr: 7 jobs, 0 errors
Blibli: 52 jobs, 0 errors
BankNeo: 0 jobs, 0 errors
JSearch: 0 jobs, 3 errors

Total raw jobs collected: 654
After filtering: 96 jobs
After deduplication: 26 new jobs
Appended 26 jobs to Google Sheets

Errors (5):
  - ReCharge crawl failed: Greenhouse API responded with status 404 for ReCharge
  - Skillshare crawl failed: Lever API responded with status 404 for Skillshare
  - JSearch query "software engineer" failed: JSearch API responded with status 429 for query "software engineer"
  - JSearch query "backend engineer" failed: JSearch API responded with status 429 for query "backend engineer"
  - JSearch query "fullstack developer" failed: JSearch API responded with status 429 for query "fullstack developer"

=== Job Crawler Complete ===

## 2026-07-22T13:24:10Z
=== Job Crawler Starting ===
Time: 2026-07-22T13:23:22.655Z
Existing jobs in sheet: 10918
[Remotive] Found 0 jobs
[Company-Direct] Found 3 jobs from GitLab
[WeWorkRemotely] Found 0 jobs
[Company-Direct] Found 13 jobs from Cloudflare
[RemoteOK] Found 0 jobs
[Company-Direct] Found 46 jobs from Figma
[JSearch] Error for query "software engineer": JSearch API responded with status 429 for query "software engineer"
[Company-Direct] Found 133 jobs from Stripe
[JapanDev] Found 0 jobs
[Company-Direct] Found 1 jobs from Vercel
[JSearch] Error for query "backend engineer": JSearch API responded with status 429 for query "backend engineer"
[Company-Direct] Found 155 jobs from Speechify
[JSearch] Error for query "fullstack developer": JSearch API responded with status 429 for query "fullstack developer"
[JSearch] Total: 0 jobs from 3 queries
[Company-Direct] Found 0 jobs from CircleCI
[Company-Direct] Found 0 jobs from Consensys
[Company-Direct] Found 7 jobs from Modern Health
[Company-Direct] Error crawling ReCharge: Greenhouse API responded with status 404 for ReCharge
[Company-Direct] Found 3 jobs from Xendit
[BankNeo] Found 0 jobs (0 total)
[Company-Direct] Found 7 jobs from Agoda
[Company-Direct] Found 9 jobs from Twilio
[Company-Direct] Found 0 jobs from Remote
[Kalibrr] Query "software engineer": found 50 jobs (total: 1095)
[Company-Direct] Found 0 jobs from Imply
[Company-Direct] Found 0 jobs from Netflix
[Kalibrr] Query "backend engineer": found 50 jobs (total: 1095)
[Kalibrr] Query "fullstack developer": found 50 jobs (total: 1095)
[Kalibrr] Total: 0 jobs from 3 queries
[Company-Direct] Found 277 jobs from Jobgether
[Company-Direct] Found 0 jobs from Kraken
[Company-Direct] Found 0 jobs from Medium
[Company-Direct] Error crawling Skillshare: Lever API responded with status 404 for Skillshare
[Company-Direct] Found 0 jobs from Tiket
[Company-Direct] Found 2 jobs from Xsolla
[Company-Direct] Found 0 jobs from Notion
[Company-Direct] Found 0 jobs from Ramp
[Company-Direct] Found 0 jobs from Linear
[Company-Direct] Found 0 jobs from Deel
[Company-Direct] Found 0 jobs from Pave
[Company-Direct] Found 0 jobs from Bespoke Labs
[Company-Direct] Found 0 jobs from Snowflake
[Company-Direct] Found 0 jobs from Perplexity AI
[Company-Direct] Found 0 jobs from Lavendo
[Company-Direct] Found 0 jobs from Employment Hero
[Company-Direct] Found 21 jobs from Ajaib
[TechInAsia] Found 14 jobs (total available: 296)
[Company-Direct] Found 23 jobs from Stockbit
[Company-Direct] Found 0 jobs from Traveloka
[Company-Direct] Found 0 jobs from Dana
[Company-Direct] Found 0 jobs from Halodoc
[Company-Direct] Found 0 jobs from Kredivo
[Company-Direct] Found 0 jobs from Mitrais
[Company-Direct] Found 0 jobs from TabSquare
[Company-Direct] Found 7 jobs from Grab
[Company-Direct] Found 2 jobs from Wise
[Company-Direct] Found 0 jobs from Kata.ai
[Company-Direct] Found 0 jobs from Carousell
[Company-Direct] Found 2 jobs from Bookipi
[Company-Direct] Found 0 jobs from Shippit
[Blibli] Found 52 jobs (52 engineering out of 173 total)
RemoteOK: 0 jobs, 0 errors
Remotive: 0 jobs, 0 errors
Greenhouse: 711 jobs, 2 errors
JapanDev: 0 jobs, 0 errors
WeWorkRemotely: 0 jobs, 0 errors
TechInAsia: 14 jobs, 0 errors
Kalibrr: 0 jobs, 0 errors
Blibli: 52 jobs, 0 errors
BankNeo: 0 jobs, 0 errors
JSearch: 0 jobs, 3 errors

Total raw jobs collected: 777
After filtering: 105 jobs
After deduplication: 6 new jobs
Appended 6 jobs to Google Sheets

Errors (5):
  - ReCharge crawl failed: Greenhouse API responded with status 404 for ReCharge
  - Skillshare crawl failed: Lever API responded with status 404 for Skillshare
  - JSearch query "software engineer" failed: JSearch API responded with status 429 for query "software engineer"
  - JSearch query "backend engineer" failed: JSearch API responded with status 429 for query "backend engineer"
  - JSearch query "fullstack developer" failed: JSearch API responded with status 429 for query "fullstack developer"

=== Job Crawler Complete ===

## 2026-07-22T18:59:24Z
=== Job Crawler Starting ===
Time: 2026-07-22T18:58:43.503Z
Existing jobs in sheet: 10924
[Remotive] Found 0 jobs
[WeWorkRemotely] Found 0 jobs
[Company-Direct] Found 2 jobs from GitLab
[JapanDev] Found 0 jobs
[Company-Direct] Found 10 jobs from Cloudflare
[RemoteOK] Found 0 jobs
[Company-Direct] Found 47 jobs from Figma
[JSearch] Error for query "software engineer": JSearch API responded with status 429 for query "software engineer"
[Kalibrr] Query "software engineer": found 50 jobs (total: 1085)
[JSearch] Error for query "backend engineer": JSearch API responded with status 429 for query "backend engineer"
[Company-Direct] Found 136 jobs from Stripe
[JSearch] Error for query "fullstack developer": JSearch API responded with status 429 for query "fullstack developer"
[JSearch] Total: 0 jobs from 3 queries
[Company-Direct] Found 22 jobs from Vercel
[Kalibrr] Query "backend engineer": found 50 jobs (total: 1085)
[BankNeo] Found 0 jobs (0 total)
[Kalibrr] Query "fullstack developer": found 50 jobs (total: 1085)
[Kalibrr] Total: 2 jobs from 3 queries
[Company-Direct] Found 143 jobs from Speechify
[Company-Direct] Found 0 jobs from CircleCI
[Company-Direct] Found 0 jobs from Consensys
[Company-Direct] Found 0 jobs from Modern Health
[Company-Direct] Error crawling ReCharge: Greenhouse API responded with status 404 for ReCharge
[Company-Direct] Found 3 jobs from Xendit
[Company-Direct] Found 8 jobs from Agoda
[Company-Direct] Found 28 jobs from Twilio
[Company-Direct] Found 2 jobs from Remote
[Company-Direct] Found 0 jobs from Imply
[Company-Direct] Found 0 jobs from Netflix
[Company-Direct] Found 278 jobs from Jobgether
[Company-Direct] Found 0 jobs from Kraken
[Company-Direct] Found 0 jobs from Medium
[Company-Direct] Error crawling Skillshare: Lever API responded with status 404 for Skillshare
[Company-Direct] Found 0 jobs from Tiket
[Company-Direct] Found 2 jobs from Xsolla
[Company-Direct] Found 0 jobs from Notion
[Company-Direct] Found 0 jobs from Ramp
[Company-Direct] Found 0 jobs from Linear
[Company-Direct] Found 0 jobs from Deel
[Company-Direct] Found 0 jobs from Pave
[Company-Direct] Found 0 jobs from Bespoke Labs
[Company-Direct] Found 0 jobs from Snowflake
[Company-Direct] Found 0 jobs from Perplexity AI
[Company-Direct] Found 0 jobs from Lavendo
[Company-Direct] Found 0 jobs from Employment Hero
[Company-Direct] Found 21 jobs from Ajaib
[TechInAsia] Found 16 jobs (total available: 294)
[Company-Direct] Found 23 jobs from Stockbit
[Company-Direct] Found 0 jobs from Traveloka
[Company-Direct] Found 0 jobs from Dana
[Company-Direct] Found 0 jobs from Halodoc
[Company-Direct] Found 0 jobs from Kredivo
[Company-Direct] Found 0 jobs from Mitrais
[Company-Direct] Found 0 jobs from TabSquare
[Company-Direct] Found 7 jobs from Grab
[Company-Direct] Found 7 jobs from Wise
[Company-Direct] Found 0 jobs from Kata.ai
[Company-Direct] Found 0 jobs from Carousell
[Company-Direct] Found 2 jobs from Bookipi
[Company-Direct] Found 0 jobs from Shippit
[Blibli] Found 52 jobs (52 engineering out of 173 total)
RemoteOK: 0 jobs, 0 errors
Remotive: 0 jobs, 0 errors
Greenhouse: 741 jobs, 2 errors
JapanDev: 0 jobs, 0 errors
WeWorkRemotely: 0 jobs, 0 errors
TechInAsia: 16 jobs, 0 errors
Kalibrr: 2 jobs, 0 errors
Blibli: 52 jobs, 0 errors
BankNeo: 0 jobs, 0 errors
JSearch: 0 jobs, 3 errors

Total raw jobs collected: 811
After filtering: 119 jobs
After deduplication: 3 new jobs
Appended 3 jobs to Google Sheets

Errors (5):
  - ReCharge crawl failed: Greenhouse API responded with status 404 for ReCharge
  - Skillshare crawl failed: Lever API responded with status 404 for Skillshare
  - JSearch query "software engineer" failed: JSearch API responded with status 429 for query "software engineer"
  - JSearch query "backend engineer" failed: JSearch API responded with status 429 for query "backend engineer"
  - JSearch query "fullstack developer" failed: JSearch API responded with status 429 for query "fullstack developer"

=== Job Crawler Complete ===

## 2026-07-23T01:58:44Z
=== Job Crawler Starting ===
Time: 2026-07-23T01:57:58.277Z
Existing jobs in sheet: 10927
[Remotive] Found 0 jobs
[WeWorkRemotely] Found 0 jobs
[Company-Direct] Found 1 jobs from GitLab
[Company-Direct] Found 24 jobs from Cloudflare
[RemoteOK] Found 0 jobs
[Company-Direct] Found 47 jobs from Figma
[JSearch] Error for query "software engineer": JSearch API responded with status 429 for query "software engineer"
[JapanDev] Found 0 jobs
[JSearch] Error for query "backend engineer": JSearch API responded with status 429 for query "backend engineer"
[Company-Direct] Found 135 jobs from Stripe
[JSearch] Error for query "fullstack developer": JSearch API responded with status 429 for query "fullstack developer"
[JSearch] Total: 0 jobs from 3 queries
[Company-Direct] Found 22 jobs from Vercel
[Company-Direct] Found 0 jobs from Speechify
[Company-Direct] Found 0 jobs from CircleCI
[Company-Direct] Found 0 jobs from Consensys
[Company-Direct] Found 0 jobs from Modern Health
[Company-Direct] Error crawling ReCharge: Greenhouse API responded with status 404 for ReCharge
[Company-Direct] Found 3 jobs from Xendit
[BankNeo] Found 0 jobs (0 total)
[Kalibrr] Query "software engineer": found 50 jobs (total: 1085)
[Kalibrr] Query "backend engineer": found 50 jobs (total: 1085)
[Company-Direct] Found 9 jobs from Agoda
[Company-Direct] Found 23 jobs from Twilio
[Kalibrr] Query "fullstack developer": found 50 jobs (total: 1085)
[Kalibrr] Total: 0 jobs from 3 queries
[Company-Direct] Found 2 jobs from Remote
[Company-Direct] Found 0 jobs from Imply
[Company-Direct] Found 0 jobs from Netflix
[Company-Direct] Found 278 jobs from Jobgether
[Company-Direct] Found 0 jobs from Kraken
[Company-Direct] Found 0 jobs from Medium
[Company-Direct] Error crawling Skillshare: Lever API responded with status 404 for Skillshare
[Company-Direct] Found 0 jobs from Tiket
[Company-Direct] Found 2 jobs from Xsolla
[Company-Direct] Found 0 jobs from Notion
[Company-Direct] Found 0 jobs from Ramp
[Company-Direct] Found 0 jobs from Linear
[Company-Direct] Found 0 jobs from Deel
[Company-Direct] Found 0 jobs from Pave
[Company-Direct] Found 0 jobs from Bespoke Labs
[Company-Direct] Found 0 jobs from Snowflake
[Company-Direct] Found 0 jobs from Perplexity AI
[Company-Direct] Found 0 jobs from Lavendo
[Company-Direct] Found 0 jobs from Employment Hero
[Company-Direct] Found 21 jobs from Ajaib
[TechInAsia] Found 16 jobs (total available: 294)
[Company-Direct] Found 23 jobs from Stockbit
[Company-Direct] Found 0 jobs from Traveloka
[Company-Direct] Found 0 jobs from Dana
[Company-Direct] Found 0 jobs from Halodoc
[Company-Direct] Found 0 jobs from Kredivo
[Company-Direct] Found 0 jobs from Mitrais
[Company-Direct] Found 0 jobs from TabSquare
[Company-Direct] Found 7 jobs from Grab
[Company-Direct] Found 8 jobs from Wise
[Company-Direct] Found 0 jobs from Kata.ai
[Company-Direct] Found 0 jobs from Carousell
[Company-Direct] Found 2 jobs from Bookipi
[Company-Direct] Found 0 jobs from Shippit
[Blibli] Found 52 jobs (52 engineering out of 173 total)
RemoteOK: 0 jobs, 0 errors
Remotive: 0 jobs, 0 errors
Greenhouse: 607 jobs, 2 errors
JapanDev: 0 jobs, 0 errors
WeWorkRemotely: 0 jobs, 0 errors
TechInAsia: 16 jobs, 0 errors
Kalibrr: 0 jobs, 0 errors
Blibli: 52 jobs, 0 errors
BankNeo: 0 jobs, 0 errors
JSearch: 0 jobs, 3 errors

Total raw jobs collected: 675
After filtering: 118 jobs
After deduplication: 1 new jobs
Appended 1 jobs to Google Sheets

Errors (5):
  - ReCharge crawl failed: Greenhouse API responded with status 404 for ReCharge
  - Skillshare crawl failed: Lever API responded with status 404 for Skillshare
  - JSearch query "software engineer" failed: JSearch API responded with status 429 for query "software engineer"
  - JSearch query "backend engineer" failed: JSearch API responded with status 429 for query "backend engineer"
  - JSearch query "fullstack developer" failed: JSearch API responded with status 429 for query "fullstack developer"

=== Job Crawler Complete ===

## 2026-07-23T08:14:19Z
=== Job Crawler Starting ===
Time: 2026-07-23T08:13:31.681Z
Existing jobs in sheet: 10928
[Remotive] Found 0 jobs
[Company-Direct] Found 0 jobs from GitLab
[WeWorkRemotely] Found 0 jobs
[Company-Direct] Found 24 jobs from Cloudflare
[Company-Direct] Found 47 jobs from Figma
[RemoteOK] Found 0 jobs
[Company-Direct] Found 135 jobs from Stripe
[JapanDev] Found 0 jobs
[JSearch] Error for query "software engineer": JSearch API responded with status 429 for query "software engineer"
[Company-Direct] Found 22 jobs from Vercel
[JSearch] Error for query "backend engineer": JSearch API responded with status 429 for query "backend engineer"
[JSearch] Error for query "fullstack developer": JSearch API responded with status 429 for query "fullstack developer"
[JSearch] Total: 0 jobs from 3 queries
[Company-Direct] Found 0 jobs from Speechify
[Company-Direct] Found 0 jobs from CircleCI
[Company-Direct] Found 0 jobs from Consensys
[Company-Direct] Found 0 jobs from Modern Health
[Company-Direct] Error crawling ReCharge: Greenhouse API responded with status 404 for ReCharge
[Company-Direct] Found 3 jobs from Xendit
[Company-Direct] Found 9 jobs from Agoda
[BankNeo] Found 0 jobs (0 total)
[Company-Direct] Found 23 jobs from Twilio
[Company-Direct] Found 3 jobs from Remote
[Company-Direct] Found 0 jobs from Imply
[Kalibrr] Query "software engineer": found 50 jobs (total: 1089)
[Kalibrr] Query "backend engineer": found 50 jobs (total: 1089)
[Kalibrr] Query "fullstack developer": found 50 jobs (total: 1089)
[Kalibrr] Total: 1 jobs from 3 queries
[TechInAsia] Found 8 jobs (total available: 299)
[Company-Direct] Found 0 jobs from Netflix
[Company-Direct] Found 377 jobs from Jobgether
[Company-Direct] Found 0 jobs from Kraken
[Company-Direct] Found 0 jobs from Medium
[Company-Direct] Error crawling Skillshare: Lever API responded with status 404 for Skillshare
[Company-Direct] Found 0 jobs from Tiket
[Company-Direct] Found 2 jobs from Xsolla
[Company-Direct] Found 0 jobs from Notion
[Company-Direct] Found 0 jobs from Ramp
[Company-Direct] Found 0 jobs from Linear
[Company-Direct] Found 0 jobs from Deel
[Company-Direct] Found 0 jobs from Pave
[Company-Direct] Found 0 jobs from Bespoke Labs
[Company-Direct] Found 0 jobs from Snowflake
[Company-Direct] Found 0 jobs from Perplexity AI
[Company-Direct] Found 0 jobs from Lavendo
[Company-Direct] Found 0 jobs from Employment Hero
[Company-Direct] Found 21 jobs from Ajaib
[Company-Direct] Found 23 jobs from Stockbit
[Company-Direct] Found 0 jobs from Traveloka
[Company-Direct] Found 0 jobs from Dana
[Company-Direct] Found 0 jobs from Halodoc
[Company-Direct] Found 0 jobs from Kredivo
[Company-Direct] Found 0 jobs from Mitrais
[Company-Direct] Found 0 jobs from TabSquare
[Company-Direct] Found 1 jobs from Grab
[Company-Direct] Found 8 jobs from Wise
[Company-Direct] Found 0 jobs from Kata.ai
[Company-Direct] Found 0 jobs from Carousell
[Company-Direct] Found 2 jobs from Bookipi
[Company-Direct] Found 0 jobs from Shippit
[Blibli] Found 53 jobs (53 engineering out of 173 total)
RemoteOK: 0 jobs, 0 errors
Remotive: 0 jobs, 0 errors
Greenhouse: 700 jobs, 2 errors
JapanDev: 0 jobs, 0 errors
WeWorkRemotely: 0 jobs, 0 errors
TechInAsia: 8 jobs, 0 errors
Kalibrr: 1 jobs, 0 errors
Blibli: 53 jobs, 0 errors
BankNeo: 0 jobs, 0 errors
JSearch: 0 jobs, 3 errors

Total raw jobs collected: 762
After filtering: 124 jobs
After deduplication: 30 new jobs
Appended 30 jobs to Google Sheets

Errors (5):
  - ReCharge crawl failed: Greenhouse API responded with status 404 for ReCharge
  - Skillshare crawl failed: Lever API responded with status 404 for Skillshare
  - JSearch query "software engineer" failed: JSearch API responded with status 429 for query "software engineer"
  - JSearch query "backend engineer" failed: JSearch API responded with status 429 for query "backend engineer"
  - JSearch query "fullstack developer" failed: JSearch API responded with status 429 for query "fullstack developer"

=== Job Crawler Complete ===

## 2026-07-23T13:27:08Z
=== Job Crawler Starting ===
Time: 2026-07-23T13:26:29.497Z
Existing jobs in sheet: 10958
[Remotive] Found 0 jobs
[Company-Direct] Found 3 jobs from GitLab
[JapanDev] Found 0 jobs
[WeWorkRemotely] Found 0 jobs
[Company-Direct] Found 23 jobs from Cloudflare
[Company-Direct] Found 1 jobs from Figma
[JSearch] Error for query "software engineer": JSearch API responded with status 429 for query "software engineer"
[Company-Direct] Found 135 jobs from Stripe
[JSearch] Error for query "backend engineer": JSearch API responded with status 429 for query "backend engineer"
[RemoteOK] Found 0 jobs
[Company-Direct] Found 22 jobs from Vercel
[Kalibrr] Query "software engineer": found 50 jobs (total: 1102)
[JSearch] Error for query "fullstack developer": JSearch API responded with status 429 for query "fullstack developer"
[JSearch] Total: 0 jobs from 3 queries
[BankNeo] Found 0 jobs (0 total)
[Company-Direct] Found 0 jobs from Speechify
[Company-Direct] Found 0 jobs from CircleCI
[Company-Direct] Found 0 jobs from Consensys
[Company-Direct] Found 0 jobs from Modern Health
[Kalibrr] Query "backend engineer": found 50 jobs (total: 1102)
[Company-Direct] Error crawling ReCharge: Greenhouse API responded with status 404 for ReCharge
[Company-Direct] Found 3 jobs from Xendit
[Company-Direct] Found 13 jobs from Agoda
[Kalibrr] Query "fullstack developer": found 50 jobs (total: 1102)
[Kalibrr] Total: 5 jobs from 3 queries
[Company-Direct] Found 23 jobs from Twilio
[Company-Direct] Found 6 jobs from Remote
[Company-Direct] Found 0 jobs from Imply
[Company-Direct] Found 0 jobs from Netflix
[Company-Direct] Found 399 jobs from Jobgether
[Company-Direct] Found 0 jobs from Kraken
[Company-Direct] Found 0 jobs from Medium
[Company-Direct] Error crawling Skillshare: Lever API responded with status 404 for Skillshare
[Company-Direct] Found 0 jobs from Tiket
[Company-Direct] Found 0 jobs from Xsolla
[Company-Direct] Found 0 jobs from Notion
[Company-Direct] Found 0 jobs from Ramp
[Company-Direct] Found 0 jobs from Linear
[Company-Direct] Found 0 jobs from Deel
[Company-Direct] Found 0 jobs from Pave
[Company-Direct] Found 0 jobs from Bespoke Labs
[Company-Direct] Found 0 jobs from Snowflake
[Company-Direct] Found 0 jobs from Perplexity AI
[Company-Direct] Found 0 jobs from Lavendo
[Company-Direct] Found 0 jobs from Employment Hero
[Company-Direct] Found 21 jobs from Ajaib
[TechInAsia] Found 7 jobs (total available: 299)
[Company-Direct] Found 23 jobs from Stockbit
[Company-Direct] Found 0 jobs from Traveloka
[Company-Direct] Found 0 jobs from Dana
[Company-Direct] Found 0 jobs from Halodoc
[Company-Direct] Found 0 jobs from Kredivo
[Company-Direct] Found 0 jobs from Mitrais
[Company-Direct] Found 0 jobs from TabSquare
[Company-Direct] Found 3 jobs from Grab
[Company-Direct] Found 7 jobs from Wise
[Company-Direct] Found 0 jobs from Kata.ai
[Company-Direct] Found 0 jobs from Carousell
[Company-Direct] Found 2 jobs from Bookipi
[Company-Direct] Found 0 jobs from Shippit
[Blibli] Found 53 jobs (53 engineering out of 173 total)
RemoteOK: 0 jobs, 0 errors
Remotive: 0 jobs, 0 errors
Greenhouse: 684 jobs, 2 errors
JapanDev: 0 jobs, 0 errors
WeWorkRemotely: 0 jobs, 0 errors
TechInAsia: 7 jobs, 0 errors
Kalibrr: 5 jobs, 0 errors
Blibli: 53 jobs, 0 errors
BankNeo: 0 jobs, 0 errors
JSearch: 0 jobs, 3 errors

Total raw jobs collected: 749
After filtering: 110 jobs
After deduplication: 16 new jobs
Appended 16 jobs to Google Sheets

Errors (5):
  - ReCharge crawl failed: Greenhouse API responded with status 404 for ReCharge
  - Skillshare crawl failed: Lever API responded with status 404 for Skillshare
  - JSearch query "software engineer" failed: JSearch API responded with status 429 for query "software engineer"
  - JSearch query "backend engineer" failed: JSearch API responded with status 429 for query "backend engineer"
  - JSearch query "fullstack developer" failed: JSearch API responded with status 429 for query "fullstack developer"

=== Job Crawler Complete ===

## 2026-07-23T19:01:29Z
=== Job Crawler Starting ===
Time: 2026-07-23T19:00:37.001Z
Existing jobs in sheet: 10974
[Remotive] Found 0 jobs
[WeWorkRemotely] Found 0 jobs
[Company-Direct] Found 3 jobs from GitLab
[RemoteOK] Found 0 jobs
[Company-Direct] Found 21 jobs from Cloudflare
[JapanDev] Found 0 jobs
[JSearch] Error for query "software engineer": JSearch API responded with status 429 for query "software engineer"
[JSearch] Error for query "backend engineer": JSearch API responded with status 429 for query "backend engineer"
[JSearch] Error for query "fullstack developer": JSearch API responded with status 429 for query "fullstack developer"
[JSearch] Total: 0 jobs from 3 queries
[BankNeo] Found 0 jobs (0 total)
[Kalibrr] Query "software engineer": found 50 jobs (total: 1095)
[Kalibrr] Query "backend engineer": found 50 jobs (total: 1095)
[Kalibrr] Query "fullstack developer": found 50 jobs (total: 1095)
[Kalibrr] Total: 6 jobs from 3 queries
[Company-Direct] Found 1 jobs from Figma
[Company-Direct] Found 7 jobs from Stripe
[Company-Direct] Found 1 jobs from Vercel
[Company-Direct] Found 0 jobs from Speechify
[Company-Direct] Found 0 jobs from CircleCI
[Company-Direct] Found 0 jobs from Consensys
[Company-Direct] Found 0 jobs from Modern Health
[Company-Direct] Error crawling ReCharge: Greenhouse API responded with status 404 for ReCharge
[Company-Direct] Found 3 jobs from Xendit
[Company-Direct] Found 8 jobs from Agoda
[Company-Direct] Found 21 jobs from Twilio
[Company-Direct] Found 4 jobs from Remote
[Company-Direct] Found 0 jobs from Imply
[Company-Direct] Found 0 jobs from Netflix
[Company-Direct] Found 428 jobs from Jobgether
[Company-Direct] Found 0 jobs from Kraken
[Company-Direct] Found 0 jobs from Medium
[Company-Direct] Error crawling Skillshare: Lever API responded with status 404 for Skillshare
[Company-Direct] Found 0 jobs from Tiket
[TechInAsia] Found 5 jobs (total available: 299)
[Company-Direct] Found 0 jobs from Xsolla
[Company-Direct] Found 0 jobs from Notion
[Company-Direct] Found 0 jobs from Ramp
[Company-Direct] Found 0 jobs from Linear
[Company-Direct] Found 0 jobs from Deel
[Company-Direct] Found 0 jobs from Pave
[Company-Direct] Found 0 jobs from Bespoke Labs
[Company-Direct] Found 0 jobs from Snowflake
[Company-Direct] Found 0 jobs from Perplexity AI
[Company-Direct] Found 0 jobs from Lavendo
[Company-Direct] Found 0 jobs from Employment Hero
[Company-Direct] Found 21 jobs from Ajaib
[Company-Direct] Found 23 jobs from Stockbit
[Company-Direct] Found 0 jobs from Traveloka
[Company-Direct] Found 0 jobs from Dana
[Company-Direct] Found 0 jobs from Halodoc
[Blibli] Found 53 jobs (53 engineering out of 173 total)
[Company-Direct] Found 0 jobs from Kredivo
[Company-Direct] Found 0 jobs from Mitrais
[Company-Direct] Found 0 jobs from TabSquare
[Company-Direct] Found 3 jobs from Grab
[Company-Direct] Found 3 jobs from Wise
[Company-Direct] Found 0 jobs from Kata.ai
[Company-Direct] Found 0 jobs from Carousell
[Company-Direct] Found 2 jobs from Bookipi
[Company-Direct] Found 0 jobs from Shippit
RemoteOK: 0 jobs, 0 errors
Remotive: 0 jobs, 0 errors
Greenhouse: 549 jobs, 2 errors
JapanDev: 0 jobs, 0 errors
WeWorkRemotely: 0 jobs, 0 errors
TechInAsia: 5 jobs, 0 errors
Kalibrr: 6 jobs, 0 errors
Blibli: 53 jobs, 0 errors
BankNeo: 0 jobs, 0 errors
JSearch: 0 jobs, 3 errors

Total raw jobs collected: 613
After filtering: 71 jobs
After deduplication: 3 new jobs
Appended 3 jobs to Google Sheets

Errors (5):
  - ReCharge crawl failed: Greenhouse API responded with status 404 for ReCharge
  - Skillshare crawl failed: Lever API responded with status 404 for Skillshare
  - JSearch query "software engineer" failed: JSearch API responded with status 429 for query "software engineer"
  - JSearch query "backend engineer" failed: JSearch API responded with status 429 for query "backend engineer"
  - JSearch query "fullstack developer" failed: JSearch API responded with status 429 for query "fullstack developer"

=== Job Crawler Complete ===

## 2026-07-24T01:54:06Z
=== Job Crawler Starting ===
Time: 2026-07-24T01:53:25.708Z
Existing jobs in sheet: 10977
[Remotive] Found 0 jobs
[WeWorkRemotely] Found 0 jobs
[Company-Direct] Found 3 jobs from GitLab
[RemoteOK] Found 0 jobs
[Company-Direct] Found 4 jobs from Cloudflare
[Company-Direct] Found 1 jobs from Figma
[JapanDev] Found 0 jobs
[JSearch] Error for query "software engineer": JSearch API responded with status 429 for query "software engineer"
[Company-Direct] Found 8 jobs from Stripe
[Company-Direct] Found 1 jobs from Vercel
[JSearch] Error for query "backend engineer": JSearch API responded with status 429 for query "backend engineer"
[Company-Direct] Found 25 jobs from Speechify
[JSearch] Error for query "fullstack developer": JSearch API responded with status 429 for query "fullstack developer"
[JSearch] Total: 0 jobs from 3 queries
[Company-Direct] Found 0 jobs from CircleCI
[Company-Direct] Found 0 jobs from Consensys
[Company-Direct] Found 0 jobs from Modern Health
[Company-Direct] Error crawling ReCharge: Greenhouse API responded with status 404 for ReCharge
[Company-Direct] Found 3 jobs from Xendit
[Kalibrr] Query "software engineer": found 50 jobs (total: 1095)
[BankNeo] Found 0 jobs (0 total)
[Company-Direct] Found 8 jobs from Agoda
[Company-Direct] Found 23 jobs from Twilio
[Company-Direct] Found 4 jobs from Remote
[Company-Direct] Found 0 jobs from Imply
[Company-Direct] Found 0 jobs from Netflix
[Kalibrr] Query "backend engineer": found 50 jobs (total: 1095)
[Kalibrr] Query "fullstack developer": found 50 jobs (total: 1095)
[Kalibrr] Total: 3 jobs from 3 queries
[Company-Direct] Found 428 jobs from Jobgether
[Company-Direct] Found 0 jobs from Kraken
[Company-Direct] Found 0 jobs from Medium
[Company-Direct] Error crawling Skillshare: Lever API responded with status 404 for Skillshare
[Company-Direct] Found 0 jobs from Tiket
[Company-Direct] Found 0 jobs from Xsolla
[Company-Direct] Found 0 jobs from Notion
[Company-Direct] Found 0 jobs from Ramp
[Company-Direct] Found 0 jobs from Linear
[Company-Direct] Found 0 jobs from Deel
[Company-Direct] Found 0 jobs from Pave
[Company-Direct] Found 0 jobs from Bespoke Labs
[Company-Direct] Found 0 jobs from Snowflake
[Company-Direct] Found 0 jobs from Perplexity AI
[Company-Direct] Found 0 jobs from Lavendo
[Company-Direct] Found 0 jobs from Employment Hero
[Company-Direct] Found 21 jobs from Ajaib
[TechInAsia] Found 5 jobs (total available: 299)
[Company-Direct] Found 23 jobs from Stockbit
[Company-Direct] Found 0 jobs from Traveloka
[Company-Direct] Found 0 jobs from Dana
[Company-Direct] Found 0 jobs from Halodoc
[Company-Direct] Found 0 jobs from Kredivo
[Company-Direct] Found 0 jobs from Mitrais
[Company-Direct] Found 0 jobs from TabSquare
[Company-Direct] Found 3 jobs from Grab
[Company-Direct] Found 3 jobs from Wise
[Company-Direct] Found 0 jobs from Kata.ai
[Company-Direct] Found 0 jobs from Carousell
[Company-Direct] Found 2 jobs from Bookipi
[Company-Direct] Found 0 jobs from Shippit
[Blibli] Found 53 jobs (53 engineering out of 173 total)
RemoteOK: 0 jobs, 0 errors
Remotive: 0 jobs, 0 errors
Greenhouse: 560 jobs, 2 errors
JapanDev: 0 jobs, 0 errors
WeWorkRemotely: 0 jobs, 0 errors
TechInAsia: 5 jobs, 0 errors
Kalibrr: 3 jobs, 0 errors
Blibli: 53 jobs, 0 errors
BankNeo: 0 jobs, 0 errors
JSearch: 0 jobs, 3 errors

Total raw jobs collected: 621
After filtering: 73 jobs
After deduplication: 1 new jobs
Appended 1 jobs to Google Sheets

Errors (5):
  - ReCharge crawl failed: Greenhouse API responded with status 404 for ReCharge
  - Skillshare crawl failed: Lever API responded with status 404 for Skillshare
  - JSearch query "software engineer" failed: JSearch API responded with status 429 for query "software engineer"
  - JSearch query "backend engineer" failed: JSearch API responded with status 429 for query "backend engineer"
  - JSearch query "fullstack developer" failed: JSearch API responded with status 429 for query "fullstack developer"

=== Job Crawler Complete ===
