
## 2026-07-06T02:24:47Z
=== Job Crawler Starting ===
Time: 2026-07-06T02:23:59.478Z
Existing jobs in sheet: 9975
[Remotive] Found 0 jobs
[Company-Direct] Found 0 jobs from GitLab
[WeWorkRemotely] Found 0 jobs
[Company-Direct] Found 0 jobs from Cloudflare
[JapanDev] Found 0 jobs
[Company-Direct] Found 0 jobs from Figma
[RemoteOK] Found 0 jobs
[Company-Direct] Found 0 jobs from Stripe
[Company-Direct] Found 0 jobs from Vercel
[BankNeo] Found 0 jobs (0 total)
[Kalibrr] Query "software engineer": found 50 jobs (total: 918)
[Kalibrr] Query "backend engineer": found 50 jobs (total: 918)
[Kalibrr] Query "fullstack developer": found 50 jobs (total: 918)
[Kalibrr] Total: 0 jobs from 3 queries
[Company-Direct] Found 110 jobs from Speechify
[Company-Direct] Found 0 jobs from CircleCI
[Company-Direct] Found 0 jobs from Consensys
[Company-Direct] Found 0 jobs from Modern Health
[Company-Direct] Error crawling ReCharge: Greenhouse API responded with status 404 for ReCharge
[Company-Direct] Found 3 jobs from Xendit
[Company-Direct] Found 0 jobs from Agoda
[Company-Direct] Found 0 jobs from Twilio
[Company-Direct] Found 0 jobs from Remote
[Company-Direct] Found 0 jobs from Imply
[Company-Direct] Found 0 jobs from Netflix
[Company-Direct] Found 158 jobs from Jobgether
[Company-Direct] Found 0 jobs from Kraken
[Company-Direct] Found 0 jobs from Medium
[Company-Direct] Error crawling Skillshare: Lever API responded with status 404 for Skillshare
[Company-Direct] Found 0 jobs from Tiket
[TechInAsia] Found 2 jobs (total available: 301)
[JSearch] Query "software engineer": found 10 jobs
[Company-Direct] Found 0 jobs from Xsolla
[Company-Direct] Found 0 jobs from Notion
[Company-Direct] Found 0 jobs from Ramp
[Company-Direct] Found 0 jobs from Linear
[Company-Direct] Found 0 jobs from Deel
[Company-Direct] Found 0 jobs from Pave
[Company-Direct] Found 0 jobs from Bespoke Labs
[Company-Direct] Found 0 jobs from Snowflake
[Company-Direct] Found 0 jobs from Perplexity AI
[Company-Direct] Found 0 jobs from Lavendo
[Company-Direct] Found 0 jobs from Employment Hero
[Blibli] Found 23 jobs (23 engineering out of 154 total)
[Company-Direct] Found 21 jobs from Ajaib
[JSearch] Query "backend engineer": found 7 jobs
[JSearch] Query "fullstack developer": found 5 jobs
[JSearch] Total: 22 jobs from 3 queries
[Company-Direct] Found 23 jobs from Stockbit
[Company-Direct] Found 0 jobs from Traveloka
[Company-Direct] Found 0 jobs from Dana
[Company-Direct] Found 0 jobs from Halodoc
[Company-Direct] Found 0 jobs from Kredivo
[Company-Direct] Found 0 jobs from Mitrais
[Company-Direct] Found 0 jobs from TabSquare
[Company-Direct] Found 0 jobs from Grab
[Company-Direct] Found 1 jobs from Wise
[Company-Direct] Found 0 jobs from Kata.ai
[Company-Direct] Found 0 jobs from Carousell
[Company-Direct] Found 2 jobs from Bookipi
[Company-Direct] Found 0 jobs from Shippit
RemoteOK: 0 jobs, 0 errors
Remotive: 0 jobs, 0 errors
Greenhouse: 318 jobs, 2 errors
JapanDev: 0 jobs, 0 errors
WeWorkRemotely: 0 jobs, 0 errors
TechInAsia: 2 jobs, 0 errors
Kalibrr: 0 jobs, 0 errors
Blibli: 23 jobs, 0 errors
BankNeo: 0 jobs, 0 errors
JSearch: 22 jobs, 0 errors

Total raw jobs collected: 365
After filtering: 91 jobs
After deduplication: 14 new jobs
Appended 14 jobs to Google Sheets

Errors (2):
  - ReCharge crawl failed: Greenhouse API responded with status 404 for ReCharge
  - Skillshare crawl failed: Lever API responded with status 404 for Skillshare

=== Job Crawler Complete ===

## 2026-07-06T09:59:14Z
=== Job Crawler Starting ===
Time: 2026-07-06T09:58:14.658Z
Existing jobs in sheet: 9989
[Remotive] Found 0 jobs
[Company-Direct] Found 0 jobs from GitLab
[WeWorkRemotely] Found 0 jobs
[Company-Direct] Found 2 jobs from Cloudflare
[Company-Direct] Found 0 jobs from Figma
[RemoteOK] Found 0 jobs
[Company-Direct] Found 0 jobs from Stripe
[Company-Direct] Found 0 jobs from Vercel
[JapanDev] Found 0 jobs
[Company-Direct] Found 174 jobs from Speechify
[Kalibrr] Query "software engineer": found 50 jobs (total: 930)
[Company-Direct] Found 0 jobs from CircleCI
[Company-Direct] Found 0 jobs from Consensys
[Company-Direct] Found 0 jobs from Modern Health
[Company-Direct] Error crawling ReCharge: Greenhouse API responded with status 404 for ReCharge
[Company-Direct] Found 3 jobs from Xendit
[Company-Direct] Found 7 jobs from Agoda
[Kalibrr] Query "backend engineer": found 50 jobs (total: 930)
[Company-Direct] Found 6 jobs from Twilio
[BankNeo] Found 0 jobs (0 total)
[Company-Direct] Found 0 jobs from Remote
[Company-Direct] Found 0 jobs from Imply
[Kalibrr] Query "fullstack developer": found 50 jobs (total: 930)
[Kalibrr] Total: 0 jobs from 3 queries
[Company-Direct] Found 0 jobs from Netflix
[JSearch] Query "software engineer": found 9 jobs
[TechInAsia] Found 5 jobs (total available: 300)
[Company-Direct] Found 181 jobs from Jobgether
[Company-Direct] Found 0 jobs from Kraken
[JSearch] Query "backend engineer": found 10 jobs
[Blibli] Found 23 jobs (23 engineering out of 151 total)
[Company-Direct] Found 0 jobs from Medium
[Company-Direct] Error crawling Skillshare: Lever API responded with status 404 for Skillshare
[JSearch] Query "fullstack developer": found 9 jobs
[JSearch] Total: 28 jobs from 3 queries
[Company-Direct] Found 0 jobs from Tiket
[Company-Direct] Found 1 jobs from Xsolla
[Company-Direct] Found 0 jobs from Notion
[Company-Direct] Found 0 jobs from Ramp
[Company-Direct] Found 0 jobs from Linear
[Company-Direct] Found 0 jobs from Deel
[Company-Direct] Found 0 jobs from Pave
[Company-Direct] Found 0 jobs from Bespoke Labs
[Company-Direct] Found 0 jobs from Snowflake
[Company-Direct] Found 0 jobs from Perplexity AI
[Company-Direct] Found 0 jobs from Lavendo
[Company-Direct] Found 0 jobs from Employment Hero
[Company-Direct] Found 21 jobs from Ajaib
[Company-Direct] Found 23 jobs from Stockbit
[Company-Direct] Found 0 jobs from Traveloka
[Company-Direct] Found 0 jobs from Dana
[Company-Direct] Found 0 jobs from Halodoc
[Company-Direct] Found 0 jobs from Kredivo
[Company-Direct] Found 0 jobs from Mitrais
[Company-Direct] Found 0 jobs from TabSquare
[Company-Direct] Found 0 jobs from Grab
[Company-Direct] Found 2 jobs from Wise
[Company-Direct] Found 0 jobs from Kata.ai
[Company-Direct] Found 0 jobs from Carousell
[Company-Direct] Found 2 jobs from Bookipi
[Company-Direct] Found 0 jobs from Shippit
RemoteOK: 0 jobs, 0 errors
Remotive: 0 jobs, 0 errors
Greenhouse: 422 jobs, 2 errors
JapanDev: 0 jobs, 0 errors
WeWorkRemotely: 0 jobs, 0 errors
TechInAsia: 5 jobs, 0 errors
Kalibrr: 0 jobs, 0 errors
Blibli: 23 jobs, 0 errors
BankNeo: 0 jobs, 0 errors
JSearch: 28 jobs, 0 errors

Total raw jobs collected: 478
After filtering: 160 jobs
After deduplication: 16 new jobs
Appended 16 jobs to Google Sheets

Errors (2):
  - ReCharge crawl failed: Greenhouse API responded with status 404 for ReCharge
  - Skillshare crawl failed: Lever API responded with status 404 for Skillshare

=== Job Crawler Complete ===

## 2026-07-06T15:14:11Z
=== Job Crawler Starting ===
Time: 2026-07-06T15:13:37.834Z
Existing jobs in sheet: 10005
[Remotive] Found 0 jobs
[WeWorkRemotely] Found 0 jobs
[Company-Direct] Found 1 jobs from GitLab
[Company-Direct] Found 8 jobs from Cloudflare
[RemoteOK] Found 0 jobs
[Company-Direct] Found 0 jobs from Figma
[JapanDev] Found 0 jobs
[Company-Direct] Found 0 jobs from Stripe
[Company-Direct] Found 0 jobs from Vercel
[Company-Direct] Found 174 jobs from Speechify
[BankNeo] Found 0 jobs (0 total)
[Company-Direct] Found 0 jobs from CircleCI
[Company-Direct] Found 0 jobs from Consensys
[Company-Direct] Found 0 jobs from Modern Health
[Company-Direct] Error crawling ReCharge: Greenhouse API responded with status 404 for ReCharge
[Company-Direct] Found 3 jobs from Xendit
[Company-Direct] Found 8 jobs from Agoda
[Company-Direct] Found 25 jobs from Twilio
[Kalibrr] Query "software engineer": found 50 jobs (total: 939)
[Company-Direct] Found 0 jobs from Remote
[Company-Direct] Found 0 jobs from Imply
[Kalibrr] Query "backend engineer": found 50 jobs (total: 939)
[Company-Direct] Found 0 jobs from Netflix
[Kalibrr] Query "fullstack developer": found 50 jobs (total: 939)
[Kalibrr] Total: 4 jobs from 3 queries
[JSearch] Query "software engineer": found 9 jobs
[Company-Direct] Found 181 jobs from Jobgether
[Company-Direct] Found 0 jobs from Kraken
[Company-Direct] Found 0 jobs from Medium
[Company-Direct] Error crawling Skillshare: Lever API responded with status 404 for Skillshare
[Company-Direct] Found 0 jobs from Tiket
[Company-Direct] Found 1 jobs from Xsolla
[Company-Direct] Found 0 jobs from Notion
[Company-Direct] Found 0 jobs from Ramp
[Company-Direct] Found 0 jobs from Linear
[Company-Direct] Found 0 jobs from Deel
[Company-Direct] Found 0 jobs from Pave
[Company-Direct] Found 0 jobs from Bespoke Labs
[Company-Direct] Found 0 jobs from Snowflake
[Company-Direct] Found 0 jobs from Perplexity AI
[Company-Direct] Found 0 jobs from Lavendo
[Company-Direct] Found 0 jobs from Employment Hero
[Company-Direct] Found 21 jobs from Ajaib
[JSearch] Query "backend engineer": found 10 jobs
[TechInAsia] Found 5 jobs (total available: 298)
[Blibli] Found 23 jobs (23 engineering out of 151 total)
[JSearch] Query "fullstack developer": found 10 jobs
[JSearch] Total: 29 jobs from 3 queries
[Company-Direct] Found 23 jobs from Stockbit
[Company-Direct] Found 0 jobs from Traveloka
[Company-Direct] Found 0 jobs from Dana
[Company-Direct] Found 0 jobs from Halodoc
[Company-Direct] Found 0 jobs from Kredivo
[Company-Direct] Found 0 jobs from Mitrais
[Company-Direct] Found 0 jobs from TabSquare
[Company-Direct] Found 0 jobs from Grab
[Company-Direct] Found 3 jobs from Wise
[Company-Direct] Found 0 jobs from Kata.ai
[Company-Direct] Found 0 jobs from Carousell
[Company-Direct] Found 2 jobs from Bookipi
[Company-Direct] Found 0 jobs from Shippit
RemoteOK: 0 jobs, 0 errors
Remotive: 0 jobs, 0 errors
Greenhouse: 450 jobs, 2 errors
JapanDev: 0 jobs, 0 errors
WeWorkRemotely: 0 jobs, 0 errors
TechInAsia: 5 jobs, 0 errors
Kalibrr: 4 jobs, 0 errors
Blibli: 23 jobs, 0 errors
BankNeo: 0 jobs, 0 errors
JSearch: 29 jobs, 0 errors

Total raw jobs collected: 511
After filtering: 173 jobs
After deduplication: 12 new jobs
Appended 12 jobs to Google Sheets

Errors (2):
  - ReCharge crawl failed: Greenhouse API responded with status 404 for ReCharge
  - Skillshare crawl failed: Lever API responded with status 404 for Skillshare

=== Job Crawler Complete ===

## 2026-07-06T19:44:43Z
=== Job Crawler Starting ===
Time: 2026-07-06T19:43:55.470Z
Existing jobs in sheet: 10017
[Remotive] Found 0 jobs
[Company-Direct] Found 1 jobs from GitLab
[WeWorkRemotely] Found 0 jobs
[Company-Direct] Found 12 jobs from Cloudflare
[Company-Direct] Found 0 jobs from Figma
[JapanDev] Found 0 jobs
[Company-Direct] Found 3 jobs from Stripe
[Company-Direct] Found 0 jobs from Vercel
[RemoteOK] Found 0 jobs
[Company-Direct] Found 174 jobs from Speechify
[Company-Direct] Found 0 jobs from CircleCI
[Company-Direct] Found 0 jobs from Consensys
[Company-Direct] Found 0 jobs from Modern Health
[Company-Direct] Error crawling ReCharge: Greenhouse API responded with status 404 for ReCharge
[BankNeo] Found 0 jobs (0 total)
[Company-Direct] Found 3 jobs from Xendit
[Company-Direct] Found 8 jobs from Agoda
[Company-Direct] Found 26 jobs from Twilio
[Kalibrr] Query "software engineer": found 50 jobs (total: 934)
[Company-Direct] Found 0 jobs from Remote
[Company-Direct] Found 0 jobs from Imply
[Company-Direct] Found 0 jobs from Netflix
[Kalibrr] Query "backend engineer": found 50 jobs (total: 934)
[Kalibrr] Query "fullstack developer": found 50 jobs (total: 934)
[Kalibrr] Total: 3 jobs from 3 queries
[JSearch] Query "software engineer": found 10 jobs
[TechInAsia] Found 5 jobs (total available: 298)
[JSearch] Query "backend engineer": found 10 jobs
[Blibli] Found 23 jobs (23 engineering out of 151 total)
[Company-Direct] Found 76 jobs from Jobgether
[Company-Direct] Found 0 jobs from Kraken
[Company-Direct] Found 0 jobs from Medium
[Company-Direct] Error crawling Skillshare: Lever API responded with status 404 for Skillshare
[Company-Direct] Found 0 jobs from Tiket
[Company-Direct] Found 3 jobs from Xsolla
[Company-Direct] Found 0 jobs from Notion
[Company-Direct] Found 0 jobs from Ramp
[Company-Direct] Found 0 jobs from Linear
[Company-Direct] Found 0 jobs from Deel
[Company-Direct] Found 0 jobs from Pave
[Company-Direct] Found 0 jobs from Bespoke Labs
[JSearch] Query "fullstack developer": found 10 jobs
[JSearch] Total: 30 jobs from 3 queries
[Company-Direct] Found 0 jobs from Snowflake
[Company-Direct] Found 0 jobs from Perplexity AI
[Company-Direct] Found 0 jobs from Lavendo
[Company-Direct] Found 0 jobs from Employment Hero
[Company-Direct] Found 21 jobs from Ajaib
[Company-Direct] Found 23 jobs from Stockbit
[Company-Direct] Found 0 jobs from Traveloka
[Company-Direct] Found 0 jobs from Dana
[Company-Direct] Found 0 jobs from Halodoc
[Company-Direct] Found 0 jobs from Kredivo
[Company-Direct] Found 0 jobs from Mitrais
[Company-Direct] Found 0 jobs from TabSquare
[Company-Direct] Found 0 jobs from Grab
[Company-Direct] Found 5 jobs from Wise
[Company-Direct] Found 0 jobs from Kata.ai
[Company-Direct] Found 0 jobs from Carousell
[Company-Direct] Found 2 jobs from Bookipi
[Company-Direct] Found 0 jobs from Shippit
RemoteOK: 0 jobs, 0 errors
Remotive: 0 jobs, 0 errors
Greenhouse: 357 jobs, 2 errors
JapanDev: 0 jobs, 0 errors
WeWorkRemotely: 0 jobs, 0 errors
TechInAsia: 5 jobs, 0 errors
Kalibrr: 3 jobs, 0 errors
Blibli: 23 jobs, 0 errors
BankNeo: 0 jobs, 0 errors
JSearch: 30 jobs, 0 errors

Total raw jobs collected: 418
After filtering: 180 jobs
After deduplication: 18 new jobs
Appended 18 jobs to Google Sheets

Errors (2):
  - ReCharge crawl failed: Greenhouse API responded with status 404 for ReCharge
  - Skillshare crawl failed: Lever API responded with status 404 for Skillshare

=== Job Crawler Complete ===
