
## 2026-06-29T02:41:28Z
=== Job Crawler Starting ===
Time: 2026-06-29T02:40:37.770Z
Existing jobs in sheet: 9200
[Remotive] Found 0 jobs
[Company-Direct] Found 0 jobs from GitLab
[WeWorkRemotely] Found 0 jobs
[Company-Direct] Found 3 jobs from Cloudflare
[JapanDev] Found 0 jobs
[Company-Direct] Found 0 jobs from Figma
[RemoteOK] Found 0 jobs
[Company-Direct] Found 0 jobs from Stripe
[Company-Direct] Found 0 jobs from Vercel
[Company-Direct] Found 0 jobs from Speechify
[Company-Direct] Found 0 jobs from CircleCI
[Company-Direct] Found 0 jobs from Consensys
[Company-Direct] Found 0 jobs from Modern Health
[Company-Direct] Error crawling ReCharge: Greenhouse API responded with status 404 for ReCharge
[Company-Direct] Found 3 jobs from Xendit
[BankNeo] Found 0 jobs (0 total)
[Company-Direct] Found 0 jobs from Agoda
[Company-Direct] Found 0 jobs from Twilio
[Company-Direct] Found 0 jobs from Remote
[Company-Direct] Found 0 jobs from Imply
[Company-Direct] Found 0 jobs from Netflix
[Kalibrr] Query "software engineer": found 50 jobs (total: 1117)
[Kalibrr] Query "backend engineer": found 50 jobs (total: 1117)
[Kalibrr] Query "fullstack developer": found 50 jobs (total: 1117)
[Kalibrr] Total: 0 jobs from 3 queries
[Company-Direct] Found 0 jobs from Jobgether
[Company-Direct] Found 0 jobs from Kraken
[Company-Direct] Found 0 jobs from Medium
[Company-Direct] Error crawling Skillshare: Lever API responded with status 404 for Skillshare
[Company-Direct] Found 0 jobs from Tiket
[TechInAsia] Found 0 jobs (total available: 289)
[Company-Direct] Found 0 jobs from Xsolla
[Company-Direct] Found 0 jobs from Notion
[Company-Direct] Found 0 jobs from Ramp
[Company-Direct] Found 0 jobs from Linear
[Company-Direct] Found 0 jobs from Deel
[Company-Direct] Found 0 jobs from Pave
[Company-Direct] Found 0 jobs from Bespoke Labs
[Company-Direct] Found 0 jobs from Snowflake
[Company-Direct] Found 0 jobs from Perplexity AI
[Company-Direct] Found 0 jobs from Lavendo
[Company-Direct] Found 0 jobs from Employment Hero
[Company-Direct] Found 21 jobs from Ajaib
[Blibli] Found 23 jobs (23 engineering out of 165 total)
[JSearch] Error for query "software engineer": JSearch API responded with status 504 for query "software engineer"
[Company-Direct] Found 23 jobs from Stockbit
[Company-Direct] Found 0 jobs from Traveloka
[Company-Direct] Found 0 jobs from Dana
[Company-Direct] Found 0 jobs from Halodoc
[Company-Direct] Found 0 jobs from Kredivo
[Company-Direct] Found 0 jobs from Mitrais
[Company-Direct] Found 0 jobs from TabSquare
[Company-Direct] Found 1 jobs from Grab
[Company-Direct] Found 1 jobs from Wise
[Company-Direct] Found 0 jobs from Kata.ai
[Company-Direct] Found 0 jobs from Carousell
[Company-Direct] Found 2 jobs from Bookipi
[Company-Direct] Found 0 jobs from Shippit
[JSearch] Query "backend engineer": found 10 jobs
[JSearch] Query "fullstack developer": found 6 jobs
[JSearch] Total: 16 jobs from 3 queries
RemoteOK: 0 jobs, 0 errors
Remotive: 0 jobs, 0 errors
Greenhouse: 54 jobs, 2 errors
JapanDev: 0 jobs, 0 errors
WeWorkRemotely: 0 jobs, 0 errors
TechInAsia: 0 jobs, 0 errors
Kalibrr: 0 jobs, 0 errors
Blibli: 23 jobs, 0 errors
BankNeo: 0 jobs, 0 errors
JSearch: 16 jobs, 1 errors

Total raw jobs collected: 93
After filtering: 27 jobs
After deduplication: 7 new jobs
Appended 7 jobs to Google Sheets

Errors (3):
  - ReCharge crawl failed: Greenhouse API responded with status 404 for ReCharge
  - Skillshare crawl failed: Lever API responded with status 404 for Skillshare
  - JSearch query "software engineer" failed: JSearch API responded with status 504 for query "software engineer"

=== Job Crawler Complete ===

## 2026-06-29T10:25:23Z
=== Job Crawler Starting ===
Time: 2026-06-29T10:24:34.091Z
Existing jobs in sheet: 9207
[Remotive] Found 0 jobs
[WeWorkRemotely] Found 0 jobs
[Company-Direct] Found 0 jobs from GitLab
[RemoteOK] Found 0 jobs
[Company-Direct] Found 4 jobs from Cloudflare
[Company-Direct] Found 0 jobs from Figma
[Company-Direct] Found 0 jobs from Stripe
[JapanDev] Found 0 jobs
[Company-Direct] Found 0 jobs from Vercel
[Company-Direct] Found 183 jobs from Speechify
[Company-Direct] Found 0 jobs from CircleCI
[Company-Direct] Found 0 jobs from Consensys
[Company-Direct] Found 0 jobs from Modern Health
[Company-Direct] Error crawling ReCharge: Greenhouse API responded with status 404 for ReCharge
[Company-Direct] Found 3 jobs from Xendit
[BankNeo] Found 0 jobs (0 total)
[Company-Direct] Found 4 jobs from Agoda
[Company-Direct] Found 0 jobs from Twilio
[Company-Direct] Found 0 jobs from Remote
[Company-Direct] Found 0 jobs from Imply
[Kalibrr] Query "software engineer": found 50 jobs (total: 1128)
[Company-Direct] Found 0 jobs from Netflix
[Kalibrr] Query "backend engineer": found 50 jobs (total: 1128)
[Kalibrr] Query "fullstack developer": found 50 jobs (total: 1128)
[Kalibrr] Total: 0 jobs from 3 queries
[TechInAsia] Found 2 jobs (total available: 290)
[JSearch] Query "software engineer": found 8 jobs
[Company-Direct] Found 235 jobs from Jobgether
[Company-Direct] Found 0 jobs from Kraken
[Company-Direct] Found 0 jobs from Medium
[Company-Direct] Error crawling Skillshare: Lever API responded with status 404 for Skillshare
[Company-Direct] Found 0 jobs from Tiket
[Company-Direct] Found 0 jobs from Xsolla
[Company-Direct] Found 0 jobs from Notion
[Company-Direct] Found 0 jobs from Ramp
[Company-Direct] Found 0 jobs from Linear
[Company-Direct] Found 0 jobs from Deel
[Company-Direct] Found 0 jobs from Pave
[Company-Direct] Found 0 jobs from Bespoke Labs
[Company-Direct] Found 0 jobs from Snowflake
[Company-Direct] Found 0 jobs from Perplexity AI
[Company-Direct] Found 0 jobs from Lavendo
[Company-Direct] Found 0 jobs from Employment Hero
[Company-Direct] Found 21 jobs from Ajaib
[JSearch] Query "backend engineer": found 9 jobs
[Blibli] Found 23 jobs (23 engineering out of 166 total)
[JSearch] Query "fullstack developer": found 9 jobs
[JSearch] Total: 26 jobs from 3 queries
[Company-Direct] Found 23 jobs from Stockbit
[Company-Direct] Found 0 jobs from Traveloka
[Company-Direct] Found 0 jobs from Dana
[Company-Direct] Found 0 jobs from Halodoc
[Company-Direct] Found 0 jobs from Kredivo
[Company-Direct] Found 0 jobs from Mitrais
[Company-Direct] Found 0 jobs from TabSquare
[Company-Direct] Found 5 jobs from Grab
[Company-Direct] Found 1 jobs from Wise
[Company-Direct] Found 0 jobs from Kata.ai
[Company-Direct] Found 0 jobs from Carousell
[Company-Direct] Found 2 jobs from Bookipi
[Company-Direct] Found 0 jobs from Shippit
RemoteOK: 0 jobs, 0 errors
Remotive: 0 jobs, 0 errors
Greenhouse: 481 jobs, 2 errors
JapanDev: 0 jobs, 0 errors
WeWorkRemotely: 0 jobs, 0 errors
TechInAsia: 2 jobs, 0 errors
Kalibrr: 0 jobs, 0 errors
Blibli: 23 jobs, 0 errors
BankNeo: 0 jobs, 0 errors
JSearch: 26 jobs, 0 errors

Total raw jobs collected: 532
After filtering: 243 jobs
After deduplication: 89 new jobs
Appended 89 jobs to Google Sheets

Errors (2):
  - ReCharge crawl failed: Greenhouse API responded with status 404 for ReCharge
  - Skillshare crawl failed: Lever API responded with status 404 for Skillshare

=== Job Crawler Complete ===

## 2026-06-29T15:32:50Z
=== Job Crawler Starting ===
Time: 2026-06-29T15:32:03.122Z
Existing jobs in sheet: 9296
[Remotive] Found 0 jobs
[Company-Direct] Found 0 jobs from GitLab
[WeWorkRemotely] Found 0 jobs
[Company-Direct] Found 6 jobs from Cloudflare
[Company-Direct] Found 0 jobs from Figma
[JapanDev] Found 0 jobs
[Company-Direct] Found 1 jobs from Stripe
[RemoteOK] Found 0 jobs
[Company-Direct] Found 0 jobs from Vercel
[Company-Direct] Found 183 jobs from Speechify
[Company-Direct] Found 0 jobs from CircleCI
[Company-Direct] Found 0 jobs from Consensys
[BankNeo] Found 0 jobs (0 total)
[Company-Direct] Found 0 jobs from Modern Health
[Company-Direct] Error crawling ReCharge: Greenhouse API responded with status 404 for ReCharge
[Company-Direct] Found 3 jobs from Xendit
[Company-Direct] Found 7 jobs from Agoda
[Company-Direct] Found 22 jobs from Twilio
[Company-Direct] Found 1 jobs from Remote
[Company-Direct] Found 0 jobs from Imply
[Company-Direct] Found 0 jobs from Netflix
[Kalibrr] Query "software engineer": found 50 jobs (total: 1132)
[Kalibrr] Query "backend engineer": found 50 jobs (total: 1132)
[Kalibrr] Query "fullstack developer": found 50 jobs (total: 1132)
[Kalibrr] Total: 0 jobs from 3 queries
[JSearch] Query "software engineer": found 10 jobs
[TechInAsia] Found 3 jobs (total available: 291)
[Company-Direct] Found 432 jobs from Jobgether
[Company-Direct] Found 0 jobs from Kraken
[Company-Direct] Found 0 jobs from Medium
[Company-Direct] Error crawling Skillshare: Lever API responded with status 404 for Skillshare
[Company-Direct] Found 0 jobs from Tiket
[Company-Direct] Found 0 jobs from Xsolla
[Company-Direct] Found 0 jobs from Notion
[Company-Direct] Found 0 jobs from Ramp
[Company-Direct] Found 0 jobs from Linear
[Company-Direct] Found 0 jobs from Deel
[Company-Direct] Found 0 jobs from Pave
[Company-Direct] Found 0 jobs from Bespoke Labs
[Company-Direct] Found 0 jobs from Snowflake
[Company-Direct] Found 0 jobs from Perplexity AI
[Blibli] Found 24 jobs (24 engineering out of 160 total)
[Company-Direct] Found 0 jobs from Lavendo
[Company-Direct] Found 0 jobs from Employment Hero
[JSearch] Query "backend engineer": found 10 jobs
[Company-Direct] Found 21 jobs from Ajaib
[JSearch] Query "fullstack developer": found 9 jobs
[JSearch] Total: 29 jobs from 3 queries
[Company-Direct] Found 23 jobs from Stockbit
[Company-Direct] Found 0 jobs from Traveloka
[Company-Direct] Found 0 jobs from Dana
[Company-Direct] Found 0 jobs from Halodoc
[Company-Direct] Found 0 jobs from Kredivo
[Company-Direct] Found 0 jobs from Mitrais
[Company-Direct] Found 0 jobs from TabSquare
[Company-Direct] Found 5 jobs from Grab
[Company-Direct] Found 5 jobs from Wise
[Company-Direct] Found 0 jobs from Kata.ai
[Company-Direct] Found 0 jobs from Carousell
[Company-Direct] Found 2 jobs from Bookipi
[Company-Direct] Found 0 jobs from Shippit
RemoteOK: 0 jobs, 0 errors
Remotive: 0 jobs, 0 errors
Greenhouse: 711 jobs, 2 errors
JapanDev: 0 jobs, 0 errors
WeWorkRemotely: 0 jobs, 0 errors
TechInAsia: 3 jobs, 0 errors
Kalibrr: 0 jobs, 0 errors
Blibli: 24 jobs, 0 errors
BankNeo: 0 jobs, 0 errors
JSearch: 29 jobs, 0 errors

Total raw jobs collected: 767
After filtering: 272 jobs
After deduplication: 33 new jobs
Appended 33 jobs to Google Sheets

Errors (2):
  - ReCharge crawl failed: Greenhouse API responded with status 404 for ReCharge
  - Skillshare crawl failed: Lever API responded with status 404 for Skillshare

=== Job Crawler Complete ===

## 2026-06-29T19:45:23Z
=== Job Crawler Starting ===
Time: 2026-06-29T19:44:25.156Z
Existing jobs in sheet: 9329
[Remotive] Found 0 jobs
[Company-Direct] Found 0 jobs from GitLab
[WeWorkRemotely] Found 0 jobs
[RemoteOK] Found 0 jobs
[JapanDev] Found 0 jobs
[Kalibrr] Query "software engineer": found 50 jobs (total: 1019)
[BankNeo] Found 0 jobs (0 total)
[Company-Direct] Found 5 jobs from Cloudflare
[Company-Direct] Found 0 jobs from Figma
[Company-Direct] Found 1 jobs from Stripe
[Kalibrr] Query "backend engineer": found 50 jobs (total: 1019)
[Company-Direct] Found 22 jobs from Vercel
[Company-Direct] Found 183 jobs from Speechify
[Company-Direct] Found 0 jobs from CircleCI
[Company-Direct] Found 0 jobs from Consensys
[Kalibrr] Query "fullstack developer": found 50 jobs (total: 1019)
[Kalibrr] Total: 0 jobs from 3 queries
[Company-Direct] Found 0 jobs from Modern Health
[Company-Direct] Error crawling ReCharge: Greenhouse API responded with status 404 for ReCharge
[Company-Direct] Found 3 jobs from Xendit
[Company-Direct] Found 7 jobs from Agoda
[Company-Direct] Found 22 jobs from Twilio
[Company-Direct] Found 1 jobs from Remote
[Company-Direct] Found 0 jobs from Imply
[Company-Direct] Found 0 jobs from Netflix
[JSearch] Query "software engineer": found 10 jobs
[JSearch] Query "backend engineer": found 10 jobs
[TechInAsia] Found 3 jobs (total available: 291)
[JSearch] Query "fullstack developer": found 10 jobs
[JSearch] Total: 30 jobs from 3 queries
[Company-Direct] Found 506 jobs from Jobgether
[Company-Direct] Found 0 jobs from Kraken
[Blibli] Found 24 jobs (24 engineering out of 160 total)
[Company-Direct] Found 0 jobs from Medium
[Company-Direct] Error crawling Skillshare: Lever API responded with status 404 for Skillshare
[Company-Direct] Found 0 jobs from Tiket
[Company-Direct] Found 0 jobs from Xsolla
[Company-Direct] Found 0 jobs from Notion
[Company-Direct] Found 0 jobs from Ramp
[Company-Direct] Found 0 jobs from Linear
[Company-Direct] Found 0 jobs from Deel
[Company-Direct] Found 0 jobs from Pave
[Company-Direct] Found 0 jobs from Bespoke Labs
[Company-Direct] Found 0 jobs from Snowflake
[Company-Direct] Found 0 jobs from Perplexity AI
[Company-Direct] Found 0 jobs from Lavendo
[Company-Direct] Found 0 jobs from Employment Hero
[Company-Direct] Found 21 jobs from Ajaib
[Company-Direct] Found 23 jobs from Stockbit
[Company-Direct] Found 0 jobs from Traveloka
[Company-Direct] Found 0 jobs from Dana
[Company-Direct] Found 0 jobs from Halodoc
[Company-Direct] Found 0 jobs from Kredivo
[Company-Direct] Found 0 jobs from Mitrais
[Company-Direct] Found 0 jobs from TabSquare
[Company-Direct] Found 5 jobs from Grab
[Company-Direct] Found 7 jobs from Wise
[Company-Direct] Found 0 jobs from Kata.ai
[Company-Direct] Found 0 jobs from Carousell
[Company-Direct] Found 2 jobs from Bookipi
[Company-Direct] Found 0 jobs from Shippit
RemoteOK: 0 jobs, 0 errors
Remotive: 0 jobs, 0 errors
Greenhouse: 808 jobs, 2 errors
JapanDev: 0 jobs, 0 errors
WeWorkRemotely: 0 jobs, 0 errors
TechInAsia: 3 jobs, 0 errors
Kalibrr: 0 jobs, 0 errors
Blibli: 24 jobs, 0 errors
BankNeo: 0 jobs, 0 errors
JSearch: 30 jobs, 0 errors

Total raw jobs collected: 865
After filtering: 310 jobs
After deduplication: 36 new jobs
Appended 36 jobs to Google Sheets

Errors (2):
  - ReCharge crawl failed: Greenhouse API responded with status 404 for ReCharge
  - Skillshare crawl failed: Lever API responded with status 404 for Skillshare

=== Job Crawler Complete ===

## 2026-06-30T02:35:40Z
=== Job Crawler Starting ===
Time: 2026-06-30T02:34:54.777Z
Existing jobs in sheet: 9365
[Remotive] Found 0 jobs
[Company-Direct] Found 0 jobs from GitLab
[WeWorkRemotely] Found 0 jobs
[Company-Direct] Found 5 jobs from Cloudflare
[JapanDev] Found 0 jobs
[Company-Direct] Found 0 jobs from Figma
[RemoteOK] Found 0 jobs
[Company-Direct] Found 2 jobs from Stripe
[Company-Direct] Found 22 jobs from Vercel
[Company-Direct] Found 183 jobs from Speechify
[BankNeo] Found 0 jobs (0 total)
[Kalibrr] Query "software engineer": found 50 jobs (total: 1019)
[Company-Direct] Found 0 jobs from CircleCI
[Company-Direct] Found 0 jobs from Consensys
[Company-Direct] Found 0 jobs from Modern Health
[Company-Direct] Error crawling ReCharge: Greenhouse API responded with status 404 for ReCharge
[Company-Direct] Found 3 jobs from Xendit
[Kalibrr] Query "backend engineer": found 50 jobs (total: 1019)
[Kalibrr] Query "fullstack developer": found 50 jobs (total: 1019)
[Kalibrr] Total: 12 jobs from 3 queries
[Company-Direct] Found 7 jobs from Agoda
[Company-Direct] Found 22 jobs from Twilio
[Company-Direct] Found 1 jobs from Remote
[Company-Direct] Found 0 jobs from Imply
[Company-Direct] Found 0 jobs from Netflix
[Company-Direct] Found 506 jobs from Jobgether
[Company-Direct] Found 0 jobs from Kraken
[Company-Direct] Found 0 jobs from Medium
[Company-Direct] Error crawling Skillshare: Lever API responded with status 404 for Skillshare
[Company-Direct] Found 0 jobs from Tiket
[Company-Direct] Found 0 jobs from Xsolla
[Company-Direct] Found 0 jobs from Notion
[Company-Direct] Found 0 jobs from Ramp
[Company-Direct] Found 0 jobs from Linear
[Company-Direct] Found 0 jobs from Deel
[Company-Direct] Found 0 jobs from Pave
[Company-Direct] Found 0 jobs from Bespoke Labs
[Company-Direct] Found 0 jobs from Snowflake
[Company-Direct] Found 0 jobs from Perplexity AI
[Company-Direct] Found 0 jobs from Lavendo
[Company-Direct] Found 0 jobs from Employment Hero
[Company-Direct] Found 21 jobs from Ajaib
[JSearch] Query "software engineer": found 10 jobs
[TechInAsia] Found 3 jobs (total available: 291)
[Blibli] Found 22 jobs (22 engineering out of 160 total)
[Company-Direct] Found 23 jobs from Stockbit
[Company-Direct] Found 0 jobs from Traveloka
[JSearch] Query "backend engineer": found 10 jobs
[Company-Direct] Found 0 jobs from Dana
[Company-Direct] Found 0 jobs from Halodoc
[Company-Direct] Found 0 jobs from Kredivo
[Company-Direct] Found 0 jobs from Mitrais
[Company-Direct] Found 0 jobs from TabSquare
[Company-Direct] Found 5 jobs from Grab
[Company-Direct] Found 6 jobs from Wise
[Company-Direct] Found 0 jobs from Kata.ai
[Company-Direct] Found 0 jobs from Carousell
[Company-Direct] Found 2 jobs from Bookipi
[Company-Direct] Found 0 jobs from Shippit
[JSearch] Query "fullstack developer": found 10 jobs
[JSearch] Total: 30 jobs from 3 queries
RemoteOK: 0 jobs, 0 errors
Remotive: 0 jobs, 0 errors
Greenhouse: 808 jobs, 2 errors
JapanDev: 0 jobs, 0 errors
WeWorkRemotely: 0 jobs, 0 errors
TechInAsia: 3 jobs, 0 errors
Kalibrr: 12 jobs, 0 errors
Blibli: 22 jobs, 0 errors
BankNeo: 0 jobs, 0 errors
JSearch: 30 jobs, 0 errors

Total raw jobs collected: 875
After filtering: 308 jobs
After deduplication: 18 new jobs
Appended 18 jobs to Google Sheets

Errors (2):
  - ReCharge crawl failed: Greenhouse API responded with status 404 for ReCharge
  - Skillshare crawl failed: Lever API responded with status 404 for Skillshare

=== Job Crawler Complete ===

## 2026-06-30T08:58:36Z
=== Job Crawler Starting ===
Time: 2026-06-30T08:57:38.325Z
Existing jobs in sheet: 9383
[Remotive] Found 0 jobs
[Company-Direct] Found 0 jobs from GitLab
[WeWorkRemotely] Found 0 jobs
[Company-Direct] Found 6 jobs from Cloudflare
[JapanDev] Found 0 jobs
[Company-Direct] Found 0 jobs from Figma
[RemoteOK] Found 0 jobs
[Company-Direct] Found 4 jobs from Stripe
[Company-Direct] Found 22 jobs from Vercel
[Kalibrr] Query "software engineer": found 50 jobs (total: 1038)
[BankNeo] Found 0 jobs (0 total)
[Company-Direct] Found 0 jobs from Speechify
[Company-Direct] Found 0 jobs from CircleCI
[Kalibrr] Query "backend engineer": found 50 jobs (total: 1038)
[Company-Direct] Found 0 jobs from Consensys
[Company-Direct] Found 0 jobs from Modern Health
[Company-Direct] Error crawling ReCharge: Greenhouse API responded with status 404 for ReCharge
[Kalibrr] Query "fullstack developer": found 50 jobs (total: 1038)
[Kalibrr] Total: 3 jobs from 3 queries
[Company-Direct] Found 3 jobs from Xendit
[Company-Direct] Found 16 jobs from Agoda
[Company-Direct] Found 24 jobs from Twilio
[Company-Direct] Found 1 jobs from Remote
[Company-Direct] Found 0 jobs from Imply
[Company-Direct] Found 0 jobs from Netflix
[JSearch] Query "software engineer": found 10 jobs
[JSearch] Query "backend engineer": found 10 jobs
[TechInAsia] Found 3 jobs (total available: 290)
[Company-Direct] Found 560 jobs from Jobgether
[Company-Direct] Found 0 jobs from Kraken
[Blibli] Found 23 jobs (23 engineering out of 162 total)
[Company-Direct] Found 0 jobs from Medium
[Company-Direct] Error crawling Skillshare: Lever API responded with status 404 for Skillshare
[Company-Direct] Found 0 jobs from Tiket
[Company-Direct] Found 1 jobs from Xsolla
[Company-Direct] Found 0 jobs from Notion
[Company-Direct] Found 0 jobs from Ramp
[Company-Direct] Found 0 jobs from Linear
[Company-Direct] Found 0 jobs from Deel
[Company-Direct] Found 0 jobs from Pave
[Company-Direct] Found 0 jobs from Bespoke Labs
[Company-Direct] Found 0 jobs from Snowflake
[Company-Direct] Found 0 jobs from Perplexity AI
[Company-Direct] Found 0 jobs from Lavendo
[Company-Direct] Found 0 jobs from Employment Hero
[Company-Direct] Found 21 jobs from Ajaib
[JSearch] Error for query "fullstack developer": JSearch API responded with status 504 for query "fullstack developer"
[JSearch] Total: 20 jobs from 3 queries
[Company-Direct] Found 23 jobs from Stockbit
[Company-Direct] Found 0 jobs from Traveloka
[Company-Direct] Found 0 jobs from Dana
[Company-Direct] Found 0 jobs from Halodoc
[Company-Direct] Found 0 jobs from Kredivo
[Company-Direct] Found 0 jobs from Mitrais
[Company-Direct] Found 0 jobs from TabSquare
[Company-Direct] Found 5 jobs from Grab
[Company-Direct] Found 6 jobs from Wise
[Company-Direct] Found 0 jobs from Kata.ai
[Company-Direct] Found 0 jobs from Carousell
[Company-Direct] Found 2 jobs from Bookipi
[Company-Direct] Found 0 jobs from Shippit
RemoteOK: 0 jobs, 0 errors
Remotive: 0 jobs, 0 errors
Greenhouse: 694 jobs, 2 errors
JapanDev: 0 jobs, 0 errors
WeWorkRemotely: 0 jobs, 0 errors
TechInAsia: 3 jobs, 0 errors
Kalibrr: 3 jobs, 0 errors
Blibli: 23 jobs, 0 errors
BankNeo: 0 jobs, 0 errors
JSearch: 20 jobs, 1 errors

Total raw jobs collected: 743
After filtering: 168 jobs
After deduplication: 40 new jobs
Appended 40 jobs to Google Sheets

Errors (3):
  - ReCharge crawl failed: Greenhouse API responded with status 404 for ReCharge
  - Skillshare crawl failed: Lever API responded with status 404 for Skillshare
  - JSearch query "fullstack developer" failed: JSearch API responded with status 504 for query "fullstack developer"

=== Job Crawler Complete ===

## 2026-06-30T14:00:00Z
=== Job Crawler Starting ===
Time: 2026-06-30T13:58:58.104Z
Existing jobs in sheet: 9423
[Remotive] Found 0 jobs
[WeWorkRemotely] Found 0 jobs
[Company-Direct] Found 1 jobs from GitLab
[Company-Direct] Found 4 jobs from Cloudflare
[JapanDev] Found 0 jobs
[Company-Direct] Found 0 jobs from Figma
[RemoteOK] Found 0 jobs
[Company-Direct] Found 5 jobs from Stripe
[Company-Direct] Found 22 jobs from Vercel
[Company-Direct] Found 0 jobs from Speechify
[BankNeo] Found 0 jobs (0 total)
[Company-Direct] Found 0 jobs from CircleCI
[Company-Direct] Found 0 jobs from Consensys
[Company-Direct] Found 0 jobs from Modern Health
[Company-Direct] Error crawling ReCharge: Greenhouse API responded with status 404 for ReCharge
[Company-Direct] Found 3 jobs from Xendit
[Company-Direct] Found 16 jobs from Agoda
[Kalibrr] Query "software engineer": found 50 jobs (total: 1038)
[Company-Direct] Found 24 jobs from Twilio
[Company-Direct] Found 1 jobs from Remote
[Company-Direct] Found 0 jobs from Imply
[Company-Direct] Found 0 jobs from Netflix
[Kalibrr] Query "backend engineer": found 50 jobs (total: 1038)
[Kalibrr] Query "fullstack developer": found 50 jobs (total: 1038)
[Kalibrr] Total: 3 jobs from 3 queries
[JSearch] Query "software engineer": found 10 jobs
[TechInAsia] Found 5 jobs (total available: 291)
[JSearch] Query "backend engineer": found 9 jobs
[Company-Direct] Found 469 jobs from Jobgether
[Company-Direct] Found 0 jobs from Kraken
[Company-Direct] Found 0 jobs from Medium
[Company-Direct] Error crawling Skillshare: Lever API responded with status 404 for Skillshare
[Company-Direct] Found 0 jobs from Tiket
[Company-Direct] Found 3 jobs from Xsolla
[Company-Direct] Found 0 jobs from Notion
[Company-Direct] Found 0 jobs from Ramp
[Company-Direct] Found 0 jobs from Linear
[Company-Direct] Found 0 jobs from Deel
[Company-Direct] Found 0 jobs from Pave
[Company-Direct] Found 0 jobs from Bespoke Labs
[Company-Direct] Found 0 jobs from Snowflake
[Company-Direct] Found 0 jobs from Perplexity AI
[Company-Direct] Found 0 jobs from Lavendo
[Blibli] Found 23 jobs (23 engineering out of 163 total)
[Company-Direct] Found 0 jobs from Employment Hero
[Company-Direct] Found 21 jobs from Ajaib
[JSearch] Query "fullstack developer": found 10 jobs
[JSearch] Total: 29 jobs from 3 queries
[Company-Direct] Found 23 jobs from Stockbit
[Company-Direct] Found 0 jobs from Traveloka
[Company-Direct] Found 0 jobs from Dana
[Company-Direct] Found 0 jobs from Halodoc
[Company-Direct] Found 0 jobs from Kredivo
[Company-Direct] Found 0 jobs from Mitrais
[Company-Direct] Found 0 jobs from TabSquare
[Company-Direct] Found 5 jobs from Grab
[Company-Direct] Found 12 jobs from Wise
[Company-Direct] Found 0 jobs from Kata.ai
[Company-Direct] Found 0 jobs from Carousell
[Company-Direct] Found 2 jobs from Bookipi
[Company-Direct] Found 0 jobs from Shippit
RemoteOK: 0 jobs, 0 errors
Remotive: 0 jobs, 0 errors
Greenhouse: 611 jobs, 2 errors
JapanDev: 0 jobs, 0 errors
WeWorkRemotely: 0 jobs, 0 errors
TechInAsia: 5 jobs, 0 errors
Kalibrr: 3 jobs, 0 errors
Blibli: 23 jobs, 0 errors
BankNeo: 0 jobs, 0 errors
JSearch: 29 jobs, 0 errors

Total raw jobs collected: 671
After filtering: 147 jobs
After deduplication: 31 new jobs
Appended 31 jobs to Google Sheets

Errors (2):
  - ReCharge crawl failed: Greenhouse API responded with status 404 for ReCharge
  - Skillshare crawl failed: Lever API responded with status 404 for Skillshare

=== Job Crawler Complete ===

## 2026-06-30T19:44:30Z
=== Job Crawler Starting ===
Time: 2026-06-30T19:43:32.326Z
Existing jobs in sheet: 9454
[Remotive] Found 0 jobs
[Company-Direct] Found 1 jobs from GitLab
[WeWorkRemotely] Found 0 jobs
[Company-Direct] Found 4 jobs from Cloudflare
[Company-Direct] Found 1 jobs from Figma
[JapanDev] Found 0 jobs
[Company-Direct] Found 5 jobs from Stripe
[RemoteOK] Found 0 jobs
[Company-Direct] Found 0 jobs from Vercel
[Company-Direct] Found 0 jobs from Speechify
[Company-Direct] Found 0 jobs from CircleCI
[Company-Direct] Found 0 jobs from Consensys
[Company-Direct] Found 1 jobs from Modern Health
[Kalibrr] Query "software engineer": found 50 jobs (total: 1023)
[Company-Direct] Error crawling ReCharge: Greenhouse API responded with status 404 for ReCharge
[Company-Direct] Found 3 jobs from Xendit
[BankNeo] Found 0 jobs (0 total)
[Company-Direct] Found 13 jobs from Agoda
[Company-Direct] Found 15 jobs from Twilio
[Kalibrr] Query "backend engineer": found 50 jobs (total: 1023)
[Company-Direct] Found 0 jobs from Remote
[Company-Direct] Found 0 jobs from Imply
[Kalibrr] Query "fullstack developer": found 50 jobs (total: 1023)
[Kalibrr] Total: 3 jobs from 3 queries
[JSearch] Query "software engineer": found 9 jobs
[TechInAsia] Found 4 jobs (total available: 291)
[JSearch] Query "backend engineer": found 9 jobs
[Company-Direct] Found 0 jobs from Netflix
[Blibli] Found 23 jobs (23 engineering out of 163 total)
[Company-Direct] Found 382 jobs from Jobgether
[Company-Direct] Found 0 jobs from Kraken
[Company-Direct] Found 0 jobs from Medium
[Company-Direct] Error crawling Skillshare: Lever API responded with status 404 for Skillshare
[Company-Direct] Found 0 jobs from Tiket
[Company-Direct] Found 3 jobs from Xsolla
[Company-Direct] Found 0 jobs from Notion
[Company-Direct] Found 0 jobs from Ramp
[Company-Direct] Found 0 jobs from Linear
[Company-Direct] Found 0 jobs from Deel
[Company-Direct] Found 0 jobs from Pave
[Company-Direct] Found 0 jobs from Bespoke Labs
[Company-Direct] Found 0 jobs from Snowflake
[Company-Direct] Found 0 jobs from Perplexity AI
[Company-Direct] Found 0 jobs from Lavendo
[Company-Direct] Found 0 jobs from Employment Hero
[Company-Direct] Found 21 jobs from Ajaib
[JSearch] Query "fullstack developer": found 7 jobs
[JSearch] Total: 25 jobs from 3 queries
[Company-Direct] Found 23 jobs from Stockbit
[Company-Direct] Found 0 jobs from Traveloka
[Company-Direct] Found 0 jobs from Dana
[Company-Direct] Found 0 jobs from Halodoc
[Company-Direct] Found 0 jobs from Kredivo
[Company-Direct] Found 0 jobs from Mitrais
[Company-Direct] Found 0 jobs from TabSquare
[Company-Direct] Found 5 jobs from Grab
[Company-Direct] Found 12 jobs from Wise
[Company-Direct] Found 0 jobs from Kata.ai
[Company-Direct] Found 0 jobs from Carousell
[Company-Direct] Found 2 jobs from Bookipi
[Company-Direct] Found 0 jobs from Shippit
RemoteOK: 0 jobs, 0 errors
Remotive: 0 jobs, 0 errors
Greenhouse: 491 jobs, 2 errors
JapanDev: 0 jobs, 0 errors
WeWorkRemotely: 0 jobs, 0 errors
TechInAsia: 4 jobs, 0 errors
Kalibrr: 3 jobs, 0 errors
Blibli: 23 jobs, 0 errors
BankNeo: 0 jobs, 0 errors
JSearch: 25 jobs, 0 errors

Total raw jobs collected: 546
After filtering: 96 jobs
After deduplication: 12 new jobs
Appended 12 jobs to Google Sheets

Errors (2):
  - ReCharge crawl failed: Greenhouse API responded with status 404 for ReCharge
  - Skillshare crawl failed: Lever API responded with status 404 for Skillshare

=== Job Crawler Complete ===

## 2026-07-01T02:41:18Z
=== Job Crawler Starting ===
Time: 2026-07-01T02:40:37.928Z
Existing jobs in sheet: 9466
[Remotive] Found 0 jobs
[WeWorkRemotely] Found 0 jobs
[Company-Direct] Found 1 jobs from GitLab
[Company-Direct] Found 4 jobs from Cloudflare
[Company-Direct] Found 1 jobs from Figma
[RemoteOK] Found 0 jobs
[Company-Direct] Found 10 jobs from Stripe
[Company-Direct] Found 0 jobs from Vercel
[JapanDev] Found 0 jobs
[Company-Direct] Found 0 jobs from Speechify
[TechInAsia] Error: TechInAsia API responded with status 403
[Company-Direct] Found 0 jobs from CircleCI
[Company-Direct] Found 0 jobs from Consensys
[Company-Direct] Found 1 jobs from Modern Health
[Company-Direct] Error crawling ReCharge: Greenhouse API responded with status 404 for ReCharge
[Company-Direct] Found 3 jobs from Xendit
[Company-Direct] Found 13 jobs from Agoda
[Kalibrr] Query "software engineer": found 50 jobs (total: 1028)
[Company-Direct] Found 18 jobs from Twilio
[Company-Direct] Found 0 jobs from Remote
[Company-Direct] Found 0 jobs from Imply
[BankNeo] Found 0 jobs (0 total)
[Kalibrr] Query "backend engineer": found 50 jobs (total: 1028)
[Company-Direct] Found 0 jobs from Netflix
[Kalibrr] Query "fullstack developer": found 50 jobs (total: 1028)
[Kalibrr] Total: 3 jobs from 3 queries
[Company-Direct] Found 382 jobs from Jobgether
[Company-Direct] Found 0 jobs from Kraken
[Company-Direct] Found 0 jobs from Medium
[Company-Direct] Error crawling Skillshare: Lever API responded with status 404 for Skillshare
[Company-Direct] Found 0 jobs from Tiket
[Company-Direct] Found 3 jobs from Xsolla
[Company-Direct] Found 0 jobs from Notion
[Company-Direct] Found 0 jobs from Ramp
[Company-Direct] Found 0 jobs from Linear
[Company-Direct] Found 0 jobs from Deel
[Company-Direct] Found 0 jobs from Pave
[Company-Direct] Found 0 jobs from Bespoke Labs
[Company-Direct] Found 0 jobs from Snowflake
[Company-Direct] Found 0 jobs from Perplexity AI
[JSearch] Query "software engineer": found 10 jobs
[Company-Direct] Found 0 jobs from Lavendo
[Company-Direct] Found 0 jobs from Employment Hero
[Company-Direct] Found 21 jobs from Ajaib
[JSearch] Query "backend engineer": found 10 jobs
[Blibli] Found 23 jobs (23 engineering out of 160 total)
[JSearch] Query "fullstack developer": found 10 jobs
[JSearch] Total: 30 jobs from 3 queries
[Company-Direct] Found 23 jobs from Stockbit
[Company-Direct] Found 0 jobs from Traveloka
[Company-Direct] Found 0 jobs from Dana
[Company-Direct] Found 0 jobs from Halodoc
[Company-Direct] Found 0 jobs from Kredivo
[Company-Direct] Found 0 jobs from Mitrais
[Company-Direct] Found 0 jobs from TabSquare
[Company-Direct] Found 4 jobs from Grab
[Company-Direct] Found 12 jobs from Wise
[Company-Direct] Found 0 jobs from Kata.ai
[Company-Direct] Found 0 jobs from Carousell
[Company-Direct] Found 2 jobs from Bookipi
[Company-Direct] Found 0 jobs from Shippit
RemoteOK: 0 jobs, 0 errors
Remotive: 0 jobs, 0 errors
Greenhouse: 498 jobs, 2 errors
JapanDev: 0 jobs, 0 errors
WeWorkRemotely: 0 jobs, 0 errors
TechInAsia: 0 jobs, 1 errors
Kalibrr: 3 jobs, 0 errors
Blibli: 23 jobs, 0 errors
BankNeo: 0 jobs, 0 errors
JSearch: 30 jobs, 0 errors

Total raw jobs collected: 554
After filtering: 101 jobs
After deduplication: 20 new jobs
Appended 20 jobs to Google Sheets

Errors (3):
  - ReCharge crawl failed: Greenhouse API responded with status 404 for ReCharge
  - Skillshare crawl failed: Lever API responded with status 404 for Skillshare
  - TechInAsia crawl failed: TechInAsia API responded with status 403

=== Job Crawler Complete ===

## 2026-07-01T09:31:29Z
=== Job Crawler Starting ===
Time: 2026-07-01T09:30:43.134Z
Existing jobs in sheet: 9486
[Remotive] Found 0 jobs
[Company-Direct] Found 3 jobs from GitLab
[WeWorkRemotely] Found 0 jobs
[JapanDev] Found 0 jobs
[RemoteOK] Found 0 jobs
[BankNeo] Found 0 jobs (0 total)
[Kalibrr] Query "software engineer": found 50 jobs (total: 1028)
[Kalibrr] Query "backend engineer": found 50 jobs (total: 1028)
[Kalibrr] Query "fullstack developer": found 50 jobs (total: 1028)
[Kalibrr] Total: 0 jobs from 3 queries
[Company-Direct] Found 2 jobs from Cloudflare
[Company-Direct] Found 1 jobs from Figma
[Company-Direct] Found 10 jobs from Stripe
[Company-Direct] Found 0 jobs from Vercel
[Company-Direct] Found 0 jobs from Speechify
[Company-Direct] Found 0 jobs from CircleCI
[Company-Direct] Found 0 jobs from Consensys
[Company-Direct] Found 1 jobs from Modern Health
[Company-Direct] Error crawling ReCharge: Greenhouse API responded with status 404 for ReCharge
[Company-Direct] Found 3 jobs from Xendit
[Company-Direct] Found 4 jobs from Agoda
[Company-Direct] Found 17 jobs from Twilio
[Company-Direct] Found 0 jobs from Remote
[Company-Direct] Found 0 jobs from Imply
[Company-Direct] Found 0 jobs from Netflix
[Company-Direct] Found 374 jobs from Jobgether
[Company-Direct] Found 0 jobs from Kraken
[Company-Direct] Found 0 jobs from Medium
[Company-Direct] Error crawling Skillshare: Lever API responded with status 404 for Skillshare
[Company-Direct] Found 0 jobs from Tiket
[TechInAsia] Found 8 jobs (total available: 296)
[Company-Direct] Found 3 jobs from Xsolla
[Company-Direct] Found 0 jobs from Notion
[Company-Direct] Found 0 jobs from Ramp
[Company-Direct] Found 0 jobs from Linear
[Company-Direct] Found 0 jobs from Deel
[Company-Direct] Found 0 jobs from Pave
[Company-Direct] Found 0 jobs from Bespoke Labs
[Company-Direct] Found 0 jobs from Snowflake
[Company-Direct] Found 0 jobs from Perplexity AI
[Company-Direct] Found 0 jobs from Lavendo
[Company-Direct] Found 0 jobs from Employment Hero
[JSearch] Query "software engineer": found 10 jobs
[Company-Direct] Found 21 jobs from Ajaib
[Blibli] Found 23 jobs (23 engineering out of 158 total)
[JSearch] Query "backend engineer": found 10 jobs
[Company-Direct] Found 23 jobs from Stockbit
[Company-Direct] Found 0 jobs from Traveloka
[Company-Direct] Found 0 jobs from Dana
[Company-Direct] Found 0 jobs from Halodoc
[Company-Direct] Found 0 jobs from Kredivo
[Company-Direct] Found 0 jobs from Mitrais
[Company-Direct] Found 0 jobs from TabSquare
[Company-Direct] Found 1 jobs from Grab
[JSearch] Query "fullstack developer": found 10 jobs
[JSearch] Total: 30 jobs from 3 queries
[Company-Direct] Found 14 jobs from Wise
[Company-Direct] Found 0 jobs from Kata.ai
[Company-Direct] Found 0 jobs from Carousell
[Company-Direct] Found 2 jobs from Bookipi
[Company-Direct] Found 0 jobs from Shippit
RemoteOK: 0 jobs, 0 errors
Remotive: 0 jobs, 0 errors
Greenhouse: 479 jobs, 2 errors
JapanDev: 0 jobs, 0 errors
WeWorkRemotely: 0 jobs, 0 errors
TechInAsia: 8 jobs, 0 errors
Kalibrr: 0 jobs, 0 errors
Blibli: 23 jobs, 0 errors
BankNeo: 0 jobs, 0 errors
JSearch: 30 jobs, 0 errors

Total raw jobs collected: 540
After filtering: 98 jobs
After deduplication: 46 new jobs
Appended 46 jobs to Google Sheets

Errors (2):
  - ReCharge crawl failed: Greenhouse API responded with status 404 for ReCharge
  - Skillshare crawl failed: Lever API responded with status 404 for Skillshare

=== Job Crawler Complete ===

## 2026-07-01T14:12:29Z
=== Job Crawler Starting ===
Time: 2026-07-01T14:11:53.356Z
Existing jobs in sheet: 9532
[Remotive] Found 0 jobs
[WeWorkRemotely] Found 0 jobs
[Company-Direct] Found 2 jobs from GitLab
[Company-Direct] Found 2 jobs from Cloudflare
[JapanDev] Found 0 jobs
[Company-Direct] Found 1 jobs from Figma
[Company-Direct] Found 9 jobs from Stripe
[RemoteOK] Found 0 jobs
[Company-Direct] Found 0 jobs from Vercel
[Company-Direct] Found 0 jobs from Speechify
[Company-Direct] Found 0 jobs from CircleCI
[BankNeo] Found 0 jobs (0 total)
[Company-Direct] Found 0 jobs from Consensys
[Company-Direct] Found 1 jobs from Modern Health
[Company-Direct] Error crawling ReCharge: Greenhouse API responded with status 404 for ReCharge
[Company-Direct] Found 3 jobs from Xendit
[Kalibrr] Query "software engineer": found 50 jobs (total: 1029)
[Kalibrr] Query "backend engineer": found 50 jobs (total: 1029)
[Company-Direct] Found 9 jobs from Agoda
[Kalibrr] Query "fullstack developer": found 50 jobs (total: 1029)
[Kalibrr] Total: 0 jobs from 3 queries
[Company-Direct] Found 16 jobs from Twilio
[Company-Direct] Found 1 jobs from Remote
[Company-Direct] Found 0 jobs from Imply
[Company-Direct] Found 0 jobs from Netflix
[Company-Direct] Found 455 jobs from Jobgether
[Company-Direct] Found 0 jobs from Kraken
[Company-Direct] Found 0 jobs from Medium
[Company-Direct] Error crawling Skillshare: Lever API responded with status 404 for Skillshare
[Company-Direct] Found 0 jobs from Tiket
[Company-Direct] Found 2 jobs from Xsolla
[Company-Direct] Found 0 jobs from Notion
[Company-Direct] Found 0 jobs from Ramp
[Company-Direct] Found 0 jobs from Linear
[Company-Direct] Found 0 jobs from Deel
[Company-Direct] Found 0 jobs from Pave
[Company-Direct] Found 0 jobs from Bespoke Labs
[JSearch] Query "software engineer": found 10 jobs
[TechInAsia] Found 9 jobs (total available: 297)
[Company-Direct] Found 0 jobs from Snowflake
[Company-Direct] Found 0 jobs from Perplexity AI
[Company-Direct] Found 0 jobs from Lavendo
[Company-Direct] Found 0 jobs from Employment Hero
[Company-Direct] Found 21 jobs from Ajaib
[JSearch] Query "backend engineer": found 10 jobs
[Blibli] Found 23 jobs (23 engineering out of 159 total)
[JSearch] Query "fullstack developer": found 10 jobs
[JSearch] Total: 30 jobs from 3 queries
[Company-Direct] Found 23 jobs from Stockbit
[Company-Direct] Found 0 jobs from Traveloka
[Company-Direct] Found 0 jobs from Dana
[Company-Direct] Found 0 jobs from Halodoc
[Company-Direct] Found 0 jobs from Kredivo
[Company-Direct] Found 0 jobs from Mitrais
[Company-Direct] Found 0 jobs from TabSquare
[Company-Direct] Found 2 jobs from Grab
[Company-Direct] Found 11 jobs from Wise
[Company-Direct] Found 0 jobs from Kata.ai
[Company-Direct] Found 0 jobs from Carousell
[Company-Direct] Found 2 jobs from Bookipi
[Company-Direct] Found 0 jobs from Shippit
RemoteOK: 0 jobs, 0 errors
Remotive: 0 jobs, 0 errors
Greenhouse: 560 jobs, 2 errors
JapanDev: 0 jobs, 0 errors
WeWorkRemotely: 0 jobs, 0 errors
TechInAsia: 9 jobs, 0 errors
Kalibrr: 0 jobs, 0 errors
Blibli: 23 jobs, 0 errors
BankNeo: 0 jobs, 0 errors
JSearch: 30 jobs, 0 errors

Total raw jobs collected: 622
After filtering: 127 jobs
After deduplication: 50 new jobs
Appended 50 jobs to Google Sheets

Errors (2):
  - ReCharge crawl failed: Greenhouse API responded with status 404 for ReCharge
  - Skillshare crawl failed: Lever API responded with status 404 for Skillshare

=== Job Crawler Complete ===

## 2026-07-01T19:41:32Z
=== Job Crawler Starting ===
Time: 2026-07-01T19:40:37.418Z
Existing jobs in sheet: 9582
[Remotive] Found 0 jobs
[WeWorkRemotely] Found 0 jobs
[Company-Direct] Found 3 jobs from GitLab
[Company-Direct] Found 3 jobs from Cloudflare
[RemoteOK] Found 0 jobs
[Company-Direct] Found 0 jobs from Figma
[Company-Direct] Found 7 jobs from Stripe
[JapanDev] Found 0 jobs
[Company-Direct] Found 0 jobs from Vercel
[Company-Direct] Found 0 jobs from Speechify
[Company-Direct] Found 0 jobs from CircleCI
[Company-Direct] Found 0 jobs from Consensys
[Company-Direct] Found 0 jobs from Modern Health
[Company-Direct] Error crawling ReCharge: Greenhouse API responded with status 404 for ReCharge
[Company-Direct] Found 3 jobs from Xendit
[Company-Direct] Found 15 jobs from Agoda
[Company-Direct] Found 21 jobs from Twilio
[BankNeo] Found 0 jobs (0 total)
[Kalibrr] Query "software engineer": found 50 jobs (total: 1056)
[Company-Direct] Found 1 jobs from Remote
[Company-Direct] Found 0 jobs from Imply
[Kalibrr] Query "backend engineer": found 50 jobs (total: 1056)
[Company-Direct] Found 0 jobs from Netflix
[Kalibrr] Query "fullstack developer": found 50 jobs (total: 1056)
[Kalibrr] Total: 0 jobs from 3 queries
[Company-Direct] Found 473 jobs from Jobgether
[Company-Direct] Found 0 jobs from Kraken
[Company-Direct] Found 0 jobs from Medium
[Company-Direct] Error crawling Skillshare: Lever API responded with status 404 for Skillshare
[Company-Direct] Found 0 jobs from Tiket
[Company-Direct] Found 2 jobs from Xsolla
[Company-Direct] Found 0 jobs from Notion
[Company-Direct] Found 0 jobs from Ramp
[Company-Direct] Found 0 jobs from Linear
[Company-Direct] Found 0 jobs from Deel
[Company-Direct] Found 0 jobs from Pave
[Company-Direct] Found 0 jobs from Bespoke Labs
[Company-Direct] Found 0 jobs from Snowflake
[Company-Direct] Found 0 jobs from Perplexity AI
[Company-Direct] Found 0 jobs from Lavendo
[JSearch] Query "software engineer": found 9 jobs
[Company-Direct] Found 0 jobs from Employment Hero
[Company-Direct] Found 21 jobs from Ajaib
[TechInAsia] Found 9 jobs (total available: 297)
[JSearch] Query "backend engineer": found 10 jobs
[Blibli] Found 23 jobs (23 engineering out of 159 total)
[JSearch] Query "fullstack developer": found 9 jobs
[JSearch] Total: 28 jobs from 3 queries
[Company-Direct] Found 23 jobs from Stockbit
[Company-Direct] Found 0 jobs from Traveloka
[Company-Direct] Found 0 jobs from Dana
[Company-Direct] Found 0 jobs from Halodoc
[Company-Direct] Found 0 jobs from Kredivo
[Company-Direct] Found 0 jobs from Mitrais
[Company-Direct] Found 0 jobs from TabSquare
[Company-Direct] Found 2 jobs from Grab
[Company-Direct] Found 15 jobs from Wise
[Company-Direct] Found 0 jobs from Kata.ai
[Company-Direct] Found 0 jobs from Carousell
[Company-Direct] Found 2 jobs from Bookipi
[Company-Direct] Found 0 jobs from Shippit
RemoteOK: 0 jobs, 0 errors
Remotive: 0 jobs, 0 errors
Greenhouse: 591 jobs, 2 errors
JapanDev: 0 jobs, 0 errors
WeWorkRemotely: 0 jobs, 0 errors
TechInAsia: 9 jobs, 0 errors
Kalibrr: 0 jobs, 0 errors
Blibli: 23 jobs, 0 errors
BankNeo: 0 jobs, 0 errors
JSearch: 28 jobs, 0 errors

Total raw jobs collected: 651
After filtering: 135 jobs
After deduplication: 18 new jobs
Appended 18 jobs to Google Sheets

Errors (2):
  - ReCharge crawl failed: Greenhouse API responded with status 404 for ReCharge
  - Skillshare crawl failed: Lever API responded with status 404 for Skillshare

=== Job Crawler Complete ===

## 2026-07-02T02:30:45Z
=== Job Crawler Starting ===
Time: 2026-07-02T02:30:05.135Z
Existing jobs in sheet: 9600
[Remotive] Found 0 jobs
[WeWorkRemotely] Found 0 jobs
[Company-Direct] Found 6 jobs from GitLab
[Company-Direct] Found 4 jobs from Cloudflare
[RemoteOK] Found 0 jobs
[Company-Direct] Found 0 jobs from Figma
[Company-Direct] Found 3 jobs from Stripe
[JapanDev] Found 0 jobs
[Company-Direct] Found 0 jobs from Vercel
[Company-Direct] Found 0 jobs from Speechify
[Company-Direct] Found 0 jobs from CircleCI
[Company-Direct] Found 0 jobs from Consensys
[BankNeo] Found 0 jobs (0 total)
[Company-Direct] Found 0 jobs from Modern Health
[Company-Direct] Error crawling ReCharge: Greenhouse API responded with status 404 for ReCharge
[Company-Direct] Found 3 jobs from Xendit
[Company-Direct] Found 16 jobs from Agoda
[Company-Direct] Found 20 jobs from Twilio
[Kalibrr] Query "software engineer": found 50 jobs (total: 1066)
[Company-Direct] Found 1 jobs from Remote
[Company-Direct] Found 0 jobs from Imply
[Kalibrr] Query "backend engineer": found 50 jobs (total: 1066)
[Company-Direct] Found 0 jobs from Netflix
[Kalibrr] Query "fullstack developer": found 50 jobs (total: 1066)
[Kalibrr] Total: 0 jobs from 3 queries
[Company-Direct] Found 473 jobs from Jobgether
[Company-Direct] Found 0 jobs from Kraken
[Company-Direct] Found 0 jobs from Medium
[Company-Direct] Error crawling Skillshare: Lever API responded with status 404 for Skillshare
[Company-Direct] Found 0 jobs from Tiket
[Company-Direct] Found 2 jobs from Xsolla
[Company-Direct] Found 0 jobs from Notion
[Company-Direct] Found 0 jobs from Ramp
[Company-Direct] Found 0 jobs from Linear
[Company-Direct] Found 0 jobs from Deel
[Company-Direct] Found 0 jobs from Pave
[Company-Direct] Found 0 jobs from Bespoke Labs
[Company-Direct] Found 0 jobs from Snowflake
[Company-Direct] Found 0 jobs from Perplexity AI
[Company-Direct] Found 0 jobs from Lavendo
[Company-Direct] Found 0 jobs from Employment Hero
[Company-Direct] Found 21 jobs from Ajaib
[JSearch] Query "software engineer": found 10 jobs
[TechInAsia] Found 9 jobs (total available: 297)
[JSearch] Query "backend engineer": found 10 jobs
[Blibli] Found 23 jobs (23 engineering out of 157 total)
[Company-Direct] Found 23 jobs from Stockbit
[Company-Direct] Found 0 jobs from Traveloka
[Company-Direct] Found 0 jobs from Dana
[Company-Direct] Found 0 jobs from Halodoc
[Company-Direct] Found 0 jobs from Kredivo
[Company-Direct] Found 0 jobs from Mitrais
[Company-Direct] Found 0 jobs from TabSquare
[Company-Direct] Found 2 jobs from Grab
[Company-Direct] Found 15 jobs from Wise
[Company-Direct] Found 0 jobs from Kata.ai
[Company-Direct] Found 0 jobs from Carousell
[Company-Direct] Found 2 jobs from Bookipi
[Company-Direct] Found 0 jobs from Shippit
[JSearch] Query "fullstack developer": found 10 jobs
[JSearch] Total: 30 jobs from 3 queries
RemoteOK: 0 jobs, 0 errors
Remotive: 0 jobs, 0 errors
Greenhouse: 591 jobs, 2 errors
JapanDev: 0 jobs, 0 errors
WeWorkRemotely: 0 jobs, 0 errors
TechInAsia: 9 jobs, 0 errors
Kalibrr: 0 jobs, 0 errors
Blibli: 23 jobs, 0 errors
BankNeo: 0 jobs, 0 errors
JSearch: 30 jobs, 0 errors

Total raw jobs collected: 653
After filtering: 134 jobs
After deduplication: 17 new jobs
Appended 17 jobs to Google Sheets

Errors (2):
  - ReCharge crawl failed: Greenhouse API responded with status 404 for ReCharge
  - Skillshare crawl failed: Lever API responded with status 404 for Skillshare

=== Job Crawler Complete ===

## 2026-07-02T08:43:19Z
=== Job Crawler Starting ===
Time: 2026-07-02T08:42:43.852Z
Existing jobs in sheet: 9617
[Remotive] Found 0 jobs
[WeWorkRemotely] Found 0 jobs
[Company-Direct] Found 6 jobs from GitLab
[Company-Direct] Found 6 jobs from Cloudflare
[JapanDev] Found 0 jobs
[Company-Direct] Found 1 jobs from Figma
[RemoteOK] Found 0 jobs
[Company-Direct] Found 2 jobs from Stripe
[Company-Direct] Found 0 jobs from Vercel
[Company-Direct] Found 0 jobs from Speechify
[BankNeo] Found 0 jobs (0 total)
[Company-Direct] Found 0 jobs from CircleCI
[Company-Direct] Found 0 jobs from Consensys
[Company-Direct] Found 0 jobs from Modern Health
[Company-Direct] Error crawling ReCharge: Greenhouse API responded with status 404 for ReCharge
[Company-Direct] Found 3 jobs from Xendit
[Kalibrr] Query "software engineer": found 50 jobs (total: 1079)
[Company-Direct] Found 15 jobs from Agoda
[Company-Direct] Found 25 jobs from Twilio
[Company-Direct] Found 1 jobs from Remote
[Kalibrr] Query "backend engineer": found 50 jobs (total: 1079)
[Company-Direct] Found 0 jobs from Imply
[Company-Direct] Found 0 jobs from Netflix
[Kalibrr] Query "fullstack developer": found 50 jobs (total: 1079)
[Kalibrr] Total: 3 jobs from 3 queries
[Company-Direct] Found 615 jobs from Jobgether
[Company-Direct] Found 0 jobs from Kraken
[Company-Direct] Found 0 jobs from Medium
[Company-Direct] Error crawling Skillshare: Lever API responded with status 404 for Skillshare
[Company-Direct] Found 0 jobs from Tiket
[Company-Direct] Found 1 jobs from Xsolla
[Company-Direct] Found 0 jobs from Notion
[Company-Direct] Found 0 jobs from Ramp
[Company-Direct] Found 0 jobs from Linear
[Company-Direct] Found 0 jobs from Deel
[Company-Direct] Found 0 jobs from Pave
[Company-Direct] Found 0 jobs from Bespoke Labs
[Company-Direct] Found 0 jobs from Snowflake
[Company-Direct] Found 0 jobs from Perplexity AI
[Company-Direct] Found 0 jobs from Lavendo
[Company-Direct] Found 0 jobs from Employment Hero
[Company-Direct] Found 21 jobs from Ajaib
[TechInAsia] Found 12 jobs (total available: 301)
[JSearch] Query "software engineer": found 10 jobs
[JSearch] Query "backend engineer": found 10 jobs
[JSearch] Query "fullstack developer": found 10 jobs
[JSearch] Total: 30 jobs from 3 queries
[Blibli] Found 23 jobs (23 engineering out of 155 total)
[Company-Direct] Found 23 jobs from Stockbit
[Company-Direct] Found 0 jobs from Traveloka
[Company-Direct] Found 0 jobs from Dana
[Company-Direct] Found 0 jobs from Halodoc
[Company-Direct] Found 0 jobs from Kredivo
[Company-Direct] Found 0 jobs from Mitrais
[Company-Direct] Found 0 jobs from TabSquare
[Company-Direct] Found 2 jobs from Grab
[Company-Direct] Found 14 jobs from Wise
[Company-Direct] Found 0 jobs from Kata.ai
[Company-Direct] Found 0 jobs from Carousell
[Company-Direct] Found 2 jobs from Bookipi
[Company-Direct] Found 0 jobs from Shippit
RemoteOK: 0 jobs, 0 errors
Remotive: 0 jobs, 0 errors
Greenhouse: 737 jobs, 2 errors
JapanDev: 0 jobs, 0 errors
WeWorkRemotely: 0 jobs, 0 errors
TechInAsia: 12 jobs, 0 errors
Kalibrr: 3 jobs, 0 errors
Blibli: 23 jobs, 0 errors
BankNeo: 0 jobs, 0 errors
JSearch: 30 jobs, 0 errors

Total raw jobs collected: 805
After filtering: 137 jobs
After deduplication: 39 new jobs
Appended 39 jobs to Google Sheets

Errors (2):
  - ReCharge crawl failed: Greenhouse API responded with status 404 for ReCharge
  - Skillshare crawl failed: Lever API responded with status 404 for Skillshare

=== Job Crawler Complete ===

## 2026-07-02T13:40:58Z
=== Job Crawler Starting ===
Time: 2026-07-02T13:40:24.408Z
Existing jobs in sheet: 9656
[Remotive] Found 0 jobs
[Company-Direct] Found 6 jobs from GitLab
[WeWorkRemotely] Found 0 jobs
[Company-Direct] Found 6 jobs from Cloudflare
[Company-Direct] Found 1 jobs from Figma
[JapanDev] Found 0 jobs
[RemoteOK] Found 0 jobs
[Company-Direct] Found 2 jobs from Stripe
[Company-Direct] Found 0 jobs from Vercel
[BankNeo] Found 0 jobs (0 total)
[Company-Direct] Found 0 jobs from Speechify
[Company-Direct] Found 0 jobs from CircleCI
[Company-Direct] Found 0 jobs from Consensys
[Company-Direct] Found 0 jobs from Modern Health
[Company-Direct] Error crawling ReCharge: Greenhouse API responded with status 404 for ReCharge
[Kalibrr] Query "software engineer": found 50 jobs (total: 1082)
[Company-Direct] Found 3 jobs from Xendit
[Kalibrr] Query "backend engineer": found 50 jobs (total: 1082)
[Kalibrr] Query "fullstack developer": found 50 jobs (total: 1082)
[Kalibrr] Total: 4 jobs from 3 queries
[Company-Direct] Found 9 jobs from Agoda
[Company-Direct] Found 28 jobs from Twilio
[Company-Direct] Found 0 jobs from Remote
[Company-Direct] Found 0 jobs from Imply
[Company-Direct] Found 0 jobs from Netflix
[Company-Direct] Found 552 jobs from Jobgether
[Company-Direct] Found 0 jobs from Kraken
[Company-Direct] Found 0 jobs from Medium
[Company-Direct] Error crawling Skillshare: Lever API responded with status 404 for Skillshare
[Company-Direct] Found 0 jobs from Tiket
[Company-Direct] Found 1 jobs from Xsolla
[Company-Direct] Found 0 jobs from Notion
[Company-Direct] Found 0 jobs from Ramp
[Company-Direct] Found 0 jobs from Linear
[Company-Direct] Found 0 jobs from Deel
[Company-Direct] Found 0 jobs from Pave
[Company-Direct] Found 0 jobs from Bespoke Labs
[Company-Direct] Found 0 jobs from Snowflake
[Company-Direct] Found 0 jobs from Perplexity AI
[Company-Direct] Found 0 jobs from Lavendo
[Company-Direct] Found 0 jobs from Employment Hero
[JSearch] Query "software engineer": found 10 jobs
[Company-Direct] Found 21 jobs from Ajaib
[TechInAsia] Found 9 jobs (total available: 301)
[JSearch] Query "backend engineer": found 10 jobs
[Blibli] Found 23 jobs (23 engineering out of 155 total)
[Company-Direct] Found 23 jobs from Stockbit
[Company-Direct] Found 0 jobs from Traveloka
[Company-Direct] Found 0 jobs from Dana
[Company-Direct] Found 0 jobs from Halodoc
[Company-Direct] Found 0 jobs from Kredivo
[Company-Direct] Found 0 jobs from Mitrais
[Company-Direct] Found 0 jobs from TabSquare
[Company-Direct] Found 1 jobs from Grab
[JSearch] Query "fullstack developer": found 10 jobs
[JSearch] Total: 30 jobs from 3 queries
[Company-Direct] Found 9 jobs from Wise
[Company-Direct] Found 0 jobs from Kata.ai
[Company-Direct] Found 0 jobs from Carousell
[Company-Direct] Found 2 jobs from Bookipi
[Company-Direct] Found 0 jobs from Shippit
RemoteOK: 0 jobs, 0 errors
Remotive: 0 jobs, 0 errors
Greenhouse: 664 jobs, 2 errors
JapanDev: 0 jobs, 0 errors
WeWorkRemotely: 0 jobs, 0 errors
TechInAsia: 9 jobs, 0 errors
Kalibrr: 4 jobs, 0 errors
Blibli: 23 jobs, 0 errors
BankNeo: 0 jobs, 0 errors
JSearch: 30 jobs, 0 errors

Total raw jobs collected: 730
After filtering: 120 jobs
After deduplication: 41 new jobs
Appended 41 jobs to Google Sheets

Errors (2):
  - ReCharge crawl failed: Greenhouse API responded with status 404 for ReCharge
  - Skillshare crawl failed: Lever API responded with status 404 for Skillshare

=== Job Crawler Complete ===

## 2026-07-02T19:12:02Z
=== Job Crawler Starting ===
Time: 2026-07-02T19:11:05.586Z
Existing jobs in sheet: 9697
[Remotive] Found 0 jobs
[Company-Direct] Found 7 jobs from GitLab
[WeWorkRemotely] Found 0 jobs
[Company-Direct] Found 4 jobs from Cloudflare
[RemoteOK] Found 0 jobs
[Company-Direct] Found 2 jobs from Figma
[JapanDev] Found 0 jobs
[Company-Direct] Found 2 jobs from Stripe
[Company-Direct] Found 0 jobs from Vercel
[Company-Direct] Found 1 jobs from Speechify
[Company-Direct] Found 0 jobs from CircleCI
[Company-Direct] Found 0 jobs from Consensys
[Company-Direct] Found 0 jobs from Modern Health
[Company-Direct] Error crawling ReCharge: Greenhouse API responded with status 404 for ReCharge
[Company-Direct] Found 3 jobs from Xendit
[Kalibrr] Query "software engineer": found 50 jobs (total: 1073)
[Company-Direct] Found 3 jobs from Agoda
[BankNeo] Found 0 jobs (0 total)
[Company-Direct] Found 33 jobs from Twilio
[Company-Direct] Found 0 jobs from Remote
[Company-Direct] Found 0 jobs from Imply
[Kalibrr] Query "backend engineer": found 50 jobs (total: 1073)
[Company-Direct] Found 0 jobs from Netflix
[Kalibrr] Query "fullstack developer": found 50 jobs (total: 1073)
[Kalibrr] Total: 6 jobs from 3 queries
[JSearch] Query "software engineer": found 8 jobs
[JSearch] Query "backend engineer": found 10 jobs
[TechInAsia] Found 9 jobs (total available: 301)
[Company-Direct] Found 565 jobs from Jobgether
[Company-Direct] Found 0 jobs from Kraken
[Company-Direct] Found 0 jobs from Medium
[Company-Direct] Error crawling Skillshare: Lever API responded with status 404 for Skillshare
[Company-Direct] Found 0 jobs from Tiket
[Company-Direct] Found 0 jobs from Xsolla
[Company-Direct] Found 0 jobs from Notion
[Company-Direct] Found 0 jobs from Ramp
[Company-Direct] Found 0 jobs from Linear
[Company-Direct] Found 0 jobs from Deel
[Company-Direct] Found 0 jobs from Pave
[Company-Direct] Found 0 jobs from Bespoke Labs
[JSearch] Query "fullstack developer": found 9 jobs
[JSearch] Total: 27 jobs from 3 queries
[Company-Direct] Found 0 jobs from Snowflake
[Company-Direct] Found 0 jobs from Perplexity AI
[Company-Direct] Found 0 jobs from Lavendo
[Company-Direct] Found 0 jobs from Employment Hero
[Company-Direct] Found 21 jobs from Ajaib
[Blibli] Found 23 jobs (23 engineering out of 155 total)
[Company-Direct] Found 23 jobs from Stockbit
[Company-Direct] Found 0 jobs from Traveloka
[Company-Direct] Found 0 jobs from Dana
[Company-Direct] Found 0 jobs from Halodoc
[Company-Direct] Found 0 jobs from Kredivo
[Company-Direct] Found 0 jobs from Mitrais
[Company-Direct] Found 0 jobs from TabSquare
[Company-Direct] Found 1 jobs from Grab
[Company-Direct] Found 3 jobs from Wise
[Company-Direct] Found 0 jobs from Kata.ai
[Company-Direct] Found 0 jobs from Carousell
[Company-Direct] Found 2 jobs from Bookipi
[Company-Direct] Found 0 jobs from Shippit
RemoteOK: 0 jobs, 0 errors
Remotive: 0 jobs, 0 errors
Greenhouse: 670 jobs, 2 errors
JapanDev: 0 jobs, 0 errors
WeWorkRemotely: 0 jobs, 0 errors
TechInAsia: 9 jobs, 0 errors
Kalibrr: 6 jobs, 0 errors
Blibli: 23 jobs, 0 errors
BankNeo: 0 jobs, 0 errors
JSearch: 27 jobs, 0 errors

Total raw jobs collected: 735
After filtering: 113 jobs
After deduplication: 14 new jobs
Appended 14 jobs to Google Sheets

Errors (2):
  - ReCharge crawl failed: Greenhouse API responded with status 404 for ReCharge
  - Skillshare crawl failed: Lever API responded with status 404 for Skillshare

=== Job Crawler Complete ===
